<?xml version="1.0" encoding="UTF-8"?>
<!-- Generated by org.testng.reporters.JUnitReportReporter -->
<testsuite hostname="DELL-RnD" failures="0" tests="8" name="Com.Test.LoginTest" time="12.167" errors="2" timestamp="2023-03-16T18:52:21 IST" skipped="6">
  <testcase classname="Com.Test.LoginTest" name="launchTheBrowser" time="5.665">
    <error message="disconnected: received Inspector.detached event
  (failed to check if window was closed: disconnected: not connected to DevTools)
  (Session info: chrome=111.0.5563.65)
Build info: version: &#039;3.141.59&#039;, revision: &#039;e82be7d358&#039;, time: &#039;2018-11-14T08:17:03&#039;
System info: host: &#039;DELL-RND&#039;, ip: &#039;192.168.1.18&#039;, os.name: &#039;Windows 10&#039;, os.arch: &#039;amd64&#039;, os.version: &#039;10.0&#039;, java.version: &#039;17.0.3&#039;
Driver info: driver.version: ChromeDriver
remote stacktrace: Backtrace:
	(No symbol) [0x004ADCE3]
	(No symbol) [0x004439D1]
	(No symbol) [0x00354DA8]
	(No symbol) [0x00348F47]
	(No symbol) [0x00348ADB]
	(No symbol) [0x00347F65]
	(No symbol) [0x00347EFC]
	(No symbol) [0x00346BF6]
	(No symbol) [0x00347358]
	(No symbol) [0x00346375]
	(No symbol) [0x00350916]
	(No symbol) [0x003461B5]
	(No symbol) [0x00347C1A]
	(No symbol) [0x00346BF6]
	(No symbol) [0x00347358]
	(No symbol) [0x00346375]
	(No symbol) [0x0034E556]
	(No symbol) [0x003461B5]
	(No symbol) [0x00347C1A]
	(No symbol) [0x00346BF6]
	(No symbol) [0x00347358]
	(No symbol) [0x00346375]
	(No symbol) [0x0034C4CB]
	(No symbol) [0x003461B5]
	(No symbol) [0x00347C1A]
	(No symbol) [0x00346BF6]
	(No symbol) [0x00347358]
	(No symbol) [0x00346375]
	(No symbol) [0x00340B4F]
	(No symbol) [0x003461B5]
	(No symbol) [0x00345B6D]
	(No symbol) [0x0034584C]
	(No symbol) [0x00356143]
	(No symbol) [0x0033C883]
	(No symbol) [0x0033BF75]
	(No symbol) [0x003A177D]
	(No symbol) [0x003A129C]
	(No symbol) [0x0039ACC6]
	(No symbol) [0x00376F68]
	(No symbol) [0x003780CD]
	GetHandleVerifier [0x00723832+2506274]
	GetHandleVerifier [0x00759794+2727300]
	GetHandleVerifier [0x0075E36C+2746716]
	GetHandleVerifier [0x00556690+617600]
	(No symbol) [0x0044C712]
	(No symbol) [0x00451FF8]
	(No symbol) [0x004520DB]
	(No symbol) [0x0045C63B]
	BaseThreadInitThunk [0x768100F9+25]
	RtlGetAppContainerNamedObjectPath [0x77897BBE+286]
	RtlGetAppContainerNamedObjectPath [0x77897B8E+238]
" type="org.openqa.selenium.WebDriverException">
      <![CDATA[org.openqa.selenium.WebDriverException: disconnected: received Inspector.detached event
  (failed to check if window was closed: disconnected: not connected to DevTools)
  (Session info: chrome=111.0.5563.65)
Build info: version: '3.141.59', revision: 'e82be7d358', time: '2018-11-14T08:17:03'
System info: host: 'DELL-RND', ip: '192.168.1.18', os.name: 'Windows 10', os.arch: 'amd64', os.version: '10.0', java.version: '17.0.3'
Driver info: driver.version: ChromeDriver
remote stacktrace: Backtrace:
(No symbol) [0x004ADCE3]
(No symbol) [0x004439D1]
(No symbol) [0x00354DA8]
(No symbol) [0x00348F47]
(No symbol) [0x00348ADB]
(No symbol) [0x00347F65]
(No symbol) [0x00347EFC]
(No symbol) [0x00346BF6]
(No symbol) [0x00347358]
(No symbol) [0x00346375]
(No symbol) [0x00350916]
(No symbol) [0x003461B5]
(No symbol) [0x00347C1A]
(No symbol) [0x00346BF6]
(No symbol) [0x00347358]
(No symbol) [0x00346375]
(No symbol) [0x0034E556]
(No symbol) [0x003461B5]
(No symbol) [0x00347C1A]
(No symbol) [0x00346BF6]
(No symbol) [0x00347358]
(No symbol) [0x00346375]
(No symbol) [0x0034C4CB]
(No symbol) [0x003461B5]
(No symbol) [0x00347C1A]
(No symbol) [0x00346BF6]
(No symbol) [0x00347358]
(No symbol) [0x00346375]
(No symbol) [0x00340B4F]
(No symbol) [0x003461B5]
(No symbol) [0x00345B6D]
(No symbol) [0x0034584C]
(No symbol) [0x00356143]
(No symbol) [0x0033C883]
(No symbol) [0x0033BF75]
(No symbol) [0x003A177D]
(No symbol) [0x003A129C]
(No symbol) [0x0039ACC6]
(No symbol) [0x00376F68]
(No symbol) [0x003780CD]
GetHandleVerifier [0x00723832+2506274]
GetHandleVerifier [0x00759794+2727300]
GetHandleVerifier [0x0075E36C+2746716]
GetHandleVerifier [0x00556690+617600]
(No symbol) [0x0044C712]
(No symbol) [0x00451FF8]
(No symbol) [0x004520DB]
(No symbol) [0x0045C63B]
BaseThreadInitThunk [0x768100F9+25]
RtlGetAppContainerNamedObjectPath [0x77897BBE+286]
RtlGetAppContainerNamedObjectPath [0x77897B8E+238]

at java.base/jdk.internal.reflect.NativeConstructorAccessorImpl.newInstance0(Native Method)
at java.base/jdk.internal.reflect.NativeConstructorAccessorImpl.newInstance(NativeConstructorAccessorImpl.java:77)
at java.base/jdk.internal.reflect.DelegatingConstructorAccessorImpl.newInstance(DelegatingConstructorAccessorImpl.java:45)
at java.base/java.lang.reflect.Constructor.newInstanceWithCaller(Constructor.java:499)
at java.base/java.lang.reflect.Constructor.newInstance(Constructor.java:480)
at org.openqa.selenium.remote.W3CHandshakeResponse.lambda$errorHandler$0(W3CHandshakeResponse.java:62)
at org.openqa.selenium.remote.HandshakeResponse.lambda$getResponseFunction$0(HandshakeResponse.java:30)
at org.openqa.selenium.remote.ProtocolHandshake.lambda$createSession$0(ProtocolHandshake.java:126)
at java.base/java.util.stream.ReferencePipeline$3$1.accept(ReferencePipeline.java:197)
at java.base/java.util.Spliterators$ArraySpliterator.tryAdvance(Spliterators.java:1002)
at java.base/java.util.stream.ReferencePipeline.forEachWithCancel(ReferencePipeline.java:129)
at java.base/java.util.stream.AbstractPipeline.copyIntoWithCancel(AbstractPipeline.java:527)
at java.base/java.util.stream.AbstractPipeline.copyInto(AbstractPipeline.java:513)
at java.base/java.util.stream.AbstractPipeline.wrapAndCopyInto(AbstractPipeline.java:499)
at java.base/java.util.stream.FindOps$FindOp.evaluateSequential(FindOps.java:150)
at java.base/java.util.stream.AbstractPipeline.evaluate(AbstractPipeline.java:234)
at java.base/java.util.stream.ReferencePipeline.findFirst(ReferencePipeline.java:647)
at org.openqa.selenium.remote.ProtocolHandshake.createSession(ProtocolHandshake.java:128)
at org.openqa.selenium.remote.ProtocolHandshake.createSession(ProtocolHandshake.java:74)
at org.openqa.selenium.remote.HttpCommandExecutor.execute(HttpCommandExecutor.java:136)
at org.openqa.selenium.remote.service.DriverCommandExecutor.execute(DriverCommandExecutor.java:83)
at org.openqa.selenium.remote.RemoteWebDriver.execute(RemoteWebDriver.java:552)
at org.openqa.selenium.remote.RemoteWebDriver.startSession(RemoteWebDriver.java:213)
at org.openqa.selenium.remote.RemoteWebDriver.<init>(RemoteWebDriver.java:131)
at org.openqa.selenium.chrome.ChromeDriver.<init>(ChromeDriver.java:181)
at org.openqa.selenium.chrome.ChromeDriver.<init>(ChromeDriver.java:168)
at org.openqa.selenium.chrome.ChromeDriver.<init>(ChromeDriver.java:123)
at Base.com.Base.OpenChromeBrowser(Base.java:15)
at Com.Test.common.BaseTest.launchTheBrowser(BaseTest.java:20)
at java.base/jdk.internal.reflect.NativeMethodAccessorImpl.invoke0(Native Method)
at java.base/jdk.internal.reflect.NativeMethodAccessorImpl.invoke(NativeMethodAccessorImpl.java:77)
at java.base/jdk.internal.reflect.DelegatingMethodAccessorImpl.invoke(DelegatingMethodAccessorImpl.java:43)
at java.base/java.lang.reflect.Method.invoke(Method.java:568)
at org.testng.internal.MethodInvocationHelper.invokeMethod(MethodInvocationHelper.java:133)
at org.testng.internal.MethodInvocationHelper.invokeMethodConsideringTimeout(MethodInvocationHelper.java:62)
at org.testng.internal.ConfigInvoker.invokeConfigurationMethod(ConfigInvoker.java:385)
at org.testng.internal.ConfigInvoker.invokeConfigurations(ConfigInvoker.java:321)
at org.testng.internal.TestMethodWorker.invokeBeforeClassMethods(TestMethodWorker.java:176)
at org.testng.internal.TestMethodWorker.run(TestMethodWorker.java:122)
at java.base/java.util.ArrayList.forEach(ArrayList.java:1511)
at org.testng.TestRunner.privateRun(TestRunner.java:794)
at org.testng.TestRunner.run(TestRunner.java:596)
at org.testng.SuiteRunner.runTest(SuiteRunner.java:377)
at org.testng.SuiteRunner.access$000(SuiteRunner.java:28)
at org.testng.SuiteRunner$SuiteWorker.run(SuiteRunner.java:418)
at org.testng.internal.thread.ThreadUtil.lambda$execute$0(ThreadUtil.java:64)
at java.base/java.util.concurrent.FutureTask.run(FutureTask.java:264)
at java.base/java.util.concurrent.ThreadPoolExecutor.runWorker(ThreadPoolExecutor.java:1136)
at java.base/java.util.concurrent.ThreadPoolExecutor$Worker.run(ThreadPoolExecutor.java:635)
at java.base/java.lang.Thread.run(Thread.java:833)
]]>
    </error>
  </testcase> <!-- launchTheBrowser -->
  <system-out/>
  <testcase classname="Com.Test.LoginTest" name="launchTheBrowser" time="6.502">
    <error message="unknown error: Chrome failed to start: exited normally.
  (chrome not reachable)
  (The process started from chrome location C:\Program Files (x86)\Google\Chrome\Application\chrome.exe is no longer running, so ChromeDriver is assuming that Chrome has crashed.)
Build info: version: &#039;3.141.59&#039;, revision: &#039;e82be7d358&#039;, time: &#039;2018-11-14T08:17:03&#039;
System info: host: &#039;DELL-RND&#039;, ip: &#039;192.168.1.18&#039;, os.name: &#039;Windows 10&#039;, os.arch: &#039;amd64&#039;, os.version: &#039;10.0&#039;, java.version: &#039;17.0.3&#039;
Driver info: driver.version: ChromeDriver
remote stacktrace: Backtrace:
	(No symbol) [0x004ADCE3]
	(No symbol) [0x004439D1]
	(No symbol) [0x00354DA8]
	(No symbol) [0x003720BC]
	(No symbol) [0x0036ED19]
	(No symbol) [0x003A15AE]
	(No symbol) [0x003A129C]
	(No symbol) [0x0039ACC6]
	(No symbol) [0x00376F68]
	(No symbol) [0x003780CD]
	GetHandleVerifier [0x00723832+2506274]
	GetHandleVerifier [0x00759794+2727300]
	GetHandleVerifier [0x0075E36C+2746716]
	GetHandleVerifier [0x00556690+617600]
	(No symbol) [0x0044C712]
	(No symbol) [0x00451FF8]
	(No symbol) [0x004520DB]
	(No symbol) [0x0045C63B]
	BaseThreadInitThunk [0x768100F9+25]
	RtlGetAppContainerNamedObjectPath [0x77897BBE+286]
	RtlGetAppContainerNamedObjectPath [0x77897B8E+238]
" type="org.openqa.selenium.WebDriverException">
      <![CDATA[org.openqa.selenium.WebDriverException: unknown error: Chrome failed to start: exited normally.
  (chrome not reachable)
  (The process started from chrome location C:\Program Files (x86)\Google\Chrome\Application\chrome.exe is no longer running, so ChromeDriver is assuming that Chrome has crashed.)
Build info: version: '3.141.59', revision: 'e82be7d358', time: '2018-11-14T08:17:03'
System info: host: 'DELL-RND', ip: '192.168.1.18', os.name: 'Windows 10', os.arch: 'amd64', os.version: '10.0', java.version: '17.0.3'
Driver info: driver.version: ChromeDriver
remote stacktrace: Backtrace:
(No symbol) [0x004ADCE3]
(No symbol) [0x004439D1]
(No symbol) [0x00354DA8]
(No symbol) [0x003720BC]
(No symbol) [0x0036ED19]
(No symbol) [0x003A15AE]
(No symbol) [0x003A129C]
(No symbol) [0x0039ACC6]
(No symbol) [0x00376F68]
(No symbol) [0x003780CD]
GetHandleVerifier [0x00723832+2506274]
GetHandleVerifier [0x00759794+2727300]
GetHandleVerifier [0x0075E36C+2746716]
GetHandleVerifier [0x00556690+617600]
(No symbol) [0x0044C712]
(No symbol) [0x00451FF8]
(No symbol) [0x004520DB]
(No symbol) [0x0045C63B]
BaseThreadInitThunk [0x768100F9+25]
RtlGetAppContainerNamedObjectPath [0x77897BBE+286]
RtlGetAppContainerNamedObjectPath [0x77897B8E+238]

at java.base/jdk.internal.reflect.NativeConstructorAccessorImpl.newInstance0(Native Method)
at java.base/jdk.internal.reflect.NativeConstructorAccessorImpl.newInstance(NativeConstructorAccessorImpl.java:77)
at java.base/jdk.internal.reflect.DelegatingConstructorAccessorImpl.newInstance(DelegatingConstructorAccessorImpl.java:45)
at java.base/java.lang.reflect.Constructor.newInstanceWithCaller(Constructor.java:499)
at java.base/java.lang.reflect.Constructor.newInstance(Constructor.java:480)
at org.openqa.selenium.remote.W3CHandshakeResponse.lambda$errorHandler$0(W3CHandshakeResponse.java:62)
at org.openqa.selenium.remote.HandshakeResponse.lambda$getResponseFunction$0(HandshakeResponse.java:30)
at org.openqa.selenium.remote.ProtocolHandshake.lambda$createSession$0(ProtocolHandshake.java:126)
at java.base/java.util.stream.ReferencePipeline$3$1.accept(ReferencePipeline.java:197)
at java.base/java.util.Spliterators$ArraySpliterator.tryAdvance(Spliterators.java:1002)
at java.base/java.util.stream.ReferencePipeline.forEachWithCancel(ReferencePipeline.java:129)
at java.base/java.util.stream.AbstractPipeline.copyIntoWithCancel(AbstractPipeline.java:527)
at java.base/java.util.stream.AbstractPipeline.copyInto(AbstractPipeline.java:513)
at java.base/java.util.stream.AbstractPipeline.wrapAndCopyInto(AbstractPipeline.java:499)
at java.base/java.util.stream.FindOps$FindOp.evaluateSequential(FindOps.java:150)
at java.base/java.util.stream.AbstractPipeline.evaluate(AbstractPipeline.java:234)
at java.base/java.util.stream.ReferencePipeline.findFirst(ReferencePipeline.java:647)
at org.openqa.selenium.remote.ProtocolHandshake.createSession(ProtocolHandshake.java:128)
at org.openqa.selenium.remote.ProtocolHandshake.createSession(ProtocolHandshake.java:74)
at org.openqa.selenium.remote.HttpCommandExecutor.execute(HttpCommandExecutor.java:136)
at org.openqa.selenium.remote.service.DriverCommandExecutor.execute(DriverCommandExecutor.java:83)
at org.openqa.selenium.remote.RemoteWebDriver.execute(RemoteWebDriver.java:552)
at org.openqa.selenium.remote.RemoteWebDriver.startSession(RemoteWebDriver.java:213)
at org.openqa.selenium.remote.RemoteWebDriver.<init>(RemoteWebDriver.java:131)
at org.openqa.selenium.chrome.ChromeDriver.<init>(ChromeDriver.java:181)
at org.openqa.selenium.chrome.ChromeDriver.<init>(ChromeDriver.java:168)
at org.openqa.selenium.chrome.ChromeDriver.<init>(ChromeDriver.java:123)
at Base.com.Base.OpenChromeBrowser(Base.java:15)
at Com.Test.common.BaseTest.launchTheBrowser(BaseTest.java:20)
at java.base/jdk.internal.reflect.NativeMethodAccessorImpl.invoke0(Native Method)
at java.base/jdk.internal.reflect.NativeMethodAccessorImpl.invoke(NativeMethodAccessorImpl.java:77)
at java.base/jdk.internal.reflect.DelegatingMethodAccessorImpl.invoke(DelegatingMethodAccessorImpl.java:43)
at java.base/java.lang.reflect.Method.invoke(Method.java:568)
at org.testng.internal.MethodInvocationHelper.invokeMethod(MethodInvocationHelper.java:133)
at org.testng.internal.MethodInvocationHelper.invokeMethodConsideringTimeout(MethodInvocationHelper.java:62)
at org.testng.internal.ConfigInvoker.invokeConfigurationMethod(ConfigInvoker.java:385)
at org.testng.internal.ConfigInvoker.invokeConfigurations(ConfigInvoker.java:321)
at org.testng.internal.TestMethodWorker.invokeBeforeClassMethods(TestMethodWorker.java:176)
at org.testng.internal.TestMethodWorker.run(TestMethodWorker.java:122)
at java.base/java.util.ArrayList.forEach(ArrayList.java:1511)
at org.testng.TestRunner.privateRun(TestRunner.java:794)
at org.testng.TestRunner.run(TestRunner.java:596)
at org.testng.SuiteRunner.runTest(SuiteRunner.java:377)
at org.testng.SuiteRunner.access$000(SuiteRunner.java:28)
at org.testng.SuiteRunner$SuiteWorker.run(SuiteRunner.java:418)
at org.testng.internal.thread.ThreadUtil.lambda$execute$0(ThreadUtil.java:64)
at java.base/java.util.concurrent.FutureTask.run(FutureTask.java:264)
at java.base/java.util.concurrent.ThreadPoolExecutor.runWorker(ThreadPoolExecutor.java:1136)
at java.base/java.util.concurrent.ThreadPoolExecutor$Worker.run(ThreadPoolExecutor.java:635)
at java.base/java.lang.Thread.run(Thread.java:833)
]]>
    </error>
  </testcase> <!-- launchTheBrowser -->
  <system-out/>
  <testcase classname="Com.Test.LoginTest" name="currentURL" time="0.000">
    <skipped/>
  </testcase> <!-- currentURL -->
  <system-out/>
  <testcase classname="Com.Test.LoginTest" name="currentURL" time="0.000">
    <skipped/>
  </testcase> <!-- currentURL -->
  <system-out/>
  <testcase classname="Com.Test.LoginTest" name="titleTest" time="0.000">
    <skipped/>
  </testcase> <!-- titleTest -->
  <system-out/>
  <testcase classname="Com.Test.LoginTest" name="titleTest" time="0.000">
    <skipped/>
  </testcase> <!-- titleTest -->
  <system-out/>
  <testcase classname="Com.Test.LoginTest" name="VerifyLogInPage" time="0.000">
    <skipped/>
  </testcase> <!-- VerifyLogInPage -->
  <system-out/>
  <testcase classname="Com.Test.LoginTest" name="VerifyLogInPage" time="0.000">
    <skipped/>
  </testcase> <!-- VerifyLogInPage -->
  <system-out/>
</testsuite> <!-- Com.Test.LoginTest -->
