<?xml version="1.0" encoding="UTF-8"?>
<!-- Generated by org.testng.reporters.JUnitXMLReporter -->
<testsuite ignored="0" hostname="DELL-RnD" failures="1" tests="46" name="Test1" time="242.082" errors="0" timestamp="2023-03-16T18:52:19 IST">
  <testcase classname="Com.Test.HomeTest" name="@BeforeMethod hitTheURL" time="0.068">
    <failure type="org.openqa.selenium.NoSuchWindowException" message="no such window: target window already closed
from unknown error: web view not found
  (Session info: chrome=111.0.5563.65)
Build info: version: &amp;apos;3.141.59&amp;apos;, revision: &amp;apos;e82be7d358&amp;apos;, time: &amp;apos;2018-11-14T08:17:03&amp;apos;
System info: host: &amp;apos;DELL-RND&amp;apos;, ip: &amp;apos;192.168.1.18&amp;apos;, os.name: &amp;apos;Windows 10&amp;apos;, os.arch: &amp;apos;amd64&amp;apos;, os.version: &amp;apos;10.0&amp;apos;, java.version: &amp;apos;17.0.3&amp;apos;
Driver info: org.openqa.selenium.chrome.ChromeDriver
Capabilities {acceptInsecureCerts: false, browserName: chrome, browserVersion: 111.0.5563.65, chrome: {chromedriverVersion: 111.0.5563.64 (c710e93d5b63..., userDataDir: C:\Users\RnD\AppData\Local\...}, goog:chromeOptions: {debuggerAddress: localhost:55739}, javascriptEnabled: true, networkConnectionEnabled: false, pageLoadStrategy: normal, platform: WINDOWS, platformName: WINDOWS, proxy: Proxy(), setWindowRect: true, strictFileInteractability: false, timeouts: {implicit: 0, pageLoad: 300000, script: 30000}, unhandledPromptBehavior: dismiss and notify, webauthn:extension:credBlob: true, webauthn:extension:largeBlob: true, webauthn:extension:minPinLength: true, webauthn:extension:prf: true, webauthn:virtualAuthenticators: true}
Session ID: 1ad6388195f2e66459f6b02e9a42e97c">
      <![CDATA[org.openqa.selenium.NoSuchWindowException: no such window: target window already closed
from unknown error: web view not found
  (Session info: chrome=111.0.5563.65)
Build info: version: '3.141.59', revision: 'e82be7d358', time: '2018-11-14T08:17:03'
System info: host: 'DELL-RND', ip: '192.168.1.18', os.name: 'Windows 10', os.arch: 'amd64', os.version: '10.0', java.version: '17.0.3'
Driver info: org.openqa.selenium.chrome.ChromeDriver
Capabilities {acceptInsecureCerts: false, browserName: chrome, browserVersion: 111.0.5563.65, chrome: {chromedriverVersion: 111.0.5563.64 (c710e93d5b63..., userDataDir: C:\Users\RnD\AppData\Local\...}, goog:chromeOptions: {debuggerAddress: localhost:55739}, javascriptEnabled: true, networkConnectionEnabled: false, pageLoadStrategy: normal, platform: WINDOWS, platformName: WINDOWS, proxy: Proxy(), setWindowRect: true, strictFileInteractability: false, timeouts: {implicit: 0, pageLoad: 300000, script: 30000}, unhandledPromptBehavior: dismiss and notify, webauthn:extension:credBlob: true, webauthn:extension:largeBlob: true, webauthn:extension:minPinLength: true, webauthn:extension:prf: true, webauthn:virtualAuthenticators: true}
Session ID: 1ad6388195f2e66459f6b02e9a42e97c
at org.openqa.selenium.remote.http.W3CHttpResponseCodec.createException(W3CHttpResponseCodec.java:187)
at org.openqa.selenium.remote.http.W3CHttpResponseCodec.decode(W3CHttpResponseCodec.java:122)
at org.openqa.selenium.remote.http.W3CHttpResponseCodec.decode(W3CHttpResponseCodec.java:49)
at org.openqa.selenium.remote.HttpCommandExecutor.execute(HttpCommandExecutor.java:158)
at org.openqa.selenium.remote.service.DriverCommandExecutor.execute(DriverCommandExecutor.java:83)
at org.openqa.selenium.remote.RemoteWebDriver.execute(RemoteWebDriver.java:552)
at org.openqa.selenium.remote.RemoteWebDriver.get(RemoteWebDriver.java:277)
at Com.Test.common.FooterTest.hitTheURL(FooterTest.java:17)
at Com.Test.HomeTest.hitTheURL(HomeTest.java:16)
at java.base/java.util.ArrayList.forEach(ArrayList.java:1511)
at java.base/java.util.concurrent.FutureTask.run(FutureTask.java:264)
at java.base/java.util.concurrent.ThreadPoolExecutor.runWorker(ThreadPoolExecutor.java:1136)
at java.base/java.util.concurrent.ThreadPoolExecutor$Worker.run(ThreadPoolExecutor.java:635)
at java.base/java.lang.Thread.run(Thread.java:833)
... Removed 27 stack frames]]>
    </failure>
  </testcase> <!-- @BeforeMethod hitTheURL -->
  <testcase classname="Com.Test.HomeTest" name="@BeforeMethod hitTheURL" time="0.102">
    <failure type="org.openqa.selenium.NoSuchWindowException" message="no such window: target window already closed
from unknown error: web view not found
  (Session info: chrome=111.0.5563.65)
Build info: version: &amp;apos;3.141.59&amp;apos;, revision: &amp;apos;e82be7d358&amp;apos;, time: &amp;apos;2018-11-14T08:17:03&amp;apos;
System info: host: &amp;apos;DELL-RND&amp;apos;, ip: &amp;apos;192.168.1.18&amp;apos;, os.name: &amp;apos;Windows 10&amp;apos;, os.arch: &amp;apos;amd64&amp;apos;, os.version: &amp;apos;10.0&amp;apos;, java.version: &amp;apos;17.0.3&amp;apos;
Driver info: org.openqa.selenium.chrome.ChromeDriver
Capabilities {acceptInsecureCerts: false, browserName: chrome, browserVersion: 111.0.5563.65, chrome: {chromedriverVersion: 111.0.5563.64 (c710e93d5b63..., userDataDir: C:\Users\RnD\AppData\Local\...}, goog:chromeOptions: {debuggerAddress: localhost:55747}, javascriptEnabled: true, networkConnectionEnabled: false, pageLoadStrategy: normal, platform: WINDOWS, platformName: WINDOWS, proxy: Proxy(), setWindowRect: true, strictFileInteractability: false, timeouts: {implicit: 0, pageLoad: 300000, script: 30000}, unhandledPromptBehavior: dismiss and notify, webauthn:extension:credBlob: true, webauthn:extension:largeBlob: true, webauthn:extension:minPinLength: true, webauthn:extension:prf: true, webauthn:virtualAuthenticators: true}
Session ID: 52660e4008afd5950d21b4bf47a35fff">
      <![CDATA[org.openqa.selenium.NoSuchWindowException: no such window: target window already closed
from unknown error: web view not found
  (Session info: chrome=111.0.5563.65)
Build info: version: '3.141.59', revision: 'e82be7d358', time: '2018-11-14T08:17:03'
System info: host: 'DELL-RND', ip: '192.168.1.18', os.name: 'Windows 10', os.arch: 'amd64', os.version: '10.0', java.version: '17.0.3'
Driver info: org.openqa.selenium.chrome.ChromeDriver
Capabilities {acceptInsecureCerts: false, browserName: chrome, browserVersion: 111.0.5563.65, chrome: {chromedriverVersion: 111.0.5563.64 (c710e93d5b63..., userDataDir: C:\Users\RnD\AppData\Local\...}, goog:chromeOptions: {debuggerAddress: localhost:55747}, javascriptEnabled: true, networkConnectionEnabled: false, pageLoadStrategy: normal, platform: WINDOWS, platformName: WINDOWS, proxy: Proxy(), setWindowRect: true, strictFileInteractability: false, timeouts: {implicit: 0, pageLoad: 300000, script: 30000}, unhandledPromptBehavior: dismiss and notify, webauthn:extension:credBlob: true, webauthn:extension:largeBlob: true, webauthn:extension:minPinLength: true, webauthn:extension:prf: true, webauthn:virtualAuthenticators: true}
Session ID: 52660e4008afd5950d21b4bf47a35fff
at org.openqa.selenium.remote.http.W3CHttpResponseCodec.createException(W3CHttpResponseCodec.java:187)
at org.openqa.selenium.remote.http.W3CHttpResponseCodec.decode(W3CHttpResponseCodec.java:122)
at org.openqa.selenium.remote.http.W3CHttpResponseCodec.decode(W3CHttpResponseCodec.java:49)
at org.openqa.selenium.remote.HttpCommandExecutor.execute(HttpCommandExecutor.java:158)
at org.openqa.selenium.remote.service.DriverCommandExecutor.execute(DriverCommandExecutor.java:83)
at org.openqa.selenium.remote.RemoteWebDriver.execute(RemoteWebDriver.java:552)
at org.openqa.selenium.remote.RemoteWebDriver.get(RemoteWebDriver.java:277)
at Com.Test.common.FooterTest.hitTheURL(FooterTest.java:17)
at Com.Test.HomeTest.hitTheURL(HomeTest.java:16)
at java.base/java.util.ArrayList.forEach(ArrayList.java:1511)
at java.base/java.util.concurrent.FutureTask.run(FutureTask.java:264)
at java.base/java.util.concurrent.ThreadPoolExecutor.runWorker(ThreadPoolExecutor.java:1136)
at java.base/java.util.concurrent.ThreadPoolExecutor$Worker.run(ThreadPoolExecutor.java:635)
at java.base/java.lang.Thread.run(Thread.java:833)
... Removed 27 stack frames]]>
    </failure>
  </testcase> <!-- @BeforeMethod hitTheURL -->
  <testcase classname="Com.Test.GalaryTest" name="@BeforeMethod hitTheURL" time="0.009">
    <failure type="org.openqa.selenium.NoSuchWindowException" message="no such window: target window already closed
from unknown error: web view not found
  (Session info: chrome=111.0.5563.65)
Build info: version: &amp;apos;3.141.59&amp;apos;, revision: &amp;apos;e82be7d358&amp;apos;, time: &amp;apos;2018-11-14T08:17:03&amp;apos;
System info: host: &amp;apos;DELL-RND&amp;apos;, ip: &amp;apos;192.168.1.18&amp;apos;, os.name: &amp;apos;Windows 10&amp;apos;, os.arch: &amp;apos;amd64&amp;apos;, os.version: &amp;apos;10.0&amp;apos;, java.version: &amp;apos;17.0.3&amp;apos;
Driver info: org.openqa.selenium.chrome.ChromeDriver
Capabilities {acceptInsecureCerts: false, browserName: chrome, browserVersion: 111.0.5563.65, chrome: {chromedriverVersion: 111.0.5563.64 (c710e93d5b63..., userDataDir: C:\Users\RnD\AppData\Local\...}, goog:chromeOptions: {debuggerAddress: localhost:56344}, javascriptEnabled: true, networkConnectionEnabled: false, pageLoadStrategy: normal, platform: WINDOWS, platformName: WINDOWS, proxy: Proxy(), setWindowRect: true, strictFileInteractability: false, timeouts: {implicit: 0, pageLoad: 300000, script: 30000}, unhandledPromptBehavior: dismiss and notify, webauthn:extension:credBlob: true, webauthn:extension:largeBlob: true, webauthn:extension:minPinLength: true, webauthn:extension:prf: true, webauthn:virtualAuthenticators: true}
Session ID: 2ec5cf8fee5a1a2b86b1e1740a30512e">
      <![CDATA[org.openqa.selenium.NoSuchWindowException: no such window: target window already closed
from unknown error: web view not found
  (Session info: chrome=111.0.5563.65)
Build info: version: '3.141.59', revision: 'e82be7d358', time: '2018-11-14T08:17:03'
System info: host: 'DELL-RND', ip: '192.168.1.18', os.name: 'Windows 10', os.arch: 'amd64', os.version: '10.0', java.version: '17.0.3'
Driver info: org.openqa.selenium.chrome.ChromeDriver
Capabilities {acceptInsecureCerts: false, browserName: chrome, browserVersion: 111.0.5563.65, chrome: {chromedriverVersion: 111.0.5563.64 (c710e93d5b63..., userDataDir: C:\Users\RnD\AppData\Local\...}, goog:chromeOptions: {debuggerAddress: localhost:56344}, javascriptEnabled: true, networkConnectionEnabled: false, pageLoadStrategy: normal, platform: WINDOWS, platformName: WINDOWS, proxy: Proxy(), setWindowRect: true, strictFileInteractability: false, timeouts: {implicit: 0, pageLoad: 300000, script: 30000}, unhandledPromptBehavior: dismiss and notify, webauthn:extension:credBlob: true, webauthn:extension:largeBlob: true, webauthn:extension:minPinLength: true, webauthn:extension:prf: true, webauthn:virtualAuthenticators: true}
Session ID: 2ec5cf8fee5a1a2b86b1e1740a30512e
at org.openqa.selenium.remote.http.W3CHttpResponseCodec.createException(W3CHttpResponseCodec.java:187)
at org.openqa.selenium.remote.http.W3CHttpResponseCodec.decode(W3CHttpResponseCodec.java:122)
at org.openqa.selenium.remote.http.W3CHttpResponseCodec.decode(W3CHttpResponseCodec.java:49)
at org.openqa.selenium.remote.HttpCommandExecutor.execute(HttpCommandExecutor.java:158)
at org.openqa.selenium.remote.service.DriverCommandExecutor.execute(DriverCommandExecutor.java:83)
at org.openqa.selenium.remote.RemoteWebDriver.execute(RemoteWebDriver.java:552)
at org.openqa.selenium.remote.RemoteWebDriver.get(RemoteWebDriver.java:277)
at Com.Test.common.FooterTest.hitTheURL(FooterTest.java:17)
at Com.Test.GalaryTest.hitTheURL(GalaryTest.java:22)
at java.base/java.util.ArrayList.forEach(ArrayList.java:1511)
at java.base/java.util.concurrent.FutureTask.run(FutureTask.java:264)
at java.base/java.util.concurrent.ThreadPoolExecutor.runWorker(ThreadPoolExecutor.java:1136)
at java.base/java.util.concurrent.ThreadPoolExecutor$Worker.run(ThreadPoolExecutor.java:635)
at java.base/java.lang.Thread.run(Thread.java:833)
... Removed 27 stack frames]]>
    </failure>
  </testcase> <!-- @BeforeMethod hitTheURL -->
  <testcase classname="Com.Test.GalaryTest" name="@AfterMethod ss" time="-1.678972924083E9">
    <skipped/>
  </testcase> <!-- @AfterMethod ss -->
  <testcase classname="Com.Test.GalaryTest" name="@BeforeMethod hitTheURL" time="5.139">
    <failure type="org.openqa.selenium.NoSuchWindowException" message="no such window: target window already closed
from unknown error: web view not found
  (Session info: chrome=111.0.5563.65)
Build info: version: &amp;apos;3.141.59&amp;apos;, revision: &amp;apos;e82be7d358&amp;apos;, time: &amp;apos;2018-11-14T08:17:03&amp;apos;
System info: host: &amp;apos;DELL-RND&amp;apos;, ip: &amp;apos;192.168.1.18&amp;apos;, os.name: &amp;apos;Windows 10&amp;apos;, os.arch: &amp;apos;amd64&amp;apos;, os.version: &amp;apos;10.0&amp;apos;, java.version: &amp;apos;17.0.3&amp;apos;
Driver info: org.openqa.selenium.chrome.ChromeDriver
Capabilities {acceptInsecureCerts: false, browserName: chrome, browserVersion: 111.0.5563.65, chrome: {chromedriverVersion: 111.0.5563.64 (c710e93d5b63..., userDataDir: C:\Users\RnD\AppData\Local\...}, goog:chromeOptions: {debuggerAddress: localhost:56352}, javascriptEnabled: true, networkConnectionEnabled: false, pageLoadStrategy: normal, platform: WINDOWS, platformName: WINDOWS, proxy: Proxy(), setWindowRect: true, strictFileInteractability: false, timeouts: {implicit: 0, pageLoad: 300000, script: 30000}, unhandledPromptBehavior: dismiss and notify, webauthn:extension:credBlob: true, webauthn:extension:largeBlob: true, webauthn:extension:minPinLength: true, webauthn:extension:prf: true, webauthn:virtualAuthenticators: true}
Session ID: d9b38903e8471fec17ad50aec373cbc7">
      <![CDATA[org.openqa.selenium.NoSuchWindowException: no such window: target window already closed
from unknown error: web view not found
  (Session info: chrome=111.0.5563.65)
Build info: version: '3.141.59', revision: 'e82be7d358', time: '2018-11-14T08:17:03'
System info: host: 'DELL-RND', ip: '192.168.1.18', os.name: 'Windows 10', os.arch: 'amd64', os.version: '10.0', java.version: '17.0.3'
Driver info: org.openqa.selenium.chrome.ChromeDriver
Capabilities {acceptInsecureCerts: false, browserName: chrome, browserVersion: 111.0.5563.65, chrome: {chromedriverVersion: 111.0.5563.64 (c710e93d5b63..., userDataDir: C:\Users\RnD\AppData\Local\...}, goog:chromeOptions: {debuggerAddress: localhost:56352}, javascriptEnabled: true, networkConnectionEnabled: false, pageLoadStrategy: normal, platform: WINDOWS, platformName: WINDOWS, proxy: Proxy(), setWindowRect: true, strictFileInteractability: false, timeouts: {implicit: 0, pageLoad: 300000, script: 30000}, unhandledPromptBehavior: dismiss and notify, webauthn:extension:credBlob: true, webauthn:extension:largeBlob: true, webauthn:extension:minPinLength: true, webauthn:extension:prf: true, webauthn:virtualAuthenticators: true}
Session ID: d9b38903e8471fec17ad50aec373cbc7
at org.openqa.selenium.remote.http.W3CHttpResponseCodec.createException(W3CHttpResponseCodec.java:187)
at org.openqa.selenium.remote.http.W3CHttpResponseCodec.decode(W3CHttpResponseCodec.java:122)
at org.openqa.selenium.remote.http.W3CHttpResponseCodec.decode(W3CHttpResponseCodec.java:49)
at org.openqa.selenium.remote.HttpCommandExecutor.execute(HttpCommandExecutor.java:158)
at org.openqa.selenium.remote.service.DriverCommandExecutor.execute(DriverCommandExecutor.java:83)
at org.openqa.selenium.remote.RemoteWebDriver.execute(RemoteWebDriver.java:552)
at org.openqa.selenium.remote.RemoteWebElement.execute(RemoteWebElement.java:285)
at org.openqa.selenium.remote.RemoteWebElement.click(RemoteWebElement.java:84)
at org.openqa.selenium.support.pagefactory.internal.LocatingElementHandler.invoke(LocatingElementHandler.java:51)
at jdk.proxy2/jdk.proxy2.$Proxy14.click(Unknown Source)
at Com.Pom.Gallery.clickOnGALLERY(Gallery.java:29)
at Com.Test.GalaryTest.hitTheURL(GalaryTest.java:24)
at java.base/java.util.ArrayList.forEach(ArrayList.java:1511)
at java.base/java.util.concurrent.FutureTask.run(FutureTask.java:264)
at java.base/java.util.concurrent.ThreadPoolExecutor.runWorker(ThreadPoolExecutor.java:1136)
at java.base/java.util.concurrent.ThreadPoolExecutor$Worker.run(ThreadPoolExecutor.java:635)
at java.base/java.lang.Thread.run(Thread.java:833)
... Removed 30 stack frames]]>
    </failure>
  </testcase> <!-- @BeforeMethod hitTheURL -->
  <testcase classname="Com.Test.GalaryTest" name="@AfterMethod ss" time="-1.678972928107E9">
    <skipped/>
  </testcase> <!-- @AfterMethod ss -->
  <testcase classname="Com.Test.common.BaseTest" name="@BeforeClass launchTheBrowser" time="4.568">
    <failure type="org.openqa.selenium.WebDriverException" message="disconnected: received Inspector.detached event
  (failed to check if window was closed: disconnected: not connected to DevTools)
  (Session info: chrome=111.0.5563.65)
Build info: version: &amp;apos;3.141.59&amp;apos;, revision: &amp;apos;e82be7d358&amp;apos;, time: &amp;apos;2018-11-14T08:17:03&amp;apos;
System info: host: &amp;apos;DELL-RND&amp;apos;, ip: &amp;apos;192.168.1.18&amp;apos;, os.name: &amp;apos;Windows 10&amp;apos;, os.arch: &amp;apos;amd64&amp;apos;, os.version: &amp;apos;10.0&amp;apos;, java.version: &amp;apos;17.0.3&amp;apos;
Driver info: driver.version: ChromeDriver
remote stacktrace: Backtrace:
	(No symbol) [0x004ADCE3]
	(No symbol) [0x004439D1]
	(No symbol) [0x00354DA8]
	(No symbol) [0x00348F47]
	(No symbol) [0x00348ADB]
	(No symbol) [0x00347F65]
	(No symbol) [0x00347EFC]
	(No symbol) [0x00346BF6]
	(No symbol) [0x00347358]
	(No symbol) [0x00346375]
	(No symbol) [0x00350916]
	(No symbol) [0x003461B5]
	(No symbol) [0x00347C1A]
	(No symbol) [0x00346BF6]
	(No symbol) [0x00347358]
	(No symbol) [0x00346375]
	(No symbol) [0x0034E556]
	(No symbol) [0x003461B5]
	(No symbol) [0x00347C1A]
	(No symbol) [0x00346BF6]
	(No symbol) [0x00347358]
	(No symbol) [0x00346375]
	(No symbol) [0x0034C4CB]
	(No symbol) [0x003461B5]
	(No symbol) [0x00347C1A]
	(No symbol) [0x00346BF6]
	(No symbol) [0x00347358]
	(No symbol) [0x00346375]
	(No symbol) [0x00340B4F]
	(No symbol) [0x003461B5]
	(No symbol) [0x00345B6D]
	(No symbol) [0x0034584C]
	(No symbol) [0x00356143]
	(No symbol) [0x0033C883]
	(No symbol) [0x0033BF75]
	(No symbol) [0x003A177D]
	(No symbol) [0x003A129C]
	(No symbol) [0x0039ACC6]
	(No symbol) [0x00376F68]
	(No symbol) [0x003780CD]
	GetHandleVerifier [0x00723832+2506274]
	GetHandleVerifier [0x00759794+2727300]
	GetHandleVerifier [0x0075E36C+2746716]
	GetHandleVerifier [0x00556690+617600]
	(No symbol) [0x0044C712]
	(No symbol) [0x00451FF8]
	(No symbol) [0x004520DB]
	(No symbol) [0x0045C63B]
	BaseThreadInitThunk [0x768100F9+25]
	RtlGetAppContainerNamedObjectPath [0x77897BBE+286]
	RtlGetAppContainerNamedObjectPath [0x77897B8E+238]
">
      <![CDATA[org.openqa.selenium.WebDriverException: disconnected: received Inspector.detached event
  (failed to check if window was closed: disconnected: not connected to DevTools)
  (Session info: chrome=111.0.5563.65)
Build info: version: '3.141.59', revision: 'e82be7d358', time: '2018-11-14T08:17:03'
System info: host: 'DELL-RND', ip: '192.168.1.18', os.name: 'Windows 10', os.arch: 'amd64', os.version: '10.0', java.version: '17.0.3'
Driver info: driver.version: ChromeDriver
remote stacktrace: Backtrace:
(No symbol) [0x004ADCE3]
(No symbol) [0x004439D1]
(No symbol) [0x00354DA8]
(No symbol) [0x00348F47]
(No symbol) [0x00348ADB]
(No symbol) [0x00347F65]
(No symbol) [0x00347EFC]
(No symbol) [0x00346BF6]
(No symbol) [0x00347358]
(No symbol) [0x00346375]
(No symbol) [0x00350916]
(No symbol) [0x003461B5]
(No symbol) [0x00347C1A]
(No symbol) [0x00346BF6]
(No symbol) [0x00347358]
(No symbol) [0x00346375]
(No symbol) [0x0034E556]
(No symbol) [0x003461B5]
(No symbol) [0x00347C1A]
(No symbol) [0x00346BF6]
(No symbol) [0x00347358]
(No symbol) [0x00346375]
(No symbol) [0x0034C4CB]
(No symbol) [0x003461B5]
(No symbol) [0x00347C1A]
(No symbol) [0x00346BF6]
(No symbol) [0x00347358]
(No symbol) [0x00346375]
(No symbol) [0x00340B4F]
(No symbol) [0x003461B5]
(No symbol) [0x00345B6D]
(No symbol) [0x0034584C]
(No symbol) [0x00356143]
(No symbol) [0x0033C883]
(No symbol) [0x0033BF75]
(No symbol) [0x003A177D]
(No symbol) [0x003A129C]
(No symbol) [0x0039ACC6]
(No symbol) [0x00376F68]
(No symbol) [0x003780CD]
GetHandleVerifier [0x00723832+2506274]
GetHandleVerifier [0x00759794+2727300]
GetHandleVerifier [0x0075E36C+2746716]
GetHandleVerifier [0x00556690+617600]
(No symbol) [0x0044C712]
(No symbol) [0x00451FF8]
(No symbol) [0x004520DB]
(No symbol) [0x0045C63B]
BaseThreadInitThunk [0x768100F9+25]
RtlGetAppContainerNamedObjectPath [0x77897BBE+286]
RtlGetAppContainerNamedObjectPath [0x77897B8E+238]

at org.openqa.selenium.remote.W3CHandshakeResponse.lambda$errorHandler$0(W3CHandshakeResponse.java:62)
at org.openqa.selenium.remote.HandshakeResponse.lambda$getResponseFunction$0(HandshakeResponse.java:30)
at org.openqa.selenium.remote.ProtocolHandshake.lambda$createSession$0(ProtocolHandshake.java:126)
at java.base/java.util.stream.ReferencePipeline$3$1.accept(ReferencePipeline.java:197)
at java.base/java.util.Spliterators$ArraySpliterator.tryAdvance(Spliterators.java:1002)
at java.base/java.util.stream.ReferencePipeline.forEachWithCancel(ReferencePipeline.java:129)
at java.base/java.util.stream.AbstractPipeline.copyIntoWithCancel(AbstractPipeline.java:527)
at java.base/java.util.stream.AbstractPipeline.copyInto(AbstractPipeline.java:513)
at java.base/java.util.stream.AbstractPipeline.wrapAndCopyInto(AbstractPipeline.java:499)
at java.base/java.util.stream.FindOps$FindOp.evaluateSequential(FindOps.java:150)
at java.base/java.util.stream.AbstractPipeline.evaluate(AbstractPipeline.java:234)
at java.base/java.util.stream.ReferencePipeline.findFirst(ReferencePipeline.java:647)
at org.openqa.selenium.remote.ProtocolHandshake.createSession(ProtocolHandshake.java:128)
at org.openqa.selenium.remote.ProtocolHandshake.createSession(ProtocolHandshake.java:74)
at org.openqa.selenium.remote.HttpCommandExecutor.execute(HttpCommandExecutor.java:136)
at org.openqa.selenium.remote.service.DriverCommandExecutor.execute(DriverCommandExecutor.java:83)
at org.openqa.selenium.remote.RemoteWebDriver.execute(RemoteWebDriver.java:552)
at org.openqa.selenium.remote.RemoteWebDriver.startSession(RemoteWebDriver.java:213)
at org.openqa.selenium.remote.RemoteWebDriver.<init>(RemoteWebDriver.java:131)
at org.openqa.selenium.chrome.ChromeDriver.<init>(ChromeDriver.java:181)
at org.openqa.selenium.chrome.ChromeDriver.<init>(ChromeDriver.java:168)
at org.openqa.selenium.chrome.ChromeDriver.<init>(ChromeDriver.java:123)
at Base.com.Base.OpenChromeBrowser(Base.java:15)
at Com.Test.common.BaseTest.launchTheBrowser(BaseTest.java:20)
at java.base/java.util.ArrayList.forEach(ArrayList.java:1511)
at java.base/java.util.concurrent.FutureTask.run(FutureTask.java:264)
at java.base/java.util.concurrent.ThreadPoolExecutor.runWorker(ThreadPoolExecutor.java:1136)
at java.base/java.util.concurrent.ThreadPoolExecutor$Worker.run(ThreadPoolExecutor.java:635)
at java.base/java.lang.Thread.run(Thread.java:833)
... Removed 21 stack frames]]>
    </failure>
  </testcase> <!-- @BeforeClass launchTheBrowser -->
  <testcase classname="Com.Test.DonateTest" name="@BeforeMethod hitTheURL" time="-1.678972932684E9">
    <skipped/>
  </testcase> <!-- @BeforeMethod hitTheURL -->
  <testcase classname="Com.Test.DonateTest" name="@AfterMethod ss" time="-1.678972932691E9">
    <skipped/>
  </testcase> <!-- @AfterMethod ss -->
  <testcase classname="Com.Test.ContactUsTest" name="@BeforeMethod hitTheURL" time="0.012">
    <failure type="org.openqa.selenium.NoSuchWindowException" message="no such window: target window already closed
from unknown error: web view not found
  (Session info: chrome=111.0.5563.65)
Build info: version: &amp;apos;3.141.59&amp;apos;, revision: &amp;apos;e82be7d358&amp;apos;, time: &amp;apos;2018-11-14T08:17:03&amp;apos;
System info: host: &amp;apos;DELL-RND&amp;apos;, ip: &amp;apos;192.168.1.18&amp;apos;, os.name: &amp;apos;Windows 10&amp;apos;, os.arch: &amp;apos;amd64&amp;apos;, os.version: &amp;apos;10.0&amp;apos;, java.version: &amp;apos;17.0.3&amp;apos;
Driver info: org.openqa.selenium.chrome.ChromeDriver
Capabilities {acceptInsecureCerts: false, browserName: chrome, browserVersion: 111.0.5563.65, chrome: {chromedriverVersion: 111.0.5563.64 (c710e93d5b63..., userDataDir: C:\Users\RnD\AppData\Local\...}, goog:chromeOptions: {debuggerAddress: localhost:56121}, javascriptEnabled: true, networkConnectionEnabled: false, pageLoadStrategy: normal, platform: WINDOWS, platformName: WINDOWS, proxy: Proxy(), setWindowRect: true, strictFileInteractability: false, timeouts: {implicit: 0, pageLoad: 300000, script: 30000}, unhandledPromptBehavior: dismiss and notify, webauthn:extension:credBlob: true, webauthn:extension:largeBlob: true, webauthn:extension:minPinLength: true, webauthn:extension:prf: true, webauthn:virtualAuthenticators: true}
Session ID: 2de66628e54ee1dc9e9de723c5e62b44">
      <![CDATA[org.openqa.selenium.NoSuchWindowException: no such window: target window already closed
from unknown error: web view not found
  (Session info: chrome=111.0.5563.65)
Build info: version: '3.141.59', revision: 'e82be7d358', time: '2018-11-14T08:17:03'
System info: host: 'DELL-RND', ip: '192.168.1.18', os.name: 'Windows 10', os.arch: 'amd64', os.version: '10.0', java.version: '17.0.3'
Driver info: org.openqa.selenium.chrome.ChromeDriver
Capabilities {acceptInsecureCerts: false, browserName: chrome, browserVersion: 111.0.5563.65, chrome: {chromedriverVersion: 111.0.5563.64 (c710e93d5b63..., userDataDir: C:\Users\RnD\AppData\Local\...}, goog:chromeOptions: {debuggerAddress: localhost:56121}, javascriptEnabled: true, networkConnectionEnabled: false, pageLoadStrategy: normal, platform: WINDOWS, platformName: WINDOWS, proxy: Proxy(), setWindowRect: true, strictFileInteractability: false, timeouts: {implicit: 0, pageLoad: 300000, script: 30000}, unhandledPromptBehavior: dismiss and notify, webauthn:extension:credBlob: true, webauthn:extension:largeBlob: true, webauthn:extension:minPinLength: true, webauthn:extension:prf: true, webauthn:virtualAuthenticators: true}
Session ID: 2de66628e54ee1dc9e9de723c5e62b44
at org.openqa.selenium.remote.http.W3CHttpResponseCodec.createException(W3CHttpResponseCodec.java:187)
at org.openqa.selenium.remote.http.W3CHttpResponseCodec.decode(W3CHttpResponseCodec.java:122)
at org.openqa.selenium.remote.http.W3CHttpResponseCodec.decode(W3CHttpResponseCodec.java:49)
at org.openqa.selenium.remote.HttpCommandExecutor.execute(HttpCommandExecutor.java:158)
at org.openqa.selenium.remote.service.DriverCommandExecutor.execute(DriverCommandExecutor.java:83)
at org.openqa.selenium.remote.RemoteWebDriver.execute(RemoteWebDriver.java:552)
at org.openqa.selenium.remote.RemoteWebDriver.get(RemoteWebDriver.java:277)
at Com.Test.common.FooterTest.hitTheURL(FooterTest.java:17)
at Com.Test.ContactUsTest.hitTheURL(ContactUsTest.java:16)
at java.base/java.util.ArrayList.forEach(ArrayList.java:1511)
at java.base/java.util.concurrent.FutureTask.run(FutureTask.java:264)
at java.base/java.util.concurrent.ThreadPoolExecutor.runWorker(ThreadPoolExecutor.java:1136)
at java.base/java.util.concurrent.ThreadPoolExecutor$Worker.run(ThreadPoolExecutor.java:635)
at java.base/java.lang.Thread.run(Thread.java:833)
... Removed 27 stack frames]]>
    </failure>
  </testcase> <!-- @BeforeMethod hitTheURL -->
  <testcase classname="Com.Test.EventTest" name="@BeforeMethod hitTheURL" time="0.02">
    <failure type="org.openqa.selenium.NoSuchWindowException" message="no such window: target window already closed
from unknown error: web view not found
  (Session info: chrome=111.0.5563.65)
Build info: version: &amp;apos;3.141.59&amp;apos;, revision: &amp;apos;e82be7d358&amp;apos;, time: &amp;apos;2018-11-14T08:17:03&amp;apos;
System info: host: &amp;apos;DELL-RND&amp;apos;, ip: &amp;apos;192.168.1.18&amp;apos;, os.name: &amp;apos;Windows 10&amp;apos;, os.arch: &amp;apos;amd64&amp;apos;, os.version: &amp;apos;10.0&amp;apos;, java.version: &amp;apos;17.0.3&amp;apos;
Driver info: org.openqa.selenium.chrome.ChromeDriver
Capabilities {acceptInsecureCerts: false, browserName: chrome, browserVersion: 111.0.5563.65, chrome: {chromedriverVersion: 111.0.5563.64 (c710e93d5b63..., userDataDir: C:\Users\RnD\AppData\Local\...}, goog:chromeOptions: {debuggerAddress: localhost:55970}, javascriptEnabled: true, networkConnectionEnabled: false, pageLoadStrategy: normal, platform: WINDOWS, platformName: WINDOWS, proxy: Proxy(), setWindowRect: true, strictFileInteractability: false, timeouts: {implicit: 0, pageLoad: 300000, script: 30000}, unhandledPromptBehavior: dismiss and notify, webauthn:extension:credBlob: true, webauthn:extension:largeBlob: true, webauthn:extension:minPinLength: true, webauthn:extension:prf: true, webauthn:virtualAuthenticators: true}
Session ID: 2553e62ebc20cf8bffac6910e6e98e2d">
      <![CDATA[org.openqa.selenium.NoSuchWindowException: no such window: target window already closed
from unknown error: web view not found
  (Session info: chrome=111.0.5563.65)
Build info: version: '3.141.59', revision: 'e82be7d358', time: '2018-11-14T08:17:03'
System info: host: 'DELL-RND', ip: '192.168.1.18', os.name: 'Windows 10', os.arch: 'amd64', os.version: '10.0', java.version: '17.0.3'
Driver info: org.openqa.selenium.chrome.ChromeDriver
Capabilities {acceptInsecureCerts: false, browserName: chrome, browserVersion: 111.0.5563.65, chrome: {chromedriverVersion: 111.0.5563.64 (c710e93d5b63..., userDataDir: C:\Users\RnD\AppData\Local\...}, goog:chromeOptions: {debuggerAddress: localhost:55970}, javascriptEnabled: true, networkConnectionEnabled: false, pageLoadStrategy: normal, platform: WINDOWS, platformName: WINDOWS, proxy: Proxy(), setWindowRect: true, strictFileInteractability: false, timeouts: {implicit: 0, pageLoad: 300000, script: 30000}, unhandledPromptBehavior: dismiss and notify, webauthn:extension:credBlob: true, webauthn:extension:largeBlob: true, webauthn:extension:minPinLength: true, webauthn:extension:prf: true, webauthn:virtualAuthenticators: true}
Session ID: 2553e62ebc20cf8bffac6910e6e98e2d
at org.openqa.selenium.remote.http.W3CHttpResponseCodec.createException(W3CHttpResponseCodec.java:187)
at org.openqa.selenium.remote.http.W3CHttpResponseCodec.decode(W3CHttpResponseCodec.java:122)
at org.openqa.selenium.remote.http.W3CHttpResponseCodec.decode(W3CHttpResponseCodec.java:49)
at org.openqa.selenium.remote.HttpCommandExecutor.execute(HttpCommandExecutor.java:158)
at org.openqa.selenium.remote.service.DriverCommandExecutor.execute(DriverCommandExecutor.java:83)
at org.openqa.selenium.remote.RemoteWebDriver.execute(RemoteWebDriver.java:552)
at org.openqa.selenium.remote.RemoteWebDriver.get(RemoteWebDriver.java:277)
at Com.Test.common.FooterTest.hitTheURL(FooterTest.java:17)
at Com.Test.EventTest.hitTheURL(EventTest.java:16)
at java.base/java.util.ArrayList.forEach(ArrayList.java:1511)
at java.base/java.util.concurrent.FutureTask.run(FutureTask.java:264)
at java.base/java.util.concurrent.ThreadPoolExecutor.runWorker(ThreadPoolExecutor.java:1136)
at java.base/java.util.concurrent.ThreadPoolExecutor$Worker.run(ThreadPoolExecutor.java:635)
at java.base/java.lang.Thread.run(Thread.java:833)
... Removed 27 stack frames]]>
    </failure>
  </testcase> <!-- @BeforeMethod hitTheURL -->
  <testcase classname="Com.Test.GalaryTest" name="@BeforeMethod hitTheURL" time="-1.678972932742E9">
    <skipped/>
  </testcase> <!-- @BeforeMethod hitTheURL -->
  <testcase classname="Com.Test.GalaryTest" name="@AfterMethod ss" time="-1.678972932748E9">
    <skipped/>
  </testcase> <!-- @AfterMethod ss -->
  <testcase classname="Com.Test.DonateTest" name="@BeforeMethod hitTheURL" time="-1.67897293275E9">
    <skipped/>
  </testcase> <!-- @BeforeMethod hitTheURL -->
  <testcase classname="Com.Test.DonateTest" name="@AfterMethod ss" time="-1.678972932756E9">
    <skipped/>
  </testcase> <!-- @AfterMethod ss -->
  <testcase classname="Com.Test.common.BaseTest" name="@BeforeClass launchTheBrowser" time="9.471">
    <failure type="org.openqa.selenium.WebDriverException" message="disconnected: received Inspector.detached event
  (failed to check if window was closed: disconnected: not connected to DevTools)
  (Session info: chrome=111.0.5563.65)
Build info: version: &amp;apos;3.141.59&amp;apos;, revision: &amp;apos;e82be7d358&amp;apos;, time: &amp;apos;2018-11-14T08:17:03&amp;apos;
System info: host: &amp;apos;DELL-RND&amp;apos;, ip: &amp;apos;192.168.1.18&amp;apos;, os.name: &amp;apos;Windows 10&amp;apos;, os.arch: &amp;apos;amd64&amp;apos;, os.version: &amp;apos;10.0&amp;apos;, java.version: &amp;apos;17.0.3&amp;apos;
Driver info: driver.version: ChromeDriver
remote stacktrace: Backtrace:
	(No symbol) [0x004ADCE3]
	(No symbol) [0x004439D1]
	(No symbol) [0x00354DA8]
	(No symbol) [0x00348F47]
	(No symbol) [0x00348ADB]
	(No symbol) [0x00347F65]
	(No symbol) [0x00347EFC]
	(No symbol) [0x00346BF6]
	(No symbol) [0x00347358]
	(No symbol) [0x00346375]
	(No symbol) [0x0034C630]
	(No symbol) [0x003461B5]
	(No symbol) [0x00347C1A]
	(No symbol) [0x00346BF6]
	(No symbol) [0x00347358]
	(No symbol) [0x00346375]
	(No symbol) [0x00340B4F]
	(No symbol) [0x003461B5]
	(No symbol) [0x00345B6D]
	(No symbol) [0x0034584C]
	(No symbol) [0x00356143]
	(No symbol) [0x0033C883]
	(No symbol) [0x0033BF75]
	(No symbol) [0x003A177D]
	(No symbol) [0x003A129C]
	(No symbol) [0x0039ACC6]
	(No symbol) [0x00376F68]
	(No symbol) [0x003780CD]
	GetHandleVerifier [0x00723832+2506274]
	GetHandleVerifier [0x00759794+2727300]
	GetHandleVerifier [0x0075E36C+2746716]
	GetHandleVerifier [0x00556690+617600]
	(No symbol) [0x0044C712]
	(No symbol) [0x00451FF8]
	(No symbol) [0x004520DB]
	(No symbol) [0x0045C63B]
	BaseThreadInitThunk [0x768100F9+25]
	RtlGetAppContainerNamedObjectPath [0x77897BBE+286]
	RtlGetAppContainerNamedObjectPath [0x77897B8E+238]
">
      <![CDATA[org.openqa.selenium.WebDriverException: disconnected: received Inspector.detached event
  (failed to check if window was closed: disconnected: not connected to DevTools)
  (Session info: chrome=111.0.5563.65)
Build info: version: '3.141.59', revision: 'e82be7d358', time: '2018-11-14T08:17:03'
System info: host: 'DELL-RND', ip: '192.168.1.18', os.name: 'Windows 10', os.arch: 'amd64', os.version: '10.0', java.version: '17.0.3'
Driver info: driver.version: ChromeDriver
remote stacktrace: Backtrace:
(No symbol) [0x004ADCE3]
(No symbol) [0x004439D1]
(No symbol) [0x00354DA8]
(No symbol) [0x00348F47]
(No symbol) [0x00348ADB]
(No symbol) [0x00347F65]
(No symbol) [0x00347EFC]
(No symbol) [0x00346BF6]
(No symbol) [0x00347358]
(No symbol) [0x00346375]
(No symbol) [0x0034C630]
(No symbol) [0x003461B5]
(No symbol) [0x00347C1A]
(No symbol) [0x00346BF6]
(No symbol) [0x00347358]
(No symbol) [0x00346375]
(No symbol) [0x00340B4F]
(No symbol) [0x003461B5]
(No symbol) [0x00345B6D]
(No symbol) [0x0034584C]
(No symbol) [0x00356143]
(No symbol) [0x0033C883]
(No symbol) [0x0033BF75]
(No symbol) [0x003A177D]
(No symbol) [0x003A129C]
(No symbol) [0x0039ACC6]
(No symbol) [0x00376F68]
(No symbol) [0x003780CD]
GetHandleVerifier [0x00723832+2506274]
GetHandleVerifier [0x00759794+2727300]
GetHandleVerifier [0x0075E36C+2746716]
GetHandleVerifier [0x00556690+617600]
(No symbol) [0x0044C712]
(No symbol) [0x00451FF8]
(No symbol) [0x004520DB]
(No symbol) [0x0045C63B]
BaseThreadInitThunk [0x768100F9+25]
RtlGetAppContainerNamedObjectPath [0x77897BBE+286]
RtlGetAppContainerNamedObjectPath [0x77897B8E+238]

at org.openqa.selenium.remote.W3CHandshakeResponse.lambda$errorHandler$0(W3CHandshakeResponse.java:62)
at org.openqa.selenium.remote.HandshakeResponse.lambda$getResponseFunction$0(HandshakeResponse.java:30)
at org.openqa.selenium.remote.ProtocolHandshake.lambda$createSession$0(ProtocolHandshake.java:126)
at java.base/java.util.stream.ReferencePipeline$3$1.accept(ReferencePipeline.java:197)
at java.base/java.util.Spliterators$ArraySpliterator.tryAdvance(Spliterators.java:1002)
at java.base/java.util.stream.ReferencePipeline.forEachWithCancel(ReferencePipeline.java:129)
at java.base/java.util.stream.AbstractPipeline.copyIntoWithCancel(AbstractPipeline.java:527)
at java.base/java.util.stream.AbstractPipeline.copyInto(AbstractPipeline.java:513)
at java.base/java.util.stream.AbstractPipeline.wrapAndCopyInto(AbstractPipeline.java:499)
at java.base/java.util.stream.FindOps$FindOp.evaluateSequential(FindOps.java:150)
at java.base/java.util.stream.AbstractPipeline.evaluate(AbstractPipeline.java:234)
at java.base/java.util.stream.ReferencePipeline.findFirst(ReferencePipeline.java:647)
at org.openqa.selenium.remote.ProtocolHandshake.createSession(ProtocolHandshake.java:128)
at org.openqa.selenium.remote.ProtocolHandshake.createSession(ProtocolHandshake.java:74)
at org.openqa.selenium.remote.HttpCommandExecutor.execute(HttpCommandExecutor.java:136)
at org.openqa.selenium.remote.service.DriverCommandExecutor.execute(DriverCommandExecutor.java:83)
at org.openqa.selenium.remote.RemoteWebDriver.execute(RemoteWebDriver.java:552)
at org.openqa.selenium.remote.RemoteWebDriver.startSession(RemoteWebDriver.java:213)
at org.openqa.selenium.remote.RemoteWebDriver.<init>(RemoteWebDriver.java:131)
at org.openqa.selenium.chrome.ChromeDriver.<init>(ChromeDriver.java:181)
at org.openqa.selenium.chrome.ChromeDriver.<init>(ChromeDriver.java:168)
at org.openqa.selenium.chrome.ChromeDriver.<init>(ChromeDriver.java:123)
at Base.com.Base.OpenChromeBrowser(Base.java:15)
at Com.Test.common.BaseTest.launchTheBrowser(BaseTest.java:20)
at java.base/java.util.ArrayList.forEach(ArrayList.java:1511)
at java.base/java.util.concurrent.FutureTask.run(FutureTask.java:264)
at java.base/java.util.concurrent.ThreadPoolExecutor.runWorker(ThreadPoolExecutor.java:1136)
at java.base/java.util.concurrent.ThreadPoolExecutor$Worker.run(ThreadPoolExecutor.java:635)
at java.base/java.lang.Thread.run(Thread.java:833)
... Removed 21 stack frames]]>
    </failure>
  </testcase> <!-- @BeforeClass launchTheBrowser -->
  <testcase classname="Com.Test.DonateTest" name="@BeforeMethod hitTheURL" time="-1.678972933567E9">
    <skipped/>
  </testcase> <!-- @BeforeMethod hitTheURL -->
  <testcase classname="Com.Test.DonateTest" name="@AfterMethod ss" time="-1.678972933573E9">
    <skipped/>
  </testcase> <!-- @AfterMethod ss -->
  <testcase classname="Com.Test.ContactUsTest" name="@BeforeMethod hitTheURL" time="0.013">
    <failure type="org.openqa.selenium.NoSuchWindowException" message="no such window: target window already closed
from unknown error: web view not found
  (Session info: chrome=111.0.5563.65)
Build info: version: &amp;apos;3.141.59&amp;apos;, revision: &amp;apos;e82be7d358&amp;apos;, time: &amp;apos;2018-11-14T08:17:03&amp;apos;
System info: host: &amp;apos;DELL-RND&amp;apos;, ip: &amp;apos;192.168.1.18&amp;apos;, os.name: &amp;apos;Windows 10&amp;apos;, os.arch: &amp;apos;amd64&amp;apos;, os.version: &amp;apos;10.0&amp;apos;, java.version: &amp;apos;17.0.3&amp;apos;
Driver info: org.openqa.selenium.chrome.ChromeDriver
Capabilities {acceptInsecureCerts: false, browserName: chrome, browserVersion: 111.0.5563.65, chrome: {chromedriverVersion: 111.0.5563.64 (c710e93d5b63..., userDataDir: C:\Users\RnD\AppData\Local\...}, goog:chromeOptions: {debuggerAddress: localhost:56102}, javascriptEnabled: true, networkConnectionEnabled: false, pageLoadStrategy: normal, platform: WINDOWS, platformName: WINDOWS, proxy: Proxy(), setWindowRect: true, strictFileInteractability: false, timeouts: {implicit: 0, pageLoad: 300000, script: 30000}, unhandledPromptBehavior: dismiss and notify, webauthn:extension:credBlob: true, webauthn:extension:largeBlob: true, webauthn:extension:minPinLength: true, webauthn:extension:prf: true, webauthn:virtualAuthenticators: true}
Session ID: 6f4ae02fa31cd8960a21178bb055ca23">
      <![CDATA[org.openqa.selenium.NoSuchWindowException: no such window: target window already closed
from unknown error: web view not found
  (Session info: chrome=111.0.5563.65)
Build info: version: '3.141.59', revision: 'e82be7d358', time: '2018-11-14T08:17:03'
System info: host: 'DELL-RND', ip: '192.168.1.18', os.name: 'Windows 10', os.arch: 'amd64', os.version: '10.0', java.version: '17.0.3'
Driver info: org.openqa.selenium.chrome.ChromeDriver
Capabilities {acceptInsecureCerts: false, browserName: chrome, browserVersion: 111.0.5563.65, chrome: {chromedriverVersion: 111.0.5563.64 (c710e93d5b63..., userDataDir: C:\Users\RnD\AppData\Local\...}, goog:chromeOptions: {debuggerAddress: localhost:56102}, javascriptEnabled: true, networkConnectionEnabled: false, pageLoadStrategy: normal, platform: WINDOWS, platformName: WINDOWS, proxy: Proxy(), setWindowRect: true, strictFileInteractability: false, timeouts: {implicit: 0, pageLoad: 300000, script: 30000}, unhandledPromptBehavior: dismiss and notify, webauthn:extension:credBlob: true, webauthn:extension:largeBlob: true, webauthn:extension:minPinLength: true, webauthn:extension:prf: true, webauthn:virtualAuthenticators: true}
Session ID: 6f4ae02fa31cd8960a21178bb055ca23
at org.openqa.selenium.remote.http.W3CHttpResponseCodec.createException(W3CHttpResponseCodec.java:187)
at org.openqa.selenium.remote.http.W3CHttpResponseCodec.decode(W3CHttpResponseCodec.java:122)
at org.openqa.selenium.remote.http.W3CHttpResponseCodec.decode(W3CHttpResponseCodec.java:49)
at org.openqa.selenium.remote.HttpCommandExecutor.execute(HttpCommandExecutor.java:158)
at org.openqa.selenium.remote.service.DriverCommandExecutor.execute(DriverCommandExecutor.java:83)
at org.openqa.selenium.remote.RemoteWebDriver.execute(RemoteWebDriver.java:552)
at org.openqa.selenium.remote.RemoteWebDriver.get(RemoteWebDriver.java:277)
at Com.Test.common.FooterTest.hitTheURL(FooterTest.java:17)
at Com.Test.ContactUsTest.hitTheURL(ContactUsTest.java:16)
at java.base/java.util.ArrayList.forEach(ArrayList.java:1511)
at java.base/java.util.concurrent.FutureTask.run(FutureTask.java:264)
at java.base/java.util.concurrent.ThreadPoolExecutor.runWorker(ThreadPoolExecutor.java:1136)
at java.base/java.util.concurrent.ThreadPoolExecutor$Worker.run(ThreadPoolExecutor.java:635)
at java.base/java.lang.Thread.run(Thread.java:833)
... Removed 27 stack frames]]>
    </failure>
  </testcase> <!-- @BeforeMethod hitTheURL -->
  <testcase classname="Com.Test.EventTest" name="@BeforeMethod hitTheURL" time="0.015">
    <failure type="org.openqa.selenium.NoSuchWindowException" message="no such window: target window already closed
from unknown error: web view not found
  (Session info: chrome=111.0.5563.65)
Build info: version: &amp;apos;3.141.59&amp;apos;, revision: &amp;apos;e82be7d358&amp;apos;, time: &amp;apos;2018-11-14T08:17:03&amp;apos;
System info: host: &amp;apos;DELL-RND&amp;apos;, ip: &amp;apos;192.168.1.18&amp;apos;, os.name: &amp;apos;Windows 10&amp;apos;, os.arch: &amp;apos;amd64&amp;apos;, os.version: &amp;apos;10.0&amp;apos;, java.version: &amp;apos;17.0.3&amp;apos;
Driver info: org.openqa.selenium.chrome.ChromeDriver
Capabilities {acceptInsecureCerts: false, browserName: chrome, browserVersion: 111.0.5563.65, chrome: {chromedriverVersion: 111.0.5563.64 (c710e93d5b63..., userDataDir: C:\Users\RnD\AppData\Local\...}, goog:chromeOptions: {debuggerAddress: localhost:55995}, javascriptEnabled: true, networkConnectionEnabled: false, pageLoadStrategy: normal, platform: WINDOWS, platformName: WINDOWS, proxy: Proxy(), setWindowRect: true, strictFileInteractability: false, timeouts: {implicit: 0, pageLoad: 300000, script: 30000}, unhandledPromptBehavior: dismiss and notify, webauthn:extension:credBlob: true, webauthn:extension:largeBlob: true, webauthn:extension:minPinLength: true, webauthn:extension:prf: true, webauthn:virtualAuthenticators: true}
Session ID: 3267d83f19fd177bbe73b055a47dcae1">
      <![CDATA[org.openqa.selenium.NoSuchWindowException: no such window: target window already closed
from unknown error: web view not found
  (Session info: chrome=111.0.5563.65)
Build info: version: '3.141.59', revision: 'e82be7d358', time: '2018-11-14T08:17:03'
System info: host: 'DELL-RND', ip: '192.168.1.18', os.name: 'Windows 10', os.arch: 'amd64', os.version: '10.0', java.version: '17.0.3'
Driver info: org.openqa.selenium.chrome.ChromeDriver
Capabilities {acceptInsecureCerts: false, browserName: chrome, browserVersion: 111.0.5563.65, chrome: {chromedriverVersion: 111.0.5563.64 (c710e93d5b63..., userDataDir: C:\Users\RnD\AppData\Local\...}, goog:chromeOptions: {debuggerAddress: localhost:55995}, javascriptEnabled: true, networkConnectionEnabled: false, pageLoadStrategy: normal, platform: WINDOWS, platformName: WINDOWS, proxy: Proxy(), setWindowRect: true, strictFileInteractability: false, timeouts: {implicit: 0, pageLoad: 300000, script: 30000}, unhandledPromptBehavior: dismiss and notify, webauthn:extension:credBlob: true, webauthn:extension:largeBlob: true, webauthn:extension:minPinLength: true, webauthn:extension:prf: true, webauthn:virtualAuthenticators: true}
Session ID: 3267d83f19fd177bbe73b055a47dcae1
at org.openqa.selenium.remote.http.W3CHttpResponseCodec.createException(W3CHttpResponseCodec.java:187)
at org.openqa.selenium.remote.http.W3CHttpResponseCodec.decode(W3CHttpResponseCodec.java:122)
at org.openqa.selenium.remote.http.W3CHttpResponseCodec.decode(W3CHttpResponseCodec.java:49)
at org.openqa.selenium.remote.HttpCommandExecutor.execute(HttpCommandExecutor.java:158)
at org.openqa.selenium.remote.service.DriverCommandExecutor.execute(DriverCommandExecutor.java:83)
at org.openqa.selenium.remote.RemoteWebDriver.execute(RemoteWebDriver.java:552)
at org.openqa.selenium.remote.RemoteWebDriver.get(RemoteWebDriver.java:277)
at Com.Test.common.FooterTest.hitTheURL(FooterTest.java:17)
at Com.Test.EventTest.hitTheURL(EventTest.java:16)
at java.base/java.util.ArrayList.forEach(ArrayList.java:1511)
at java.base/java.util.concurrent.FutureTask.run(FutureTask.java:264)
at java.base/java.util.concurrent.ThreadPoolExecutor.runWorker(ThreadPoolExecutor.java:1136)
at java.base/java.util.concurrent.ThreadPoolExecutor$Worker.run(ThreadPoolExecutor.java:635)
at java.base/java.lang.Thread.run(Thread.java:833)
... Removed 27 stack frames]]>
    </failure>
  </testcase> <!-- @BeforeMethod hitTheURL -->
  <testcase classname="Com.Test.GalaryTest" name="@BeforeMethod hitTheURL" time="-1.678972933623E9">
    <skipped/>
  </testcase> <!-- @BeforeMethod hitTheURL -->
  <testcase classname="Com.Test.GalaryTest" name="@AfterMethod ss" time="-1.678972933629E9">
    <skipped/>
  </testcase> <!-- @AfterMethod ss -->
  <testcase classname="Com.Test.DonateTest" name="@BeforeMethod hitTheURL" time="-1.678972933632E9">
    <skipped/>
  </testcase> <!-- @BeforeMethod hitTheURL -->
  <testcase classname="Com.Test.DonateTest" name="@AfterMethod ss" time="-1.678972933641E9">
    <skipped/>
  </testcase> <!-- @AfterMethod ss -->
  <testcase classname="Com.Test.common.BaseTest" name="@BeforeClass launchTheBrowser" time="5.665">
    <failure type="org.openqa.selenium.WebDriverException" message="disconnected: received Inspector.detached event
  (failed to check if window was closed: disconnected: not connected to DevTools)
  (Session info: chrome=111.0.5563.65)
Build info: version: &amp;apos;3.141.59&amp;apos;, revision: &amp;apos;e82be7d358&amp;apos;, time: &amp;apos;2018-11-14T08:17:03&amp;apos;
System info: host: &amp;apos;DELL-RND&amp;apos;, ip: &amp;apos;192.168.1.18&amp;apos;, os.name: &amp;apos;Windows 10&amp;apos;, os.arch: &amp;apos;amd64&amp;apos;, os.version: &amp;apos;10.0&amp;apos;, java.version: &amp;apos;17.0.3&amp;apos;
Driver info: driver.version: ChromeDriver
remote stacktrace: Backtrace:
	(No symbol) [0x004ADCE3]
	(No symbol) [0x004439D1]
	(No symbol) [0x00354DA8]
	(No symbol) [0x00348F47]
	(No symbol) [0x00348ADB]
	(No symbol) [0x00347F65]
	(No symbol) [0x00347EFC]
	(No symbol) [0x00346BF6]
	(No symbol) [0x00347358]
	(No symbol) [0x00346375]
	(No symbol) [0x00350916]
	(No symbol) [0x003461B5]
	(No symbol) [0x00347C1A]
	(No symbol) [0x00346BF6]
	(No symbol) [0x00347358]
	(No symbol) [0x00346375]
	(No symbol) [0x0034E556]
	(No symbol) [0x003461B5]
	(No symbol) [0x00347C1A]
	(No symbol) [0x00346BF6]
	(No symbol) [0x00347358]
	(No symbol) [0x00346375]
	(No symbol) [0x0034C4CB]
	(No symbol) [0x003461B5]
	(No symbol) [0x00347C1A]
	(No symbol) [0x00346BF6]
	(No symbol) [0x00347358]
	(No symbol) [0x00346375]
	(No symbol) [0x00340B4F]
	(No symbol) [0x003461B5]
	(No symbol) [0x00345B6D]
	(No symbol) [0x0034584C]
	(No symbol) [0x00356143]
	(No symbol) [0x0033C883]
	(No symbol) [0x0033BF75]
	(No symbol) [0x003A177D]
	(No symbol) [0x003A129C]
	(No symbol) [0x0039ACC6]
	(No symbol) [0x00376F68]
	(No symbol) [0x003780CD]
	GetHandleVerifier [0x00723832+2506274]
	GetHandleVerifier [0x00759794+2727300]
	GetHandleVerifier [0x0075E36C+2746716]
	GetHandleVerifier [0x00556690+617600]
	(No symbol) [0x0044C712]
	(No symbol) [0x00451FF8]
	(No symbol) [0x004520DB]
	(No symbol) [0x0045C63B]
	BaseThreadInitThunk [0x768100F9+25]
	RtlGetAppContainerNamedObjectPath [0x77897BBE+286]
	RtlGetAppContainerNamedObjectPath [0x77897B8E+238]
">
      <![CDATA[org.openqa.selenium.WebDriverException: disconnected: received Inspector.detached event
  (failed to check if window was closed: disconnected: not connected to DevTools)
  (Session info: chrome=111.0.5563.65)
Build info: version: '3.141.59', revision: 'e82be7d358', time: '2018-11-14T08:17:03'
System info: host: 'DELL-RND', ip: '192.168.1.18', os.name: 'Windows 10', os.arch: 'amd64', os.version: '10.0', java.version: '17.0.3'
Driver info: driver.version: ChromeDriver
remote stacktrace: Backtrace:
(No symbol) [0x004ADCE3]
(No symbol) [0x004439D1]
(No symbol) [0x00354DA8]
(No symbol) [0x00348F47]
(No symbol) [0x00348ADB]
(No symbol) [0x00347F65]
(No symbol) [0x00347EFC]
(No symbol) [0x00346BF6]
(No symbol) [0x00347358]
(No symbol) [0x00346375]
(No symbol) [0x00350916]
(No symbol) [0x003461B5]
(No symbol) [0x00347C1A]
(No symbol) [0x00346BF6]
(No symbol) [0x00347358]
(No symbol) [0x00346375]
(No symbol) [0x0034E556]
(No symbol) [0x003461B5]
(No symbol) [0x00347C1A]
(No symbol) [0x00346BF6]
(No symbol) [0x00347358]
(No symbol) [0x00346375]
(No symbol) [0x0034C4CB]
(No symbol) [0x003461B5]
(No symbol) [0x00347C1A]
(No symbol) [0x00346BF6]
(No symbol) [0x00347358]
(No symbol) [0x00346375]
(No symbol) [0x00340B4F]
(No symbol) [0x003461B5]
(No symbol) [0x00345B6D]
(No symbol) [0x0034584C]
(No symbol) [0x00356143]
(No symbol) [0x0033C883]
(No symbol) [0x0033BF75]
(No symbol) [0x003A177D]
(No symbol) [0x003A129C]
(No symbol) [0x0039ACC6]
(No symbol) [0x00376F68]
(No symbol) [0x003780CD]
GetHandleVerifier [0x00723832+2506274]
GetHandleVerifier [0x00759794+2727300]
GetHandleVerifier [0x0075E36C+2746716]
GetHandleVerifier [0x00556690+617600]
(No symbol) [0x0044C712]
(No symbol) [0x00451FF8]
(No symbol) [0x004520DB]
(No symbol) [0x0045C63B]
BaseThreadInitThunk [0x768100F9+25]
RtlGetAppContainerNamedObjectPath [0x77897BBE+286]
RtlGetAppContainerNamedObjectPath [0x77897B8E+238]

at org.openqa.selenium.remote.W3CHandshakeResponse.lambda$errorHandler$0(W3CHandshakeResponse.java:62)
at org.openqa.selenium.remote.HandshakeResponse.lambda$getResponseFunction$0(HandshakeResponse.java:30)
at org.openqa.selenium.remote.ProtocolHandshake.lambda$createSession$0(ProtocolHandshake.java:126)
at java.base/java.util.stream.ReferencePipeline$3$1.accept(ReferencePipeline.java:197)
at java.base/java.util.Spliterators$ArraySpliterator.tryAdvance(Spliterators.java:1002)
at java.base/java.util.stream.ReferencePipeline.forEachWithCancel(ReferencePipeline.java:129)
at java.base/java.util.stream.AbstractPipeline.copyIntoWithCancel(AbstractPipeline.java:527)
at java.base/java.util.stream.AbstractPipeline.copyInto(AbstractPipeline.java:513)
at java.base/java.util.stream.AbstractPipeline.wrapAndCopyInto(AbstractPipeline.java:499)
at java.base/java.util.stream.FindOps$FindOp.evaluateSequential(FindOps.java:150)
at java.base/java.util.stream.AbstractPipeline.evaluate(AbstractPipeline.java:234)
at java.base/java.util.stream.ReferencePipeline.findFirst(ReferencePipeline.java:647)
at org.openqa.selenium.remote.ProtocolHandshake.createSession(ProtocolHandshake.java:128)
at org.openqa.selenium.remote.ProtocolHandshake.createSession(ProtocolHandshake.java:74)
at org.openqa.selenium.remote.HttpCommandExecutor.execute(HttpCommandExecutor.java:136)
at org.openqa.selenium.remote.service.DriverCommandExecutor.execute(DriverCommandExecutor.java:83)
at org.openqa.selenium.remote.RemoteWebDriver.execute(RemoteWebDriver.java:552)
at org.openqa.selenium.remote.RemoteWebDriver.startSession(RemoteWebDriver.java:213)
at org.openqa.selenium.remote.RemoteWebDriver.<init>(RemoteWebDriver.java:131)
at org.openqa.selenium.chrome.ChromeDriver.<init>(ChromeDriver.java:181)
at org.openqa.selenium.chrome.ChromeDriver.<init>(ChromeDriver.java:168)
at org.openqa.selenium.chrome.ChromeDriver.<init>(ChromeDriver.java:123)
at Base.com.Base.OpenChromeBrowser(Base.java:15)
at Com.Test.common.BaseTest.launchTheBrowser(BaseTest.java:20)
at java.base/java.util.ArrayList.forEach(ArrayList.java:1511)
at java.base/java.util.concurrent.FutureTask.run(FutureTask.java:264)
at java.base/java.util.concurrent.ThreadPoolExecutor.runWorker(ThreadPoolExecutor.java:1136)
at java.base/java.util.concurrent.ThreadPoolExecutor$Worker.run(ThreadPoolExecutor.java:635)
at java.base/java.lang.Thread.run(Thread.java:833)
... Removed 21 stack frames]]>
    </failure>
  </testcase> <!-- @BeforeClass launchTheBrowser -->
  <testcase classname="Com.Test.LoginTest" name="@BeforeMethod hitTheURL" time="-1.678972938426E9">
    <skipped/>
  </testcase> <!-- @BeforeMethod hitTheURL -->
  <testcase classname="Com.Test.About_UsTest" name="@BeforeMethod hitTheURL" time="0.011">
    <failure type="org.openqa.selenium.NoSuchWindowException" message="no such window: target window already closed
from unknown error: web view not found
  (Session info: chrome=111.0.5563.65)
Build info: version: &amp;apos;3.141.59&amp;apos;, revision: &amp;apos;e82be7d358&amp;apos;, time: &amp;apos;2018-11-14T08:17:03&amp;apos;
System info: host: &amp;apos;DELL-RND&amp;apos;, ip: &amp;apos;192.168.1.18&amp;apos;, os.name: &amp;apos;Windows 10&amp;apos;, os.arch: &amp;apos;amd64&amp;apos;, os.version: &amp;apos;10.0&amp;apos;, java.version: &amp;apos;17.0.3&amp;apos;
Driver info: org.openqa.selenium.chrome.ChromeDriver
Capabilities {acceptInsecureCerts: false, browserName: chrome, browserVersion: 111.0.5563.65, chrome: {chromedriverVersion: 111.0.5563.64 (c710e93d5b63..., userDataDir: C:\Users\RnD\AppData\Local\...}, goog:chromeOptions: {debuggerAddress: localhost:55842}, javascriptEnabled: true, networkConnectionEnabled: false, pageLoadStrategy: normal, platform: WINDOWS, platformName: WINDOWS, proxy: Proxy(), setWindowRect: true, strictFileInteractability: false, timeouts: {implicit: 0, pageLoad: 300000, script: 30000}, unhandledPromptBehavior: dismiss and notify, webauthn:extension:credBlob: true, webauthn:extension:largeBlob: true, webauthn:extension:minPinLength: true, webauthn:extension:prf: true, webauthn:virtualAuthenticators: true}
Session ID: 6725c59829020dad80341666a6f6a8df">
      <![CDATA[org.openqa.selenium.NoSuchWindowException: no such window: target window already closed
from unknown error: web view not found
  (Session info: chrome=111.0.5563.65)
Build info: version: '3.141.59', revision: 'e82be7d358', time: '2018-11-14T08:17:03'
System info: host: 'DELL-RND', ip: '192.168.1.18', os.name: 'Windows 10', os.arch: 'amd64', os.version: '10.0', java.version: '17.0.3'
Driver info: org.openqa.selenium.chrome.ChromeDriver
Capabilities {acceptInsecureCerts: false, browserName: chrome, browserVersion: 111.0.5563.65, chrome: {chromedriverVersion: 111.0.5563.64 (c710e93d5b63..., userDataDir: C:\Users\RnD\AppData\Local\...}, goog:chromeOptions: {debuggerAddress: localhost:55842}, javascriptEnabled: true, networkConnectionEnabled: false, pageLoadStrategy: normal, platform: WINDOWS, platformName: WINDOWS, proxy: Proxy(), setWindowRect: true, strictFileInteractability: false, timeouts: {implicit: 0, pageLoad: 300000, script: 30000}, unhandledPromptBehavior: dismiss and notify, webauthn:extension:credBlob: true, webauthn:extension:largeBlob: true, webauthn:extension:minPinLength: true, webauthn:extension:prf: true, webauthn:virtualAuthenticators: true}
Session ID: 6725c59829020dad80341666a6f6a8df
at org.openqa.selenium.remote.http.W3CHttpResponseCodec.createException(W3CHttpResponseCodec.java:187)
at org.openqa.selenium.remote.http.W3CHttpResponseCodec.decode(W3CHttpResponseCodec.java:122)
at org.openqa.selenium.remote.http.W3CHttpResponseCodec.decode(W3CHttpResponseCodec.java:49)
at org.openqa.selenium.remote.HttpCommandExecutor.execute(HttpCommandExecutor.java:158)
at org.openqa.selenium.remote.service.DriverCommandExecutor.execute(DriverCommandExecutor.java:83)
at org.openqa.selenium.remote.RemoteWebDriver.execute(RemoteWebDriver.java:552)
at org.openqa.selenium.remote.RemoteWebDriver.get(RemoteWebDriver.java:277)
at Com.Test.common.FooterTest.hitTheURL(FooterTest.java:17)
at Com.Test.About_UsTest.hitTheURL(About_UsTest.java:16)
at java.base/java.util.ArrayList.forEach(ArrayList.java:1511)
at java.base/java.util.concurrent.FutureTask.run(FutureTask.java:264)
at java.base/java.util.concurrent.ThreadPoolExecutor.runWorker(ThreadPoolExecutor.java:1136)
at java.base/java.util.concurrent.ThreadPoolExecutor$Worker.run(ThreadPoolExecutor.java:635)
at java.base/java.lang.Thread.run(Thread.java:833)
... Removed 27 stack frames]]>
    </failure>
  </testcase> <!-- @BeforeMethod hitTheURL -->
  <testcase classname="Com.Test.DonateTest" name="@BeforeMethod hitTheURL" time="-1.678972938451E9">
    <skipped/>
  </testcase> <!-- @BeforeMethod hitTheURL -->
  <testcase classname="Com.Test.DonateTest" name="@AfterMethod ss" time="-1.678972938457E9">
    <skipped/>
  </testcase> <!-- @AfterMethod ss -->
  <testcase classname="Com.Test.GalaryTest" name="@BeforeMethod hitTheURL" time="-1.678972938459E9">
    <skipped/>
  </testcase> <!-- @BeforeMethod hitTheURL -->
  <testcase classname="Com.Test.GalaryTest" name="@AfterMethod ss" time="-1.678972938464E9">
    <skipped/>
  </testcase> <!-- @AfterMethod ss -->
  <testcase classname="Com.Test.LoginTest" name="@BeforeMethod hitTheURL" time="-1.678972938466E9">
    <skipped/>
  </testcase> <!-- @BeforeMethod hitTheURL -->
  <testcase classname="Com.Test.DonateTest" name="@BeforeMethod hitTheURL" time="-1.678972938476E9">
    <skipped/>
  </testcase> <!-- @BeforeMethod hitTheURL -->
  <testcase classname="Com.Test.DonateTest" name="@AfterMethod ss" time="-1.678972938481E9">
    <skipped/>
  </testcase> <!-- @AfterMethod ss -->
  <testcase classname="Com.Test.GalaryTest" name="@BeforeMethod hitTheURL" time="-1.678972938484E9">
    <skipped/>
  </testcase> <!-- @BeforeMethod hitTheURL -->
  <testcase classname="Com.Test.GalaryTest" name="@AfterMethod ss" time="-1.678972938489E9">
    <skipped/>
  </testcase> <!-- @AfterMethod ss -->
  <testcase classname="Com.Test.LoginTest" name="@BeforeMethod hitTheURL" time="-1.678972938491E9">
    <skipped/>
  </testcase> <!-- @BeforeMethod hitTheURL -->
  <testcase classname="Com.Test.common.BaseTest" name="@AfterClass closeBrowser" time="-1.678972938523E9">
    <skipped/>
  </testcase> <!-- @AfterClass closeBrowser -->
  <testcase classname="Com.Test.DonateTest" name="@BeforeMethod hitTheURL" time="-1.678972938525E9">
    <skipped/>
  </testcase> <!-- @BeforeMethod hitTheURL -->
  <testcase classname="Com.Test.DonateTest" name="@AfterMethod ss" time="-1.678972938531E9">
    <skipped/>
  </testcase> <!-- @AfterMethod ss -->
  <testcase classname="Com.Test.DonateTest" name="@BeforeMethod hitTheURL" time="-1.678972938536E9">
    <skipped/>
  </testcase> <!-- @BeforeMethod hitTheURL -->
  <testcase classname="Com.Test.DonateTest" name="@AfterMethod ss" time="-1.678972938541E9">
    <skipped/>
  </testcase> <!-- @AfterMethod ss -->
  <testcase classname="Com.Test.HomeTest" name="@BeforeMethod hitTheURL" time="-1.678972938543E9">
    <skipped/>
  </testcase> <!-- @BeforeMethod hitTheURL -->
  <testcase classname="Com.Test.About_UsTest" name="@BeforeMethod hitTheURL" time="-1.678972938548E9">
    <skipped/>
  </testcase> <!-- @BeforeMethod hitTheURL -->
  <testcase classname="Com.Test.EventTest" name="@BeforeMethod hitTheURL" time="-1.678972938556E9">
    <skipped/>
  </testcase> <!-- @BeforeMethod hitTheURL -->
  <testcase classname="Com.Test.GalaryTest" name="@BeforeMethod hitTheURL" time="-1.678972938569E9">
    <skipped/>
  </testcase> <!-- @BeforeMethod hitTheURL -->
  <testcase classname="Com.Test.GalaryTest" name="@AfterMethod ss" time="-1.678972938574E9">
    <skipped/>
  </testcase> <!-- @AfterMethod ss -->
  <testcase classname="Com.Test.DonateTest" name="@BeforeMethod hitTheURL" time="-1.678972938576E9">
    <skipped/>
  </testcase> <!-- @BeforeMethod hitTheURL -->
  <testcase classname="Com.Test.DonateTest" name="@AfterMethod ss" time="-1.678972938585E9">
    <skipped/>
  </testcase> <!-- @AfterMethod ss -->
  <testcase classname="Com.Test.ContactUsTest" name="@BeforeMethod hitTheURL" time="-1.678972938588E9">
    <skipped/>
  </testcase> <!-- @BeforeMethod hitTheURL -->
  <testcase classname="Com.Test.HomeTest" name="@BeforeMethod hitTheURL" time="-1.678972938597E9">
    <skipped/>
  </testcase> <!-- @BeforeMethod hitTheURL -->
  <testcase classname="Com.Test.About_UsTest" name="@BeforeMethod hitTheURL" time="-1.678972938608E9">
    <skipped/>
  </testcase> <!-- @BeforeMethod hitTheURL -->
  <testcase classname="Com.Test.EventTest" name="@BeforeMethod hitTheURL" time="-1.678972938616E9">
    <skipped/>
  </testcase> <!-- @BeforeMethod hitTheURL -->
  <testcase classname="Com.Test.GalaryTest" name="@BeforeMethod hitTheURL" time="-1.678972938626E9">
    <skipped/>
  </testcase> <!-- @BeforeMethod hitTheURL -->
  <testcase classname="Com.Test.GalaryTest" name="@AfterMethod ss" time="-1.67897293863E9">
    <skipped/>
  </testcase> <!-- @AfterMethod ss -->
  <testcase classname="Com.Test.DonateTest" name="@BeforeMethod hitTheURL" time="-1.678972938631E9">
    <skipped/>
  </testcase> <!-- @BeforeMethod hitTheURL -->
  <testcase classname="Com.Test.DonateTest" name="@AfterMethod ss" time="-1.678972938636E9">
    <skipped/>
  </testcase> <!-- @AfterMethod ss -->
  <testcase classname="Com.Test.ContactUsTest" name="@BeforeMethod hitTheURL" time="-1.678972938638E9">
    <skipped/>
  </testcase> <!-- @BeforeMethod hitTheURL -->
  <testcase classname="Com.Test.HomeTest" name="@BeforeMethod hitTheURL" time="-1.678972938642E9">
    <skipped/>
  </testcase> <!-- @BeforeMethod hitTheURL -->
  <testcase classname="Com.Test.About_UsTest" name="@BeforeMethod hitTheURL" time="-1.678972938646E9">
    <skipped/>
  </testcase> <!-- @BeforeMethod hitTheURL -->
  <testcase classname="Com.Test.EventTest" name="@BeforeMethod hitTheURL" time="-1.678972938675E9">
    <skipped/>
  </testcase> <!-- @BeforeMethod hitTheURL -->
  <testcase classname="Com.Test.GalaryTest" name="@BeforeMethod hitTheURL" time="-1.678972938681E9">
    <skipped/>
  </testcase> <!-- @BeforeMethod hitTheURL -->
  <testcase classname="Com.Test.GalaryTest" name="@AfterMethod ss" time="-1.678972938687E9">
    <skipped/>
  </testcase> <!-- @AfterMethod ss -->
  <testcase classname="Com.Test.DonateTest" name="@BeforeMethod hitTheURL" time="-1.678972938692E9">
    <skipped/>
  </testcase> <!-- @BeforeMethod hitTheURL -->
  <testcase classname="Com.Test.DonateTest" name="@AfterMethod ss" time="-1.678972938696E9">
    <skipped/>
  </testcase> <!-- @AfterMethod ss -->
  <testcase classname="Com.Test.ContactUsTest" name="@BeforeMethod hitTheURL" time="-1.678972938697E9">
    <skipped/>
  </testcase> <!-- @BeforeMethod hitTheURL -->
  <testcase classname="Com.Test.HomeTest" name="@BeforeMethod hitTheURL" time="-1.678972938705E9">
    <skipped/>
  </testcase> <!-- @BeforeMethod hitTheURL -->
  <testcase classname="Com.Test.common.BaseTest" name="@AfterClass closeBrowser" time="-1.67897293871E9">
    <skipped/>
  </testcase> <!-- @AfterClass closeBrowser -->
  <testcase classname="Com.Test.About_UsTest" name="@BeforeMethod hitTheURL" time="-1.678972938711E9">
    <skipped/>
  </testcase> <!-- @BeforeMethod hitTheURL -->
  <testcase classname="Com.Test.common.BaseTest" name="@AfterClass closeBrowser" time="-1.678972938721E9">
    <skipped/>
  </testcase> <!-- @AfterClass closeBrowser -->
  <testcase classname="Com.Test.EventTest" name="@BeforeMethod hitTheURL" time="-1.678972938736E9">
    <skipped/>
  </testcase> <!-- @BeforeMethod hitTheURL -->
  <testcase classname="Com.Test.common.BaseTest" name="@AfterClass closeBrowser" time="-1.678972938746E9">
    <skipped/>
  </testcase> <!-- @AfterClass closeBrowser -->
  <testcase classname="Com.Test.GalaryTest" name="@BeforeMethod hitTheURL" time="-1.678972938749E9">
    <skipped/>
  </testcase> <!-- @BeforeMethod hitTheURL -->
  <testcase classname="Com.Test.GalaryTest" name="@AfterMethod ss" time="-1.678972938755E9">
    <skipped/>
  </testcase> <!-- @AfterMethod ss -->
  <testcase classname="Com.Test.common.BaseTest" name="@AfterClass closeBrowser" time="-1.678972938756E9">
    <skipped/>
  </testcase> <!-- @AfterClass closeBrowser -->
  <testcase classname="Com.Test.DonateTest" name="@BeforeMethod hitTheURL" time="-1.678972938759E9">
    <skipped/>
  </testcase> <!-- @BeforeMethod hitTheURL -->
  <testcase classname="Com.Test.DonateTest" name="@AfterMethod ss" time="-1.678972938763E9">
    <skipped/>
  </testcase> <!-- @AfterMethod ss -->
  <testcase classname="Com.Test.common.BaseTest" name="@AfterClass closeBrowser" time="-1.678972938765E9">
    <skipped/>
  </testcase> <!-- @AfterClass closeBrowser -->
  <testcase classname="Com.Test.ContactUsTest" name="@BeforeMethod hitTheURL" time="-1.678972938768E9">
    <skipped/>
  </testcase> <!-- @BeforeMethod hitTheURL -->
  <testcase classname="Com.Test.common.BaseTest" name="@AfterClass closeBrowser" time="-1.678972938776E9">
    <skipped/>
  </testcase> <!-- @AfterClass closeBrowser -->
  <testcase classname="Com.Test.HomeTest" name="currentURL" time="16.29"/>
  <testcase classname="Com.Test.About_UsTest" name="currentURL" time="5.713"/>
  <testcase classname="Com.Test.EventTest" name="currentURL" time="0.483"/>
  <testcase classname="Com.Test.ContactUsTest" name="currentURL" time="9.05"/>
  <testcase classname="Com.Test.HomeTest" name="home" time="28.188">
    <failure type="org.openqa.selenium.NoSuchWindowException" message="no such window: target window already closed
from unknown error: web view not found
  (Session info: chrome=111.0.5563.65)
Build info: version: &amp;apos;3.141.59&amp;apos;, revision: &amp;apos;e82be7d358&amp;apos;, time: &amp;apos;2018-11-14T08:17:03&amp;apos;
System info: host: &amp;apos;DELL-RND&amp;apos;, ip: &amp;apos;192.168.1.18&amp;apos;, os.name: &amp;apos;Windows 10&amp;apos;, os.arch: &amp;apos;amd64&amp;apos;, os.version: &amp;apos;10.0&amp;apos;, java.version: &amp;apos;17.0.3&amp;apos;
Driver info: org.openqa.selenium.chrome.ChromeDriver
Capabilities {acceptInsecureCerts: false, browserName: chrome, browserVersion: 111.0.5563.65, chrome: {chromedriverVersion: 111.0.5563.64 (c710e93d5b63..., userDataDir: C:\Users\RnD\AppData\Local\...}, goog:chromeOptions: {debuggerAddress: localhost:55747}, javascriptEnabled: true, networkConnectionEnabled: false, pageLoadStrategy: normal, platform: WINDOWS, platformName: WINDOWS, proxy: Proxy(), setWindowRect: true, strictFileInteractability: false, timeouts: {implicit: 0, pageLoad: 300000, script: 30000}, unhandledPromptBehavior: dismiss and notify, webauthn:extension:credBlob: true, webauthn:extension:largeBlob: true, webauthn:extension:minPinLength: true, webauthn:extension:prf: true, webauthn:virtualAuthenticators: true}
Session ID: 52660e4008afd5950d21b4bf47a35fff
*** Element info: {Using=xpath, value=//a[@href=&amp;apos;/event_gallery&amp;apos;]}">
      <![CDATA[org.openqa.selenium.NoSuchWindowException: no such window: target window already closed
from unknown error: web view not found
  (Session info: chrome=111.0.5563.65)
Build info: version: '3.141.59', revision: 'e82be7d358', time: '2018-11-14T08:17:03'
System info: host: 'DELL-RND', ip: '192.168.1.18', os.name: 'Windows 10', os.arch: 'amd64', os.version: '10.0', java.version: '17.0.3'
Driver info: org.openqa.selenium.chrome.ChromeDriver
Capabilities {acceptInsecureCerts: false, browserName: chrome, browserVersion: 111.0.5563.65, chrome: {chromedriverVersion: 111.0.5563.64 (c710e93d5b63..., userDataDir: C:\Users\RnD\AppData\Local\...}, goog:chromeOptions: {debuggerAddress: localhost:55747}, javascriptEnabled: true, networkConnectionEnabled: false, pageLoadStrategy: normal, platform: WINDOWS, platformName: WINDOWS, proxy: Proxy(), setWindowRect: true, strictFileInteractability: false, timeouts: {implicit: 0, pageLoad: 300000, script: 30000}, unhandledPromptBehavior: dismiss and notify, webauthn:extension:credBlob: true, webauthn:extension:largeBlob: true, webauthn:extension:minPinLength: true, webauthn:extension:prf: true, webauthn:virtualAuthenticators: true}
Session ID: 52660e4008afd5950d21b4bf47a35fff
*** Element info: {Using=xpath, value=//a[@href='/event_gallery']}
at org.openqa.selenium.remote.http.W3CHttpResponseCodec.createException(W3CHttpResponseCodec.java:187)
at org.openqa.selenium.remote.http.W3CHttpResponseCodec.decode(W3CHttpResponseCodec.java:122)
at org.openqa.selenium.remote.http.W3CHttpResponseCodec.decode(W3CHttpResponseCodec.java:49)
at org.openqa.selenium.remote.HttpCommandExecutor.execute(HttpCommandExecutor.java:158)
at org.openqa.selenium.remote.service.DriverCommandExecutor.execute(DriverCommandExecutor.java:83)
at org.openqa.selenium.remote.RemoteWebDriver.execute(RemoteWebDriver.java:552)
at org.openqa.selenium.remote.RemoteWebDriver.findElement(RemoteWebDriver.java:323)
at org.openqa.selenium.remote.RemoteWebDriver.findElementByXPath(RemoteWebDriver.java:428)
at org.openqa.selenium.By$ByXPath.findElement(By.java:353)
at org.openqa.selenium.remote.RemoteWebDriver.findElement(RemoteWebDriver.java:315)
at org.openqa.selenium.support.pagefactory.DefaultElementLocator.findElement(DefaultElementLocator.java:69)
at org.openqa.selenium.support.pagefactory.internal.LocatingElementHandler.invoke(LocatingElementHandler.java:38)
at jdk.proxy2/jdk.proxy2.$Proxy14.getWrappedElement(Unknown Source)
at org.openqa.selenium.remote.internal.WebElementToJsonConverter.apply(WebElementToJsonConverter.java:50)
at java.base/java.util.stream.ReferencePipeline$3$1.accept(ReferencePipeline.java:197)
at java.base/java.util.Spliterators$ArraySpliterator.forEachRemaining(Spliterators.java:992)
at java.base/java.util.stream.AbstractPipeline.copyInto(AbstractPipeline.java:509)
at java.base/java.util.stream.AbstractPipeline.wrapAndCopyInto(AbstractPipeline.java:499)
at java.base/java.util.stream.ReduceOps$ReduceOp.evaluateSequential(ReduceOps.java:921)
at java.base/java.util.stream.AbstractPipeline.evaluate(AbstractPipeline.java:234)
at java.base/java.util.stream.ReferencePipeline.collect(ReferencePipeline.java:682)
at org.openqa.selenium.remote.RemoteWebDriver.executeScript(RemoteWebDriver.java:484)
at Base.com.Base.clickElement(Base.java:27)
at Com.Pom.Home.clickOnEvent_gallaryTab(Home.java:47)
at Com.Test.HomeTest.home(HomeTest.java:50)
at java.base/java.util.ArrayList.forEach(ArrayList.java:1511)
at java.base/java.util.concurrent.FutureTask.run(FutureTask.java:264)
at java.base/java.util.concurrent.ThreadPoolExecutor.runWorker(ThreadPoolExecutor.java:1136)
at java.base/java.util.concurrent.ThreadPoolExecutor$Worker.run(ThreadPoolExecutor.java:635)
at java.base/java.lang.Thread.run(Thread.java:833)
... Removed 23 stack frames]]>
    </failure>
  </testcase> <!-- home -->
  <testcase classname="Com.Test.HomeTest" name="titleTest" time="0.0">
    <skipped/>
  </testcase> <!-- titleTest -->
  <testcase classname="Com.Test.GalaryTest" name="titleTest" time="0.0">
    <skipped/>
  </testcase> <!-- titleTest -->
  <testcase classname="Com.Test.DonateTest" name="ClickDonateRandomAmount" time="0.0">
    <skipped/>
  </testcase> <!-- ClickDonateRandomAmount -->
  <testcase classname="Com.Test.ContactUsTest" name="Contact_Us" time="0.0">
    <skipped/>
  </testcase> <!-- Contact_Us -->
  <testcase classname="Com.Test.EventTest" name="Event" time="0.0">
    <skipped/>
  </testcase> <!-- Event -->
  <testcase classname="Com.Test.GalaryTest" name="GALLERY_OpenEventGallary" time="0.0">
    <skipped/>
  </testcase> <!-- GALLERY_OpenEventGallary -->
  <testcase classname="Com.Test.DonateTest" name="currentURL" time="0.0">
    <skipped/>
  </testcase> <!-- currentURL -->
  <testcase classname="Com.Test.LoginTest" name="currentURL" time="0.0">
    <skipped/>
  </testcase> <!-- currentURL -->
  <testcase classname="Com.Test.About_UsTest" name="testFounderImageDisplay" time="0.0">
    <skipped/>
  </testcase> <!-- testFounderImageDisplay -->
  <testcase classname="Com.Test.DonateTest" name="ClickDonate2kAmount" time="0.0">
    <skipped/>
  </testcase> <!-- ClickDonate2kAmount -->
  <testcase classname="Com.Test.GalaryTest" name="GALLERY_OpenVideoGallary" time="0.0">
    <skipped/>
  </testcase> <!-- GALLERY_OpenVideoGallary -->
  <testcase classname="Com.Test.LoginTest" name="titleTest" time="0.0">
    <skipped/>
  </testcase> <!-- titleTest -->
  <testcase classname="Com.Test.DonateTest" name="ClickDonate5kAmount" time="0.0">
    <skipped/>
  </testcase> <!-- ClickDonate5kAmount -->
  <testcase classname="Com.Test.GalaryTest" name="GALLERY_OpenVIPGallary" time="0.0">
    <skipped/>
  </testcase> <!-- GALLERY_OpenVIPGallary -->
  <testcase classname="Com.Test.LoginTest" name="VerifyLogInPage" time="0.0">
    <skipped/>
  </testcase> <!-- VerifyLogInPage -->
  <testcase classname="Com.Test.DonateTest" name="ClickDonate10kAmount" time="0.0">
    <skipped/>
  </testcase> <!-- ClickDonate10kAmount -->
  <testcase classname="Com.Test.DonateTest" name="ClickDonate20kAmount" time="0.0">
    <skipped/>
  </testcase> <!-- ClickDonate20kAmount -->
  <testcase classname="Com.Test.common.FooterTest" name="navigate" time="0.0">
    <skipped/>
  </testcase> <!-- navigate -->
  <testcase classname="Com.Test.common.FooterTest" name="navigate" time="0.0">
    <skipped/>
  </testcase> <!-- navigate -->
  <testcase classname="Com.Test.common.FooterTest" name="navigate" time="0.0">
    <skipped/>
  </testcase> <!-- navigate -->
  <testcase classname="Com.Test.common.FooterTest" name="navigate" time="0.0">
    <skipped/>
  </testcase> <!-- navigate -->
  <testcase classname="Com.Test.common.FooterTest" name="navigate" time="0.0">
    <skipped/>
  </testcase> <!-- navigate -->
  <testcase classname="Com.Test.common.FooterTest" name="navigate" time="0.0">
    <skipped/>
  </testcase> <!-- navigate -->
  <testcase classname="Com.Test.common.FooterTest" name="navigate1" time="0.0">
    <skipped/>
  </testcase> <!-- navigate1 -->
  <testcase classname="Com.Test.common.FooterTest" name="navigate1" time="0.0">
    <skipped/>
  </testcase> <!-- navigate1 -->
  <testcase classname="Com.Test.common.FooterTest" name="navigate1" time="0.0">
    <skipped/>
  </testcase> <!-- navigate1 -->
  <testcase classname="Com.Test.common.FooterTest" name="navigate1" time="0.0">
    <skipped/>
  </testcase> <!-- navigate1 -->
  <testcase classname="Com.Test.common.FooterTest" name="navigate1" time="0.0">
    <skipped/>
  </testcase> <!-- navigate1 -->
  <testcase classname="Com.Test.common.FooterTest" name="navigate1" time="0.0">
    <skipped/>
  </testcase> <!-- navigate1 -->
  <testcase classname="Com.Test.common.FooterTest" name="navigate2" time="0.0">
    <skipped/>
  </testcase> <!-- navigate2 -->
  <testcase classname="Com.Test.common.FooterTest" name="navigate2" time="0.0">
    <skipped/>
  </testcase> <!-- navigate2 -->
  <testcase classname="Com.Test.common.FooterTest" name="navigate2" time="0.0">
    <skipped/>
  </testcase> <!-- navigate2 -->
  <testcase classname="Com.Test.common.FooterTest" name="navigate2" time="0.0">
    <skipped/>
  </testcase> <!-- navigate2 -->
  <testcase classname="Com.Test.common.FooterTest" name="navigate2" time="0.0">
    <skipped/>
  </testcase> <!-- navigate2 -->
  <testcase classname="Com.Test.common.FooterTest" name="navigate2" time="0.0">
    <skipped/>
  </testcase> <!-- navigate2 -->
  <testcase classname="Com.Test.common.FooterTest" name="navigate3" time="0.0">
    <skipped/>
  </testcase> <!-- navigate3 -->
  <testcase classname="Com.Test.common.FooterTest" name="navigate3" time="0.0">
    <skipped/>
  </testcase> <!-- navigate3 -->
  <testcase classname="Com.Test.common.FooterTest" name="navigate3" time="0.0">
    <skipped/>
  </testcase> <!-- navigate3 -->
  <testcase classname="Com.Test.common.FooterTest" name="navigate3" time="0.0">
    <skipped/>
  </testcase> <!-- navigate3 -->
  <testcase classname="Com.Test.common.FooterTest" name="navigate3" time="0.0">
    <skipped/>
  </testcase> <!-- navigate3 -->
  <testcase classname="Com.Test.common.FooterTest" name="navigate3" time="0.0">
    <skipped/>
  </testcase> <!-- navigate3 -->
</testsuite> <!-- Test1 -->
