<?xml version="1.0" encoding="UTF-8"?>
<!-- Generated by org.testng.reporters.JUnitXMLReporter -->
<testsuite ignored="0" hostname="DELL-RnD" failures="1" tests="46" name="Test2" time="243.789" errors="0" timestamp="2023-03-16T18:52:20 IST">
  <testcase classname="Com.Test.HomeTest" name="@BeforeMethod hitTheURL" time="0.068">
    <failure type="org.openqa.selenium.NoSuchWindowException" message="no such window: target window already closed
from unknown error: web view not found
  (Session info: chrome=111.0.5563.65)
Build info: version: &amp;apos;3.141.59&amp;apos;, revision: &amp;apos;e82be7d358&amp;apos;, time: &amp;apos;2018-11-14T08:17:03&amp;apos;
System info: host: &amp;apos;DELL-RND&amp;apos;, ip: &amp;apos;192.168.1.18&amp;apos;, os.name: &amp;apos;Windows 10&amp;apos;, os.arch: &amp;apos;amd64&amp;apos;, os.version: &amp;apos;10.0&amp;apos;, java.version: &amp;apos;17.0.3&amp;apos;
Driver info: org.openqa.selenium.chrome.ChromeDriver
Capabilities {acceptInsecureCerts: false, browserName: chrome, browserVersion: 111.0.5563.65, chrome: {chromedriverVersion: 111.0.5563.64 (c710e93d5b63..., userDataDir: C:\Users\RnD\AppData\Local\...}, goog:chromeOptions: {debuggerAddress: localhost:55739}, javascriptEnabled: true, networkConnectionEnabled: false, pageLoadStrategy: normal, platform: WINDOWS, platformName: WINDOWS, proxy: Proxy(), setWindowRect: true, strictFileInteractability: false, timeouts: {implicit: 0, pageLoad: 300000, script: 30000}, unhandledPromptBehavior: dismiss and notify, webauthn:extension:credBlob: true, webauthn:extension:largeBlob: true, webauthn:extension:minPinLength: true, webauthn:extension:prf: true, webauthn:virtualAuthenticators: true}
Session ID: 1ad6388195f2e66459f6b02e9a42e97c">
      <![CDATA[org.openqa.selenium.NoSuchWindowException: no such window: target window already closed
from unknown error: web view not found
  (Session info: chrome=111.0.5563.65)
Build info: version: '3.141.59', revision: 'e82be7d358', time: '2018-11-14T08:17:03'
System info: host: 'DELL-RND', ip: '192.168.1.18', os.name: 'Windows 10', os.arch: 'amd64', os.version: '10.0', java.version: '17.0.3'
Driver info: org.openqa.selenium.chrome.ChromeDriver
Capabilities {acceptInsecureCerts: false, browserName: chrome, browserVersion: 111.0.5563.65, chrome: {chromedriverVersion: 111.0.5563.64 (c710e93d5b63..., userDataDir: C:\Users\RnD\AppData\Local\...}, goog:chromeOptions: {debuggerAddress: localhost:55739}, javascriptEnabled: true, networkConnectionEnabled: false, pageLoadStrategy: normal, platform: WINDOWS, platformName: WINDOWS, proxy: Proxy(), setWindowRect: true, strictFileInteractability: false, timeouts: {implicit: 0, pageLoad: 300000, script: 30000}, unhandledPromptBehavior: dismiss and notify, webauthn:extension:credBlob: true, webauthn:extension:largeBlob: true, webauthn:extension:minPinLength: true, webauthn:extension:prf: true, webauthn:virtualAuthenticators: true}
Session ID: 1ad6388195f2e66459f6b02e9a42e97c
at org.openqa.selenium.remote.http.W3CHttpResponseCodec.createException(W3CHttpResponseCodec.java:187)
at org.openqa.selenium.remote.http.W3CHttpResponseCodec.decode(W3CHttpResponseCodec.java:122)
at org.openqa.selenium.remote.http.W3CHttpResponseCodec.decode(W3CHttpResponseCodec.java:49)
at org.openqa.selenium.remote.HttpCommandExecutor.execute(HttpCommandExecutor.java:158)
at org.openqa.selenium.remote.service.DriverCommandExecutor.execute(DriverCommandExecutor.java:83)
at org.openqa.selenium.remote.RemoteWebDriver.execute(RemoteWebDriver.java:552)
at org.openqa.selenium.remote.RemoteWebDriver.get(RemoteWebDriver.java:277)
at Com.Test.common.FooterTest.hitTheURL(FooterTest.java:17)
at Com.Test.HomeTest.hitTheURL(HomeTest.java:16)
at java.base/java.util.ArrayList.forEach(ArrayList.java:1511)
at java.base/java.util.concurrent.FutureTask.run(FutureTask.java:264)
at java.base/java.util.concurrent.ThreadPoolExecutor.runWorker(ThreadPoolExecutor.java:1136)
at java.base/java.util.concurrent.ThreadPoolExecutor$Worker.run(ThreadPoolExecutor.java:635)
at java.base/java.lang.Thread.run(Thread.java:833)
... Removed 27 stack frames]]>
    </failure>
  </testcase> <!-- @BeforeMethod hitTheURL -->
  <testcase classname="Com.Test.GalaryTest" name="@BeforeMethod hitTheURL" time="0.009">
    <failure type="org.openqa.selenium.NoSuchWindowException" message="no such window: target window already closed
from unknown error: web view not found
  (Session info: chrome=111.0.5563.65)
Build info: version: &amp;apos;3.141.59&amp;apos;, revision: &amp;apos;e82be7d358&amp;apos;, time: &amp;apos;2018-11-14T08:17:03&amp;apos;
System info: host: &amp;apos;DELL-RND&amp;apos;, ip: &amp;apos;192.168.1.18&amp;apos;, os.name: &amp;apos;Windows 10&amp;apos;, os.arch: &amp;apos;amd64&amp;apos;, os.version: &amp;apos;10.0&amp;apos;, java.version: &amp;apos;17.0.3&amp;apos;
Driver info: org.openqa.selenium.chrome.ChromeDriver
Capabilities {acceptInsecureCerts: false, browserName: chrome, browserVersion: 111.0.5563.65, chrome: {chromedriverVersion: 111.0.5563.64 (c710e93d5b63..., userDataDir: C:\Users\RnD\AppData\Local\...}, goog:chromeOptions: {debuggerAddress: localhost:56344}, javascriptEnabled: true, networkConnectionEnabled: false, pageLoadStrategy: normal, platform: WINDOWS, platformName: WINDOWS, proxy: Proxy(), setWindowRect: true, strictFileInteractability: false, timeouts: {implicit: 0, pageLoad: 300000, script: 30000}, unhandledPromptBehavior: dismiss and notify, webauthn:extension:credBlob: true, webauthn:extension:largeBlob: true, webauthn:extension:minPinLength: true, webauthn:extension:prf: true, webauthn:virtualAuthenticators: true}
Session ID: 2ec5cf8fee5a1a2b86b1e1740a30512e">
      <![CDATA[org.openqa.selenium.NoSuchWindowException: no such window: target window already closed
from unknown error: web view not found
  (Session info: chrome=111.0.5563.65)
Build info: version: '3.141.59', revision: 'e82be7d358', time: '2018-11-14T08:17:03'
System info: host: 'DELL-RND', ip: '192.168.1.18', os.name: 'Windows 10', os.arch: 'amd64', os.version: '10.0', java.version: '17.0.3'
Driver info: org.openqa.selenium.chrome.ChromeDriver
Capabilities {acceptInsecureCerts: false, browserName: chrome, browserVersion: 111.0.5563.65, chrome: {chromedriverVersion: 111.0.5563.64 (c710e93d5b63..., userDataDir: C:\Users\RnD\AppData\Local\...}, goog:chromeOptions: {debuggerAddress: localhost:56344}, javascriptEnabled: true, networkConnectionEnabled: false, pageLoadStrategy: normal, platform: WINDOWS, platformName: WINDOWS, proxy: Proxy(), setWindowRect: true, strictFileInteractability: false, timeouts: {implicit: 0, pageLoad: 300000, script: 30000}, unhandledPromptBehavior: dismiss and notify, webauthn:extension:credBlob: true, webauthn:extension:largeBlob: true, webauthn:extension:minPinLength: true, webauthn:extension:prf: true, webauthn:virtualAuthenticators: true}
Session ID: 2ec5cf8fee5a1a2b86b1e1740a30512e
at org.openqa.selenium.remote.http.W3CHttpResponseCodec.createException(W3CHttpResponseCodec.java:187)
at org.openqa.selenium.remote.http.W3CHttpResponseCodec.decode(W3CHttpResponseCodec.java:122)
at org.openqa.selenium.remote.http.W3CHttpResponseCodec.decode(W3CHttpResponseCodec.java:49)
at org.openqa.selenium.remote.HttpCommandExecutor.execute(HttpCommandExecutor.java:158)
at org.openqa.selenium.remote.service.DriverCommandExecutor.execute(DriverCommandExecutor.java:83)
at org.openqa.selenium.remote.RemoteWebDriver.execute(RemoteWebDriver.java:552)
at org.openqa.selenium.remote.RemoteWebDriver.get(RemoteWebDriver.java:277)
at Com.Test.common.FooterTest.hitTheURL(FooterTest.java:17)
at Com.Test.GalaryTest.hitTheURL(GalaryTest.java:22)
at java.base/java.util.ArrayList.forEach(ArrayList.java:1511)
at java.base/java.util.concurrent.FutureTask.run(FutureTask.java:264)
at java.base/java.util.concurrent.ThreadPoolExecutor.runWorker(ThreadPoolExecutor.java:1136)
at java.base/java.util.concurrent.ThreadPoolExecutor$Worker.run(ThreadPoolExecutor.java:635)
at java.base/java.lang.Thread.run(Thread.java:833)
... Removed 27 stack frames]]>
    </failure>
  </testcase> <!-- @BeforeMethod hitTheURL -->
  <testcase classname="Com.Test.GalaryTest" name="@AfterMethod ss" time="-1.678972924083E9">
    <skipped/>
  </testcase> <!-- @AfterMethod ss -->
  <testcase classname="Com.Test.common.BaseTest" name="@BeforeClass launchTheBrowser" time="9.471">
    <failure type="org.openqa.selenium.WebDriverException" message="disconnected: received Inspector.detached event
  (failed to check if window was closed: disconnected: not connected to DevTools)
  (Session info: chrome=111.0.5563.65)
Build info: version: &amp;apos;3.141.59&amp;apos;, revision: &amp;apos;e82be7d358&amp;apos;, time: &amp;apos;2018-11-14T08:17:03&amp;apos;
System info: host: &amp;apos;DELL-RND&amp;apos;, ip: &amp;apos;192.168.1.18&amp;apos;, os.name: &amp;apos;Windows 10&amp;apos;, os.arch: &amp;apos;amd64&amp;apos;, os.version: &amp;apos;10.0&amp;apos;, java.version: &amp;apos;17.0.3&amp;apos;
Driver info: driver.version: ChromeDriver
remote stacktrace: Backtrace:
	(No symbol) [0x004ADCE3]
	(No symbol) [0x004439D1]
	(No symbol) [0x00354DA8]
	(No symbol) [0x00348F47]
	(No symbol) [0x00348ADB]
	(No symbol) [0x00347F65]
	(No symbol) [0x00347EFC]
	(No symbol) [0x00346BF6]
	(No symbol) [0x00347358]
	(No symbol) [0x00346375]
	(No symbol) [0x0034C630]
	(No symbol) [0x003461B5]
	(No symbol) [0x00347C1A]
	(No symbol) [0x00346BF6]
	(No symbol) [0x00347358]
	(No symbol) [0x00346375]
	(No symbol) [0x00340B4F]
	(No symbol) [0x003461B5]
	(No symbol) [0x00345B6D]
	(No symbol) [0x0034584C]
	(No symbol) [0x00356143]
	(No symbol) [0x0033C883]
	(No symbol) [0x0033BF75]
	(No symbol) [0x003A177D]
	(No symbol) [0x003A129C]
	(No symbol) [0x0039ACC6]
	(No symbol) [0x00376F68]
	(No symbol) [0x003780CD]
	GetHandleVerifier [0x00723832+2506274]
	GetHandleVerifier [0x00759794+2727300]
	GetHandleVerifier [0x0075E36C+2746716]
	GetHandleVerifier [0x00556690+617600]
	(No symbol) [0x0044C712]
	(No symbol) [0x00451FF8]
	(No symbol) [0x004520DB]
	(No symbol) [0x0045C63B]
	BaseThreadInitThunk [0x768100F9+25]
	RtlGetAppContainerNamedObjectPath [0x77897BBE+286]
	RtlGetAppContainerNamedObjectPath [0x77897B8E+238]
">
      <![CDATA[org.openqa.selenium.WebDriverException: disconnected: received Inspector.detached event
  (failed to check if window was closed: disconnected: not connected to DevTools)
  (Session info: chrome=111.0.5563.65)
Build info: version: '3.141.59', revision: 'e82be7d358', time: '2018-11-14T08:17:03'
System info: host: 'DELL-RND', ip: '192.168.1.18', os.name: 'Windows 10', os.arch: 'amd64', os.version: '10.0', java.version: '17.0.3'
Driver info: driver.version: ChromeDriver
remote stacktrace: Backtrace:
(No symbol) [0x004ADCE3]
(No symbol) [0x004439D1]
(No symbol) [0x00354DA8]
(No symbol) [0x00348F47]
(No symbol) [0x00348ADB]
(No symbol) [0x00347F65]
(No symbol) [0x00347EFC]
(No symbol) [0x00346BF6]
(No symbol) [0x00347358]
(No symbol) [0x00346375]
(No symbol) [0x0034C630]
(No symbol) [0x003461B5]
(No symbol) [0x00347C1A]
(No symbol) [0x00346BF6]
(No symbol) [0x00347358]
(No symbol) [0x00346375]
(No symbol) [0x00340B4F]
(No symbol) [0x003461B5]
(No symbol) [0x00345B6D]
(No symbol) [0x0034584C]
(No symbol) [0x00356143]
(No symbol) [0x0033C883]
(No symbol) [0x0033BF75]
(No symbol) [0x003A177D]
(No symbol) [0x003A129C]
(No symbol) [0x0039ACC6]
(No symbol) [0x00376F68]
(No symbol) [0x003780CD]
GetHandleVerifier [0x00723832+2506274]
GetHandleVerifier [0x00759794+2727300]
GetHandleVerifier [0x0075E36C+2746716]
GetHandleVerifier [0x00556690+617600]
(No symbol) [0x0044C712]
(No symbol) [0x00451FF8]
(No symbol) [0x004520DB]
(No symbol) [0x0045C63B]
BaseThreadInitThunk [0x768100F9+25]
RtlGetAppContainerNamedObjectPath [0x77897BBE+286]
RtlGetAppContainerNamedObjectPath [0x77897B8E+238]

at org.openqa.selenium.remote.W3CHandshakeResponse.lambda$errorHandler$0(W3CHandshakeResponse.java:62)
at org.openqa.selenium.remote.HandshakeResponse.lambda$getResponseFunction$0(HandshakeResponse.java:30)
at org.openqa.selenium.remote.ProtocolHandshake.lambda$createSession$0(ProtocolHandshake.java:126)
at java.base/java.util.stream.ReferencePipeline$3$1.accept(ReferencePipeline.java:197)
at java.base/java.util.Spliterators$ArraySpliterator.tryAdvance(Spliterators.java:1002)
at java.base/java.util.stream.ReferencePipeline.forEachWithCancel(ReferencePipeline.java:129)
at java.base/java.util.stream.AbstractPipeline.copyIntoWithCancel(AbstractPipeline.java:527)
at java.base/java.util.stream.AbstractPipeline.copyInto(AbstractPipeline.java:513)
at java.base/java.util.stream.AbstractPipeline.wrapAndCopyInto(AbstractPipeline.java:499)
at java.base/java.util.stream.FindOps$FindOp.evaluateSequential(FindOps.java:150)
at java.base/java.util.stream.AbstractPipeline.evaluate(AbstractPipeline.java:234)
at java.base/java.util.stream.ReferencePipeline.findFirst(ReferencePipeline.java:647)
at org.openqa.selenium.remote.ProtocolHandshake.createSession(ProtocolHandshake.java:128)
at org.openqa.selenium.remote.ProtocolHandshake.createSession(ProtocolHandshake.java:74)
at org.openqa.selenium.remote.HttpCommandExecutor.execute(HttpCommandExecutor.java:136)
at org.openqa.selenium.remote.service.DriverCommandExecutor.execute(DriverCommandExecutor.java:83)
at org.openqa.selenium.remote.RemoteWebDriver.execute(RemoteWebDriver.java:552)
at org.openqa.selenium.remote.RemoteWebDriver.startSession(RemoteWebDriver.java:213)
at org.openqa.selenium.remote.RemoteWebDriver.<init>(RemoteWebDriver.java:131)
at org.openqa.selenium.chrome.ChromeDriver.<init>(ChromeDriver.java:181)
at org.openqa.selenium.chrome.ChromeDriver.<init>(ChromeDriver.java:168)
at org.openqa.selenium.chrome.ChromeDriver.<init>(ChromeDriver.java:123)
at Base.com.Base.OpenChromeBrowser(Base.java:15)
at Com.Test.common.BaseTest.launchTheBrowser(BaseTest.java:20)
at java.base/java.util.ArrayList.forEach(ArrayList.java:1511)
at java.base/java.util.concurrent.FutureTask.run(FutureTask.java:264)
at java.base/java.util.concurrent.ThreadPoolExecutor.runWorker(ThreadPoolExecutor.java:1136)
at java.base/java.util.concurrent.ThreadPoolExecutor$Worker.run(ThreadPoolExecutor.java:635)
at java.base/java.lang.Thread.run(Thread.java:833)
... Removed 21 stack frames]]>
    </failure>
  </testcase> <!-- @BeforeClass launchTheBrowser -->
  <testcase classname="Com.Test.DonateTest" name="@BeforeMethod hitTheURL" time="-1.678972933567E9">
    <skipped/>
  </testcase> <!-- @BeforeMethod hitTheURL -->
  <testcase classname="Com.Test.DonateTest" name="@AfterMethod ss" time="-1.678972933573E9">
    <skipped/>
  </testcase> <!-- @AfterMethod ss -->
  <testcase classname="Com.Test.ContactUsTest" name="@BeforeMethod hitTheURL" time="0.013">
    <failure type="org.openqa.selenium.NoSuchWindowException" message="no such window: target window already closed
from unknown error: web view not found
  (Session info: chrome=111.0.5563.65)
Build info: version: &amp;apos;3.141.59&amp;apos;, revision: &amp;apos;e82be7d358&amp;apos;, time: &amp;apos;2018-11-14T08:17:03&amp;apos;
System info: host: &amp;apos;DELL-RND&amp;apos;, ip: &amp;apos;192.168.1.18&amp;apos;, os.name: &amp;apos;Windows 10&amp;apos;, os.arch: &amp;apos;amd64&amp;apos;, os.version: &amp;apos;10.0&amp;apos;, java.version: &amp;apos;17.0.3&amp;apos;
Driver info: org.openqa.selenium.chrome.ChromeDriver
Capabilities {acceptInsecureCerts: false, browserName: chrome, browserVersion: 111.0.5563.65, chrome: {chromedriverVersion: 111.0.5563.64 (c710e93d5b63..., userDataDir: C:\Users\RnD\AppData\Local\...}, goog:chromeOptions: {debuggerAddress: localhost:56102}, javascriptEnabled: true, networkConnectionEnabled: false, pageLoadStrategy: normal, platform: WINDOWS, platformName: WINDOWS, proxy: Proxy(), setWindowRect: true, strictFileInteractability: false, timeouts: {implicit: 0, pageLoad: 300000, script: 30000}, unhandledPromptBehavior: dismiss and notify, webauthn:extension:credBlob: true, webauthn:extension:largeBlob: true, webauthn:extension:minPinLength: true, webauthn:extension:prf: true, webauthn:virtualAuthenticators: true}
Session ID: 6f4ae02fa31cd8960a21178bb055ca23">
      <![CDATA[org.openqa.selenium.NoSuchWindowException: no such window: target window already closed
from unknown error: web view not found
  (Session info: chrome=111.0.5563.65)
Build info: version: '3.141.59', revision: 'e82be7d358', time: '2018-11-14T08:17:03'
System info: host: 'DELL-RND', ip: '192.168.1.18', os.name: 'Windows 10', os.arch: 'amd64', os.version: '10.0', java.version: '17.0.3'
Driver info: org.openqa.selenium.chrome.ChromeDriver
Capabilities {acceptInsecureCerts: false, browserName: chrome, browserVersion: 111.0.5563.65, chrome: {chromedriverVersion: 111.0.5563.64 (c710e93d5b63..., userDataDir: C:\Users\RnD\AppData\Local\...}, goog:chromeOptions: {debuggerAddress: localhost:56102}, javascriptEnabled: true, networkConnectionEnabled: false, pageLoadStrategy: normal, platform: WINDOWS, platformName: WINDOWS, proxy: Proxy(), setWindowRect: true, strictFileInteractability: false, timeouts: {implicit: 0, pageLoad: 300000, script: 30000}, unhandledPromptBehavior: dismiss and notify, webauthn:extension:credBlob: true, webauthn:extension:largeBlob: true, webauthn:extension:minPinLength: true, webauthn:extension:prf: true, webauthn:virtualAuthenticators: true}
Session ID: 6f4ae02fa31cd8960a21178bb055ca23
at org.openqa.selenium.remote.http.W3CHttpResponseCodec.createException(W3CHttpResponseCodec.java:187)
at org.openqa.selenium.remote.http.W3CHttpResponseCodec.decode(W3CHttpResponseCodec.java:122)
at org.openqa.selenium.remote.http.W3CHttpResponseCodec.decode(W3CHttpResponseCodec.java:49)
at org.openqa.selenium.remote.HttpCommandExecutor.execute(HttpCommandExecutor.java:158)
at org.openqa.selenium.remote.service.DriverCommandExecutor.execute(DriverCommandExecutor.java:83)
at org.openqa.selenium.remote.RemoteWebDriver.execute(RemoteWebDriver.java:552)
at org.openqa.selenium.remote.RemoteWebDriver.get(RemoteWebDriver.java:277)
at Com.Test.common.FooterTest.hitTheURL(FooterTest.java:17)
at Com.Test.ContactUsTest.hitTheURL(ContactUsTest.java:16)
at java.base/java.util.ArrayList.forEach(ArrayList.java:1511)
at java.base/java.util.concurrent.FutureTask.run(FutureTask.java:264)
at java.base/java.util.concurrent.ThreadPoolExecutor.runWorker(ThreadPoolExecutor.java:1136)
at java.base/java.util.concurrent.ThreadPoolExecutor$Worker.run(ThreadPoolExecutor.java:635)
at java.base/java.lang.Thread.run(Thread.java:833)
... Removed 27 stack frames]]>
    </failure>
  </testcase> <!-- @BeforeMethod hitTheURL -->
  <testcase classname="Com.Test.EventTest" name="@BeforeMethod hitTheURL" time="0.015">
    <failure type="org.openqa.selenium.NoSuchWindowException" message="no such window: target window already closed
from unknown error: web view not found
  (Session info: chrome=111.0.5563.65)
Build info: version: &amp;apos;3.141.59&amp;apos;, revision: &amp;apos;e82be7d358&amp;apos;, time: &amp;apos;2018-11-14T08:17:03&amp;apos;
System info: host: &amp;apos;DELL-RND&amp;apos;, ip: &amp;apos;192.168.1.18&amp;apos;, os.name: &amp;apos;Windows 10&amp;apos;, os.arch: &amp;apos;amd64&amp;apos;, os.version: &amp;apos;10.0&amp;apos;, java.version: &amp;apos;17.0.3&amp;apos;
Driver info: org.openqa.selenium.chrome.ChromeDriver
Capabilities {acceptInsecureCerts: false, browserName: chrome, browserVersion: 111.0.5563.65, chrome: {chromedriverVersion: 111.0.5563.64 (c710e93d5b63..., userDataDir: C:\Users\RnD\AppData\Local\...}, goog:chromeOptions: {debuggerAddress: localhost:55995}, javascriptEnabled: true, networkConnectionEnabled: false, pageLoadStrategy: normal, platform: WINDOWS, platformName: WINDOWS, proxy: Proxy(), setWindowRect: true, strictFileInteractability: false, timeouts: {implicit: 0, pageLoad: 300000, script: 30000}, unhandledPromptBehavior: dismiss and notify, webauthn:extension:credBlob: true, webauthn:extension:largeBlob: true, webauthn:extension:minPinLength: true, webauthn:extension:prf: true, webauthn:virtualAuthenticators: true}
Session ID: 3267d83f19fd177bbe73b055a47dcae1">
      <![CDATA[org.openqa.selenium.NoSuchWindowException: no such window: target window already closed
from unknown error: web view not found
  (Session info: chrome=111.0.5563.65)
Build info: version: '3.141.59', revision: 'e82be7d358', time: '2018-11-14T08:17:03'
System info: host: 'DELL-RND', ip: '192.168.1.18', os.name: 'Windows 10', os.arch: 'amd64', os.version: '10.0', java.version: '17.0.3'
Driver info: org.openqa.selenium.chrome.ChromeDriver
Capabilities {acceptInsecureCerts: false, browserName: chrome, browserVersion: 111.0.5563.65, chrome: {chromedriverVersion: 111.0.5563.64 (c710e93d5b63..., userDataDir: C:\Users\RnD\AppData\Local\...}, goog:chromeOptions: {debuggerAddress: localhost:55995}, javascriptEnabled: true, networkConnectionEnabled: false, pageLoadStrategy: normal, platform: WINDOWS, platformName: WINDOWS, proxy: Proxy(), setWindowRect: true, strictFileInteractability: false, timeouts: {implicit: 0, pageLoad: 300000, script: 30000}, unhandledPromptBehavior: dismiss and notify, webauthn:extension:credBlob: true, webauthn:extension:largeBlob: true, webauthn:extension:minPinLength: true, webauthn:extension:prf: true, webauthn:virtualAuthenticators: true}
Session ID: 3267d83f19fd177bbe73b055a47dcae1
at org.openqa.selenium.remote.http.W3CHttpResponseCodec.createException(W3CHttpResponseCodec.java:187)
at org.openqa.selenium.remote.http.W3CHttpResponseCodec.decode(W3CHttpResponseCodec.java:122)
at org.openqa.selenium.remote.http.W3CHttpResponseCodec.decode(W3CHttpResponseCodec.java:49)
at org.openqa.selenium.remote.HttpCommandExecutor.execute(HttpCommandExecutor.java:158)
at org.openqa.selenium.remote.service.DriverCommandExecutor.execute(DriverCommandExecutor.java:83)
at org.openqa.selenium.remote.RemoteWebDriver.execute(RemoteWebDriver.java:552)
at org.openqa.selenium.remote.RemoteWebDriver.get(RemoteWebDriver.java:277)
at Com.Test.common.FooterTest.hitTheURL(FooterTest.java:17)
at Com.Test.EventTest.hitTheURL(EventTest.java:16)
at java.base/java.util.ArrayList.forEach(ArrayList.java:1511)
at java.base/java.util.concurrent.FutureTask.run(FutureTask.java:264)
at java.base/java.util.concurrent.ThreadPoolExecutor.runWorker(ThreadPoolExecutor.java:1136)
at java.base/java.util.concurrent.ThreadPoolExecutor$Worker.run(ThreadPoolExecutor.java:635)
at java.base/java.lang.Thread.run(Thread.java:833)
... Removed 27 stack frames]]>
    </failure>
  </testcase> <!-- @BeforeMethod hitTheURL -->
  <testcase classname="Com.Test.GalaryTest" name="@BeforeMethod hitTheURL" time="-1.678972933623E9">
    <skipped/>
  </testcase> <!-- @BeforeMethod hitTheURL -->
  <testcase classname="Com.Test.GalaryTest" name="@AfterMethod ss" time="-1.678972933629E9">
    <skipped/>
  </testcase> <!-- @AfterMethod ss -->
  <testcase classname="Com.Test.DonateTest" name="@BeforeMethod hitTheURL" time="-1.678972933632E9">
    <skipped/>
  </testcase> <!-- @BeforeMethod hitTheURL -->
  <testcase classname="Com.Test.DonateTest" name="@AfterMethod ss" time="-1.678972933641E9">
    <skipped/>
  </testcase> <!-- @AfterMethod ss -->
  <testcase classname="Com.Test.common.BaseTest" name="@BeforeClass launchTheBrowser" time="6.502">
    <failure type="org.openqa.selenium.WebDriverException" message="unknown error: Chrome failed to start: exited normally.
  (chrome not reachable)
  (The process started from chrome location C:\Program Files (x86)\Google\Chrome\Application\chrome.exe is no longer running, so ChromeDriver is assuming that Chrome has crashed.)
Build info: version: &amp;apos;3.141.59&amp;apos;, revision: &amp;apos;e82be7d358&amp;apos;, time: &amp;apos;2018-11-14T08:17:03&amp;apos;
System info: host: &amp;apos;DELL-RND&amp;apos;, ip: &amp;apos;192.168.1.18&amp;apos;, os.name: &amp;apos;Windows 10&amp;apos;, os.arch: &amp;apos;amd64&amp;apos;, os.version: &amp;apos;10.0&amp;apos;, java.version: &amp;apos;17.0.3&amp;apos;
Driver info: driver.version: ChromeDriver
remote stacktrace: Backtrace:
	(No symbol) [0x004ADCE3]
	(No symbol) [0x004439D1]
	(No symbol) [0x00354DA8]
	(No symbol) [0x003720BC]
	(No symbol) [0x0036ED19]
	(No symbol) [0x003A15AE]
	(No symbol) [0x003A129C]
	(No symbol) [0x0039ACC6]
	(No symbol) [0x00376F68]
	(No symbol) [0x003780CD]
	GetHandleVerifier [0x00723832+2506274]
	GetHandleVerifier [0x00759794+2727300]
	GetHandleVerifier [0x0075E36C+2746716]
	GetHandleVerifier [0x00556690+617600]
	(No symbol) [0x0044C712]
	(No symbol) [0x00451FF8]
	(No symbol) [0x004520DB]
	(No symbol) [0x0045C63B]
	BaseThreadInitThunk [0x768100F9+25]
	RtlGetAppContainerNamedObjectPath [0x77897BBE+286]
	RtlGetAppContainerNamedObjectPath [0x77897B8E+238]
">
      <![CDATA[org.openqa.selenium.WebDriverException: unknown error: Chrome failed to start: exited normally.
  (chrome not reachable)
  (The process started from chrome location C:\Program Files (x86)\Google\Chrome\Application\chrome.exe is no longer running, so ChromeDriver is assuming that Chrome has crashed.)
Build info: version: '3.141.59', revision: 'e82be7d358', time: '2018-11-14T08:17:03'
System info: host: 'DELL-RND', ip: '192.168.1.18', os.name: 'Windows 10', os.arch: 'amd64', os.version: '10.0', java.version: '17.0.3'
Driver info: driver.version: ChromeDriver
remote stacktrace: Backtrace:
(No symbol) [0x004ADCE3]
(No symbol) [0x004439D1]
(No symbol) [0x00354DA8]
(No symbol) [0x003720BC]
(No symbol) [0x0036ED19]
(No symbol) [0x003A15AE]
(No symbol) [0x003A129C]
(No symbol) [0x0039ACC6]
(No symbol) [0x00376F68]
(No symbol) [0x003780CD]
GetHandleVerifier [0x00723832+2506274]
GetHandleVerifier [0x00759794+2727300]
GetHandleVerifier [0x0075E36C+2746716]
GetHandleVerifier [0x00556690+617600]
(No symbol) [0x0044C712]
(No symbol) [0x00451FF8]
(No symbol) [0x004520DB]
(No symbol) [0x0045C63B]
BaseThreadInitThunk [0x768100F9+25]
RtlGetAppContainerNamedObjectPath [0x77897BBE+286]
RtlGetAppContainerNamedObjectPath [0x77897B8E+238]

at org.openqa.selenium.remote.W3CHandshakeResponse.lambda$errorHandler$0(W3CHandshakeResponse.java:62)
at org.openqa.selenium.remote.HandshakeResponse.lambda$getResponseFunction$0(HandshakeResponse.java:30)
at org.openqa.selenium.remote.ProtocolHandshake.lambda$createSession$0(ProtocolHandshake.java:126)
at java.base/java.util.stream.ReferencePipeline$3$1.accept(ReferencePipeline.java:197)
at java.base/java.util.Spliterators$ArraySpliterator.tryAdvance(Spliterators.java:1002)
at java.base/java.util.stream.ReferencePipeline.forEachWithCancel(ReferencePipeline.java:129)
at java.base/java.util.stream.AbstractPipeline.copyIntoWithCancel(AbstractPipeline.java:527)
at java.base/java.util.stream.AbstractPipeline.copyInto(AbstractPipeline.java:513)
at java.base/java.util.stream.AbstractPipeline.wrapAndCopyInto(AbstractPipeline.java:499)
at java.base/java.util.stream.FindOps$FindOp.evaluateSequential(FindOps.java:150)
at java.base/java.util.stream.AbstractPipeline.evaluate(AbstractPipeline.java:234)
at java.base/java.util.stream.ReferencePipeline.findFirst(ReferencePipeline.java:647)
at org.openqa.selenium.remote.ProtocolHandshake.createSession(ProtocolHandshake.java:128)
at org.openqa.selenium.remote.ProtocolHandshake.createSession(ProtocolHandshake.java:74)
at org.openqa.selenium.remote.HttpCommandExecutor.execute(HttpCommandExecutor.java:136)
at org.openqa.selenium.remote.service.DriverCommandExecutor.execute(DriverCommandExecutor.java:83)
at org.openqa.selenium.remote.RemoteWebDriver.execute(RemoteWebDriver.java:552)
at org.openqa.selenium.remote.RemoteWebDriver.startSession(RemoteWebDriver.java:213)
at org.openqa.selenium.remote.RemoteWebDriver.<init>(RemoteWebDriver.java:131)
at org.openqa.selenium.chrome.ChromeDriver.<init>(ChromeDriver.java:181)
at org.openqa.selenium.chrome.ChromeDriver.<init>(ChromeDriver.java:168)
at org.openqa.selenium.chrome.ChromeDriver.<init>(ChromeDriver.java:123)
at Base.com.Base.OpenChromeBrowser(Base.java:15)
at Com.Test.common.BaseTest.launchTheBrowser(BaseTest.java:20)
at java.base/java.util.ArrayList.forEach(ArrayList.java:1511)
at java.base/java.util.concurrent.FutureTask.run(FutureTask.java:264)
at java.base/java.util.concurrent.ThreadPoolExecutor.runWorker(ThreadPoolExecutor.java:1136)
at java.base/java.util.concurrent.ThreadPoolExecutor$Worker.run(ThreadPoolExecutor.java:635)
at java.base/java.lang.Thread.run(Thread.java:833)
... Removed 21 stack frames]]>
    </failure>
  </testcase> <!-- @BeforeClass launchTheBrowser -->
  <testcase classname="Com.Test.LoginTest" name="@BeforeMethod hitTheURL" time="-1.67897294015E9">
    <skipped/>
  </testcase> <!-- @BeforeMethod hitTheURL -->
  <testcase classname="Com.Test.About_UsTest" name="@BeforeMethod hitTheURL" time="0.011">
    <failure type="org.openqa.selenium.NoSuchWindowException" message="no such window: target window already closed
from unknown error: web view not found
  (Session info: chrome=111.0.5563.65)
Build info: version: &amp;apos;3.141.59&amp;apos;, revision: &amp;apos;e82be7d358&amp;apos;, time: &amp;apos;2018-11-14T08:17:03&amp;apos;
System info: host: &amp;apos;DELL-RND&amp;apos;, ip: &amp;apos;192.168.1.18&amp;apos;, os.name: &amp;apos;Windows 10&amp;apos;, os.arch: &amp;apos;amd64&amp;apos;, os.version: &amp;apos;10.0&amp;apos;, java.version: &amp;apos;17.0.3&amp;apos;
Driver info: org.openqa.selenium.chrome.ChromeDriver
Capabilities {acceptInsecureCerts: false, browserName: chrome, browserVersion: 111.0.5563.65, chrome: {chromedriverVersion: 111.0.5563.64 (c710e93d5b63..., userDataDir: C:\Users\RnD\AppData\Local\...}, goog:chromeOptions: {debuggerAddress: localhost:55864}, javascriptEnabled: true, networkConnectionEnabled: false, pageLoadStrategy: normal, platform: WINDOWS, platformName: WINDOWS, proxy: Proxy(), setWindowRect: true, strictFileInteractability: false, timeouts: {implicit: 0, pageLoad: 300000, script: 30000}, unhandledPromptBehavior: dismiss and notify, webauthn:extension:credBlob: true, webauthn:extension:largeBlob: true, webauthn:extension:minPinLength: true, webauthn:extension:prf: true, webauthn:virtualAuthenticators: true}
Session ID: 699e4420d0ff7d6291e60e36718a0fa1">
      <![CDATA[org.openqa.selenium.NoSuchWindowException: no such window: target window already closed
from unknown error: web view not found
  (Session info: chrome=111.0.5563.65)
Build info: version: '3.141.59', revision: 'e82be7d358', time: '2018-11-14T08:17:03'
System info: host: 'DELL-RND', ip: '192.168.1.18', os.name: 'Windows 10', os.arch: 'amd64', os.version: '10.0', java.version: '17.0.3'
Driver info: org.openqa.selenium.chrome.ChromeDriver
Capabilities {acceptInsecureCerts: false, browserName: chrome, browserVersion: 111.0.5563.65, chrome: {chromedriverVersion: 111.0.5563.64 (c710e93d5b63..., userDataDir: C:\Users\RnD\AppData\Local\...}, goog:chromeOptions: {debuggerAddress: localhost:55864}, javascriptEnabled: true, networkConnectionEnabled: false, pageLoadStrategy: normal, platform: WINDOWS, platformName: WINDOWS, proxy: Proxy(), setWindowRect: true, strictFileInteractability: false, timeouts: {implicit: 0, pageLoad: 300000, script: 30000}, unhandledPromptBehavior: dismiss and notify, webauthn:extension:credBlob: true, webauthn:extension:largeBlob: true, webauthn:extension:minPinLength: true, webauthn:extension:prf: true, webauthn:virtualAuthenticators: true}
Session ID: 699e4420d0ff7d6291e60e36718a0fa1
at org.openqa.selenium.remote.http.W3CHttpResponseCodec.createException(W3CHttpResponseCodec.java:187)
at org.openqa.selenium.remote.http.W3CHttpResponseCodec.decode(W3CHttpResponseCodec.java:122)
at org.openqa.selenium.remote.http.W3CHttpResponseCodec.decode(W3CHttpResponseCodec.java:49)
at org.openqa.selenium.remote.HttpCommandExecutor.execute(HttpCommandExecutor.java:158)
at org.openqa.selenium.remote.service.DriverCommandExecutor.execute(DriverCommandExecutor.java:83)
at org.openqa.selenium.remote.RemoteWebDriver.execute(RemoteWebDriver.java:552)
at org.openqa.selenium.remote.RemoteWebDriver.get(RemoteWebDriver.java:277)
at Com.Test.common.FooterTest.hitTheURL(FooterTest.java:17)
at Com.Test.About_UsTest.hitTheURL(About_UsTest.java:16)
at java.base/java.util.ArrayList.forEach(ArrayList.java:1511)
at java.base/java.util.concurrent.FutureTask.run(FutureTask.java:264)
at java.base/java.util.concurrent.ThreadPoolExecutor.runWorker(ThreadPoolExecutor.java:1136)
at java.base/java.util.concurrent.ThreadPoolExecutor$Worker.run(ThreadPoolExecutor.java:635)
at java.base/java.lang.Thread.run(Thread.java:833)
... Removed 27 stack frames]]>
    </failure>
  </testcase> <!-- @BeforeMethod hitTheURL -->
  <testcase classname="Com.Test.DonateTest" name="@BeforeMethod hitTheURL" time="-1.67897294018E9">
    <skipped/>
  </testcase> <!-- @BeforeMethod hitTheURL -->
  <testcase classname="Com.Test.DonateTest" name="@AfterMethod ss" time="-1.678972940185E9">
    <skipped/>
  </testcase> <!-- @AfterMethod ss -->
  <testcase classname="Com.Test.GalaryTest" name="@BeforeMethod hitTheURL" time="-1.678972940187E9">
    <skipped/>
  </testcase> <!-- @BeforeMethod hitTheURL -->
  <testcase classname="Com.Test.GalaryTest" name="@AfterMethod ss" time="-1.678972940192E9">
    <skipped/>
  </testcase> <!-- @AfterMethod ss -->
  <testcase classname="Com.Test.LoginTest" name="@BeforeMethod hitTheURL" time="-1.678972940194E9">
    <skipped/>
  </testcase> <!-- @BeforeMethod hitTheURL -->
  <testcase classname="Com.Test.DonateTest" name="@BeforeMethod hitTheURL" time="-1.6789729402E9">
    <skipped/>
  </testcase> <!-- @BeforeMethod hitTheURL -->
  <testcase classname="Com.Test.DonateTest" name="@AfterMethod ss" time="-1.678972940205E9">
    <skipped/>
  </testcase> <!-- @AfterMethod ss -->
  <testcase classname="Com.Test.GalaryTest" name="@BeforeMethod hitTheURL" time="-1.678972940207E9">
    <skipped/>
  </testcase> <!-- @BeforeMethod hitTheURL -->
  <testcase classname="Com.Test.GalaryTest" name="@AfterMethod ss" time="-1.678972940212E9">
    <skipped/>
  </testcase> <!-- @AfterMethod ss -->
  <testcase classname="Com.Test.LoginTest" name="@BeforeMethod hitTheURL" time="-1.678972940215E9">
    <skipped/>
  </testcase> <!-- @BeforeMethod hitTheURL -->
  <testcase classname="Com.Test.common.BaseTest" name="@AfterClass closeBrowser" time="-1.678972940226E9">
    <skipped/>
  </testcase> <!-- @AfterClass closeBrowser -->
  <testcase classname="Com.Test.DonateTest" name="@BeforeMethod hitTheURL" time="-1.678972940229E9">
    <skipped/>
  </testcase> <!-- @BeforeMethod hitTheURL -->
  <testcase classname="Com.Test.DonateTest" name="@AfterMethod ss" time="-1.678972940237E9">
    <skipped/>
  </testcase> <!-- @AfterMethod ss -->
  <testcase classname="Com.Test.DonateTest" name="@BeforeMethod hitTheURL" time="-1.678972940238E9">
    <skipped/>
  </testcase> <!-- @BeforeMethod hitTheURL -->
  <testcase classname="Com.Test.DonateTest" name="@AfterMethod ss" time="-1.678972940244E9">
    <skipped/>
  </testcase> <!-- @AfterMethod ss -->
  <testcase classname="Com.Test.HomeTest" name="@BeforeMethod hitTheURL" time="-1.678972940259E9">
    <skipped/>
  </testcase> <!-- @BeforeMethod hitTheURL -->
  <testcase classname="Com.Test.About_UsTest" name="@BeforeMethod hitTheURL" time="-1.678972940263E9">
    <skipped/>
  </testcase> <!-- @BeforeMethod hitTheURL -->
  <testcase classname="Com.Test.EventTest" name="@BeforeMethod hitTheURL" time="-1.678972940271E9">
    <skipped/>
  </testcase> <!-- @BeforeMethod hitTheURL -->
  <testcase classname="Com.Test.GalaryTest" name="@BeforeMethod hitTheURL" time="-1.678972940278E9">
    <skipped/>
  </testcase> <!-- @BeforeMethod hitTheURL -->
  <testcase classname="Com.Test.GalaryTest" name="@AfterMethod ss" time="-1.678972940285E9">
    <skipped/>
  </testcase> <!-- @AfterMethod ss -->
  <testcase classname="Com.Test.DonateTest" name="@BeforeMethod hitTheURL" time="-1.678972940287E9">
    <skipped/>
  </testcase> <!-- @BeforeMethod hitTheURL -->
  <testcase classname="Com.Test.DonateTest" name="@AfterMethod ss" time="-1.678972940292E9">
    <skipped/>
  </testcase> <!-- @AfterMethod ss -->
  <testcase classname="Com.Test.ContactUsTest" name="@BeforeMethod hitTheURL" time="-1.678972940294E9">
    <skipped/>
  </testcase> <!-- @BeforeMethod hitTheURL -->
  <testcase classname="Com.Test.HomeTest" name="@BeforeMethod hitTheURL" time="-1.678972940298E9">
    <skipped/>
  </testcase> <!-- @BeforeMethod hitTheURL -->
  <testcase classname="Com.Test.About_UsTest" name="@BeforeMethod hitTheURL" time="-1.678972940304E9">
    <skipped/>
  </testcase> <!-- @BeforeMethod hitTheURL -->
  <testcase classname="Com.Test.EventTest" name="@BeforeMethod hitTheURL" time="-1.678972940308E9">
    <skipped/>
  </testcase> <!-- @BeforeMethod hitTheURL -->
  <testcase classname="Com.Test.GalaryTest" name="@BeforeMethod hitTheURL" time="-1.678972940312E9">
    <skipped/>
  </testcase> <!-- @BeforeMethod hitTheURL -->
  <testcase classname="Com.Test.GalaryTest" name="@AfterMethod ss" time="-1.678972940318E9">
    <skipped/>
  </testcase> <!-- @AfterMethod ss -->
  <testcase classname="Com.Test.DonateTest" name="@BeforeMethod hitTheURL" time="-1.678972940321E9">
    <skipped/>
  </testcase> <!-- @BeforeMethod hitTheURL -->
  <testcase classname="Com.Test.DonateTest" name="@AfterMethod ss" time="-1.678972940326E9">
    <skipped/>
  </testcase> <!-- @AfterMethod ss -->
  <testcase classname="Com.Test.ContactUsTest" name="@BeforeMethod hitTheURL" time="-1.678972940329E9">
    <skipped/>
  </testcase> <!-- @BeforeMethod hitTheURL -->
  <testcase classname="Com.Test.HomeTest" name="@BeforeMethod hitTheURL" time="-1.678972940337E9">
    <skipped/>
  </testcase> <!-- @BeforeMethod hitTheURL -->
  <testcase classname="Com.Test.About_UsTest" name="@BeforeMethod hitTheURL" time="-1.678972940341E9">
    <skipped/>
  </testcase> <!-- @BeforeMethod hitTheURL -->
  <testcase classname="Com.Test.EventTest" name="@BeforeMethod hitTheURL" time="-1.678972940348E9">
    <skipped/>
  </testcase> <!-- @BeforeMethod hitTheURL -->
  <testcase classname="Com.Test.GalaryTest" name="@BeforeMethod hitTheURL" time="-1.678972940358E9">
    <skipped/>
  </testcase> <!-- @BeforeMethod hitTheURL -->
  <testcase classname="Com.Test.GalaryTest" name="@AfterMethod ss" time="-1.678972940364E9">
    <skipped/>
  </testcase> <!-- @AfterMethod ss -->
  <testcase classname="Com.Test.DonateTest" name="@BeforeMethod hitTheURL" time="-1.678972940371E9">
    <skipped/>
  </testcase> <!-- @BeforeMethod hitTheURL -->
  <testcase classname="Com.Test.DonateTest" name="@AfterMethod ss" time="-1.678972940379E9">
    <skipped/>
  </testcase> <!-- @AfterMethod ss -->
  <testcase classname="Com.Test.ContactUsTest" name="@BeforeMethod hitTheURL" time="-1.678972940382E9">
    <skipped/>
  </testcase> <!-- @BeforeMethod hitTheURL -->
  <testcase classname="Com.Test.HomeTest" name="@BeforeMethod hitTheURL" time="-1.678972940388E9">
    <skipped/>
  </testcase> <!-- @BeforeMethod hitTheURL -->
  <testcase classname="Com.Test.common.BaseTest" name="@AfterClass closeBrowser" time="-1.678972940392E9">
    <skipped/>
  </testcase> <!-- @AfterClass closeBrowser -->
  <testcase classname="Com.Test.About_UsTest" name="@BeforeMethod hitTheURL" time="-1.678972940394E9">
    <skipped/>
  </testcase> <!-- @BeforeMethod hitTheURL -->
  <testcase classname="Com.Test.common.BaseTest" name="@AfterClass closeBrowser" time="-1.678972940401E9">
    <skipped/>
  </testcase> <!-- @AfterClass closeBrowser -->
  <testcase classname="Com.Test.EventTest" name="@BeforeMethod hitTheURL" time="-1.678972940404E9">
    <skipped/>
  </testcase> <!-- @BeforeMethod hitTheURL -->
  <testcase classname="Com.Test.common.BaseTest" name="@AfterClass closeBrowser" time="-1.678972940408E9">
    <skipped/>
  </testcase> <!-- @AfterClass closeBrowser -->
  <testcase classname="Com.Test.GalaryTest" name="@BeforeMethod hitTheURL" time="-1.67897294041E9">
    <skipped/>
  </testcase> <!-- @BeforeMethod hitTheURL -->
  <testcase classname="Com.Test.GalaryTest" name="@AfterMethod ss" time="-1.678972940414E9">
    <skipped/>
  </testcase> <!-- @AfterMethod ss -->
  <testcase classname="Com.Test.common.BaseTest" name="@AfterClass closeBrowser" time="-1.678972940415E9">
    <skipped/>
  </testcase> <!-- @AfterClass closeBrowser -->
  <testcase classname="Com.Test.DonateTest" name="@BeforeMethod hitTheURL" time="-1.678972940417E9">
    <skipped/>
  </testcase> <!-- @BeforeMethod hitTheURL -->
  <testcase classname="Com.Test.DonateTest" name="@AfterMethod ss" time="-1.678972940426E9">
    <skipped/>
  </testcase> <!-- @AfterMethod ss -->
  <testcase classname="Com.Test.common.BaseTest" name="@AfterClass closeBrowser" time="-1.678972940436E9">
    <skipped/>
  </testcase> <!-- @AfterClass closeBrowser -->
  <testcase classname="Com.Test.ContactUsTest" name="@BeforeMethod hitTheURL" time="-1.678972940441E9">
    <skipped/>
  </testcase> <!-- @BeforeMethod hitTheURL -->
  <testcase classname="Com.Test.common.BaseTest" name="@AfterClass closeBrowser" time="-1.678972940481E9">
    <skipped/>
  </testcase> <!-- @AfterClass closeBrowser -->
  <testcase classname="Com.Test.HomeTest" name="currentURL" time="9.786"/>
  <testcase classname="Com.Test.About_UsTest" name="currentURL" time="6.394"/>
  <testcase classname="Com.Test.EventTest" name="currentURL" time="0.331"/>
  <testcase classname="Com.Test.ContactUsTest" name="currentURL" time="11.999"/>
  <testcase classname="Com.Test.HomeTest" name="home" time="15.085">
    <failure type="org.openqa.selenium.NoSuchWindowException" message="no such window: target window already closed
from unknown error: web view not found
  (Session info: chrome=111.0.5563.65)
Build info: version: &amp;apos;3.141.59&amp;apos;, revision: &amp;apos;e82be7d358&amp;apos;, time: &amp;apos;2018-11-14T08:17:03&amp;apos;
System info: host: &amp;apos;DELL-RND&amp;apos;, ip: &amp;apos;192.168.1.18&amp;apos;, os.name: &amp;apos;Windows 10&amp;apos;, os.arch: &amp;apos;amd64&amp;apos;, os.version: &amp;apos;10.0&amp;apos;, java.version: &amp;apos;17.0.3&amp;apos;
Driver info: org.openqa.selenium.chrome.ChromeDriver
Capabilities {acceptInsecureCerts: false, browserName: chrome, browserVersion: 111.0.5563.65, chrome: {chromedriverVersion: 111.0.5563.64 (c710e93d5b63..., userDataDir: C:\Users\RnD\AppData\Local\...}, goog:chromeOptions: {debuggerAddress: localhost:55739}, javascriptEnabled: true, networkConnectionEnabled: false, pageLoadStrategy: normal, platform: WINDOWS, platformName: WINDOWS, proxy: Proxy(), setWindowRect: true, strictFileInteractability: false, timeouts: {implicit: 0, pageLoad: 300000, script: 30000}, unhandledPromptBehavior: dismiss and notify, webauthn:extension:credBlob: true, webauthn:extension:largeBlob: true, webauthn:extension:minPinLength: true, webauthn:extension:prf: true, webauthn:virtualAuthenticators: true}
Session ID: 1ad6388195f2e66459f6b02e9a42e97c
*** Element info: {Using=xpath, value=//a[@href=&amp;apos;/video_gallery&amp;apos;]}">
      <![CDATA[org.openqa.selenium.NoSuchWindowException: no such window: target window already closed
from unknown error: web view not found
  (Session info: chrome=111.0.5563.65)
Build info: version: '3.141.59', revision: 'e82be7d358', time: '2018-11-14T08:17:03'
System info: host: 'DELL-RND', ip: '192.168.1.18', os.name: 'Windows 10', os.arch: 'amd64', os.version: '10.0', java.version: '17.0.3'
Driver info: org.openqa.selenium.chrome.ChromeDriver
Capabilities {acceptInsecureCerts: false, browserName: chrome, browserVersion: 111.0.5563.65, chrome: {chromedriverVersion: 111.0.5563.64 (c710e93d5b63..., userDataDir: C:\Users\RnD\AppData\Local\...}, goog:chromeOptions: {debuggerAddress: localhost:55739}, javascriptEnabled: true, networkConnectionEnabled: false, pageLoadStrategy: normal, platform: WINDOWS, platformName: WINDOWS, proxy: Proxy(), setWindowRect: true, strictFileInteractability: false, timeouts: {implicit: 0, pageLoad: 300000, script: 30000}, unhandledPromptBehavior: dismiss and notify, webauthn:extension:credBlob: true, webauthn:extension:largeBlob: true, webauthn:extension:minPinLength: true, webauthn:extension:prf: true, webauthn:virtualAuthenticators: true}
Session ID: 1ad6388195f2e66459f6b02e9a42e97c
*** Element info: {Using=xpath, value=//a[@href='/video_gallery']}
at org.openqa.selenium.remote.http.W3CHttpResponseCodec.createException(W3CHttpResponseCodec.java:187)
at org.openqa.selenium.remote.http.W3CHttpResponseCodec.decode(W3CHttpResponseCodec.java:122)
at org.openqa.selenium.remote.http.W3CHttpResponseCodec.decode(W3CHttpResponseCodec.java:49)
at org.openqa.selenium.remote.HttpCommandExecutor.execute(HttpCommandExecutor.java:158)
at org.openqa.selenium.remote.service.DriverCommandExecutor.execute(DriverCommandExecutor.java:83)
at org.openqa.selenium.remote.RemoteWebDriver.execute(RemoteWebDriver.java:552)
at org.openqa.selenium.remote.RemoteWebDriver.findElement(RemoteWebDriver.java:323)
at org.openqa.selenium.remote.RemoteWebDriver.findElementByXPath(RemoteWebDriver.java:428)
at org.openqa.selenium.By$ByXPath.findElement(By.java:353)
at org.openqa.selenium.remote.RemoteWebDriver.findElement(RemoteWebDriver.java:315)
at org.openqa.selenium.support.pagefactory.DefaultElementLocator.findElement(DefaultElementLocator.java:69)
at org.openqa.selenium.support.pagefactory.internal.LocatingElementHandler.invoke(LocatingElementHandler.java:38)
at jdk.proxy2/jdk.proxy2.$Proxy14.getWrappedElement(Unknown Source)
at org.openqa.selenium.remote.internal.WebElementToJsonConverter.apply(WebElementToJsonConverter.java:50)
at java.base/java.util.stream.ReferencePipeline$3$1.accept(ReferencePipeline.java:197)
at java.base/java.util.Spliterators$ArraySpliterator.forEachRemaining(Spliterators.java:992)
at java.base/java.util.stream.AbstractPipeline.copyInto(AbstractPipeline.java:509)
at java.base/java.util.stream.AbstractPipeline.wrapAndCopyInto(AbstractPipeline.java:499)
at java.base/java.util.stream.ReduceOps$ReduceOp.evaluateSequential(ReduceOps.java:921)
at java.base/java.util.stream.AbstractPipeline.evaluate(AbstractPipeline.java:234)
at java.base/java.util.stream.ReferencePipeline.collect(ReferencePipeline.java:682)
at org.openqa.selenium.remote.RemoteWebDriver.executeScript(RemoteWebDriver.java:484)
at Base.com.Base.clickElement(Base.java:27)
at Com.Pom.Home.clickOnVideosTab(Home.java:39)
at Com.Test.HomeTest.home(HomeTest.java:44)
at java.base/java.util.ArrayList.forEach(ArrayList.java:1511)
at java.base/java.util.concurrent.FutureTask.run(FutureTask.java:264)
at java.base/java.util.concurrent.ThreadPoolExecutor.runWorker(ThreadPoolExecutor.java:1136)
at java.base/java.util.concurrent.ThreadPoolExecutor$Worker.run(ThreadPoolExecutor.java:635)
at java.base/java.lang.Thread.run(Thread.java:833)
... Removed 23 stack frames]]>
    </failure>
  </testcase> <!-- home -->
  <testcase classname="Com.Test.HomeTest" name="titleTest" time="0.0">
    <skipped/>
  </testcase> <!-- titleTest -->
  <testcase classname="Com.Test.GalaryTest" name="titleTest" time="0.0">
    <skipped/>
  </testcase> <!-- titleTest -->
  <testcase classname="Com.Test.DonateTest" name="ClickDonateRandomAmount" time="0.0">
    <skipped/>
  </testcase> <!-- ClickDonateRandomAmount -->
  <testcase classname="Com.Test.ContactUsTest" name="Contact_Us" time="0.0">
    <skipped/>
  </testcase> <!-- Contact_Us -->
  <testcase classname="Com.Test.EventTest" name="Event" time="0.0">
    <skipped/>
  </testcase> <!-- Event -->
  <testcase classname="Com.Test.GalaryTest" name="GALLERY_OpenEventGallary" time="0.0">
    <skipped/>
  </testcase> <!-- GALLERY_OpenEventGallary -->
  <testcase classname="Com.Test.DonateTest" name="currentURL" time="0.0">
    <skipped/>
  </testcase> <!-- currentURL -->
  <testcase classname="Com.Test.LoginTest" name="currentURL" time="0.0">
    <skipped/>
  </testcase> <!-- currentURL -->
  <testcase classname="Com.Test.About_UsTest" name="testFounderImageDisplay" time="0.0">
    <skipped/>
  </testcase> <!-- testFounderImageDisplay -->
  <testcase classname="Com.Test.DonateTest" name="ClickDonate2kAmount" time="0.0">
    <skipped/>
  </testcase> <!-- ClickDonate2kAmount -->
  <testcase classname="Com.Test.GalaryTest" name="GALLERY_OpenVideoGallary" time="0.0">
    <skipped/>
  </testcase> <!-- GALLERY_OpenVideoGallary -->
  <testcase classname="Com.Test.LoginTest" name="titleTest" time="0.0">
    <skipped/>
  </testcase> <!-- titleTest -->
  <testcase classname="Com.Test.DonateTest" name="ClickDonate5kAmount" time="0.0">
    <skipped/>
  </testcase> <!-- ClickDonate5kAmount -->
  <testcase classname="Com.Test.GalaryTest" name="GALLERY_OpenVIPGallary" time="0.0">
    <skipped/>
  </testcase> <!-- GALLERY_OpenVIPGallary -->
  <testcase classname="Com.Test.LoginTest" name="VerifyLogInPage" time="0.0">
    <skipped/>
  </testcase> <!-- VerifyLogInPage -->
  <testcase classname="Com.Test.DonateTest" name="ClickDonate10kAmount" time="0.0">
    <skipped/>
  </testcase> <!-- ClickDonate10kAmount -->
  <testcase classname="Com.Test.DonateTest" name="ClickDonate20kAmount" time="0.001">
    <skipped/>
  </testcase> <!-- ClickDonate20kAmount -->
  <testcase classname="Com.Test.common.FooterTest" name="navigate" time="0.0">
    <skipped/>
  </testcase> <!-- navigate -->
  <testcase classname="Com.Test.common.FooterTest" name="navigate" time="0.0">
    <skipped/>
  </testcase> <!-- navigate -->
  <testcase classname="Com.Test.common.FooterTest" name="navigate" time="0.0">
    <skipped/>
  </testcase> <!-- navigate -->
  <testcase classname="Com.Test.common.FooterTest" name="navigate" time="0.0">
    <skipped/>
  </testcase> <!-- navigate -->
  <testcase classname="Com.Test.common.FooterTest" name="navigate" time="0.0">
    <skipped/>
  </testcase> <!-- navigate -->
  <testcase classname="Com.Test.common.FooterTest" name="navigate" time="0.0">
    <skipped/>
  </testcase> <!-- navigate -->
  <testcase classname="Com.Test.common.FooterTest" name="navigate1" time="0.0">
    <skipped/>
  </testcase> <!-- navigate1 -->
  <testcase classname="Com.Test.common.FooterTest" name="navigate1" time="0.0">
    <skipped/>
  </testcase> <!-- navigate1 -->
  <testcase classname="Com.Test.common.FooterTest" name="navigate1" time="0.0">
    <skipped/>
  </testcase> <!-- navigate1 -->
  <testcase classname="Com.Test.common.FooterTest" name="navigate1" time="0.0">
    <skipped/>
  </testcase> <!-- navigate1 -->
  <testcase classname="Com.Test.common.FooterTest" name="navigate1" time="0.0">
    <skipped/>
  </testcase> <!-- navigate1 -->
  <testcase classname="Com.Test.common.FooterTest" name="navigate1" time="0.0">
    <skipped/>
  </testcase> <!-- navigate1 -->
  <testcase classname="Com.Test.common.FooterTest" name="navigate2" time="0.0">
    <skipped/>
  </testcase> <!-- navigate2 -->
  <testcase classname="Com.Test.common.FooterTest" name="navigate2" time="0.0">
    <skipped/>
  </testcase> <!-- navigate2 -->
  <testcase classname="Com.Test.common.FooterTest" name="navigate2" time="0.0">
    <skipped/>
  </testcase> <!-- navigate2 -->
  <testcase classname="Com.Test.common.FooterTest" name="navigate2" time="0.0">
    <skipped/>
  </testcase> <!-- navigate2 -->
  <testcase classname="Com.Test.common.FooterTest" name="navigate2" time="0.0">
    <skipped/>
  </testcase> <!-- navigate2 -->
  <testcase classname="Com.Test.common.FooterTest" name="navigate2" time="0.0">
    <skipped/>
  </testcase> <!-- navigate2 -->
  <testcase classname="Com.Test.common.FooterTest" name="navigate3" time="0.0">
    <skipped/>
  </testcase> <!-- navigate3 -->
  <testcase classname="Com.Test.common.FooterTest" name="navigate3" time="0.0">
    <skipped/>
  </testcase> <!-- navigate3 -->
  <testcase classname="Com.Test.common.FooterTest" name="navigate3" time="0.0">
    <skipped/>
  </testcase> <!-- navigate3 -->
  <testcase classname="Com.Test.common.FooterTest" name="navigate3" time="0.0">
    <skipped/>
  </testcase> <!-- navigate3 -->
  <testcase classname="Com.Test.common.FooterTest" name="navigate3" time="0.0">
    <skipped/>
  </testcase> <!-- navigate3 -->
  <testcase classname="Com.Test.common.FooterTest" name="navigate3" time="0.0">
    <skipped/>
  </testcase> <!-- navigate3 -->
</testsuite> <!-- Test2 -->
