<?xml version="1.0" encoding="UTF-8"?>
<!-- Generated by org.testng.reporters.JUnitXMLReporter -->
<testsuite ignored="0" hostname="DELL-RnD" failures="1" tests="40" name="Test" time="157.264" errors="0" timestamp="2023-03-11T15:37:45 IST">
  <testcase classname="Com.Test.GalaryTest$HomeTest" name="@BeforeMethod hittheURL" time="8.747">
    <failure type="org.openqa.selenium.WebDriverException" message="Failed to decode response from marionette
Build info: version: &amp;apos;3.141.59&amp;apos;, revision: &amp;apos;e82be7d358&amp;apos;, time: &amp;apos;2018-11-14T08:17:03&amp;apos;
System info: host: &amp;apos;DELL-RND&amp;apos;, ip: &amp;apos;192.168.1.18&amp;apos;, os.name: &amp;apos;Windows 10&amp;apos;, os.arch: &amp;apos;amd64&amp;apos;, os.version: &amp;apos;10.0&amp;apos;, java.version: &amp;apos;17.0.3&amp;apos;
Driver info: org.openqa.selenium.firefox.FirefoxDriver
Capabilities {acceptInsecureCerts: true, browserName: firefox, browserVersion: 110.0.1, javascriptEnabled: true, moz:accessibilityChecks: false, moz:buildID: 20230227191043, moz:geckodriverVersion: 0.31.0, moz:headless: false, moz:platformVersion: 10.0, moz:processID: 5212, moz:profile: C:\Users\RnD\AppData\Local\..., moz:shutdownTimeout: 60000, moz:useNonSpecCompliantPointerOrigin: false, moz:webdriverClick: true, moz:windowless: false, pageLoadStrategy: normal, platform: WINDOWS, platformName: WINDOWS, proxy: Proxy(), setWindowRect: true, strictFileInteractability: false, timeouts: {implicit: 0, pageLoad: 300000, script: 30000}, unhandledPromptBehavior: dismiss and notify}
Session ID: 4ba44907-0384-465e-bb45-b8455b5d2b90">
      <![CDATA[org.openqa.selenium.WebDriverException: Failed to decode response from marionette
Build info: version: '3.141.59', revision: 'e82be7d358', time: '2018-11-14T08:17:03'
System info: host: 'DELL-RND', ip: '192.168.1.18', os.name: 'Windows 10', os.arch: 'amd64', os.version: '10.0', java.version: '17.0.3'
Driver info: org.openqa.selenium.firefox.FirefoxDriver
Capabilities {acceptInsecureCerts: true, browserName: firefox, browserVersion: 110.0.1, javascriptEnabled: true, moz:accessibilityChecks: false, moz:buildID: 20230227191043, moz:geckodriverVersion: 0.31.0, moz:headless: false, moz:platformVersion: 10.0, moz:processID: 5212, moz:profile: C:\Users\RnD\AppData\Local\..., moz:shutdownTimeout: 60000, moz:useNonSpecCompliantPointerOrigin: false, moz:webdriverClick: true, moz:windowless: false, pageLoadStrategy: normal, platform: WINDOWS, platformName: WINDOWS, proxy: Proxy(), setWindowRect: true, strictFileInteractability: false, timeouts: {implicit: 0, pageLoad: 300000, script: 30000}, unhandledPromptBehavior: dismiss and notify}
Session ID: 4ba44907-0384-465e-bb45-b8455b5d2b90
at org.openqa.selenium.remote.http.W3CHttpResponseCodec.createException(W3CHttpResponseCodec.java:187)
at org.openqa.selenium.remote.http.W3CHttpResponseCodec.decode(W3CHttpResponseCodec.java:122)
at org.openqa.selenium.remote.http.W3CHttpResponseCodec.decode(W3CHttpResponseCodec.java:49)
at org.openqa.selenium.remote.HttpCommandExecutor.execute(HttpCommandExecutor.java:158)
at org.openqa.selenium.remote.service.DriverCommandExecutor.execute(DriverCommandExecutor.java:83)
at org.openqa.selenium.remote.RemoteWebDriver.execute(RemoteWebDriver.java:552)
at org.openqa.selenium.remote.RemoteWebDriver.execute(RemoteWebDriver.java:609)
at org.openqa.selenium.remote.RemoteWebDriver$RemoteWebDriverOptions$RemoteWindow.maximize(RemoteWebDriver.java:837)
at Com.Test.GalaryTest$HomeTest.hittheURL(GalaryTest.java:49)
at java.base/java.util.ArrayList.forEach(ArrayList.java:1511)
... Removed 36 stack frames]]>
    </failure>
  </testcase> <!-- @BeforeMethod hittheURL -->
  <testcase classname="Com.Test.GalaryTest$HomeTest" name="@AfterMethod ss" time="-1.678529177701E9">
    <skipped/>
  </testcase> <!-- @AfterMethod ss -->
  <testcase classname="Com.Test.GalaryTest$HomeTest" name="@AfterClass closeBrowser" time="-1.678529177705E9">
    <skipped/>
  </testcase> <!-- @AfterClass closeBrowser -->
  <testcase classname="Com.Test.HomeTest" name="@BeforeMethod hittheURL" time="0.752">
    <failure type="org.openqa.selenium.WebDriverException" message="Failed to decode response from marionette
Build info: version: &amp;apos;3.141.59&amp;apos;, revision: &amp;apos;e82be7d358&amp;apos;, time: &amp;apos;2018-11-14T08:17:03&amp;apos;
System info: host: &amp;apos;DELL-RND&amp;apos;, ip: &amp;apos;192.168.1.18&amp;apos;, os.name: &amp;apos;Windows 10&amp;apos;, os.arch: &amp;apos;amd64&amp;apos;, os.version: &amp;apos;10.0&amp;apos;, java.version: &amp;apos;17.0.3&amp;apos;
Driver info: org.openqa.selenium.firefox.FirefoxDriver
Capabilities {acceptInsecureCerts: true, browserName: firefox, browserVersion: 110.0.1, javascriptEnabled: true, moz:accessibilityChecks: false, moz:buildID: 20230227191043, moz:geckodriverVersion: 0.31.0, moz:headless: false, moz:platformVersion: 10.0, moz:processID: 16992, moz:profile: C:\Users\RnD\AppData\Local\..., moz:shutdownTimeout: 60000, moz:useNonSpecCompliantPointerOrigin: false, moz:webdriverClick: true, moz:windowless: false, pageLoadStrategy: normal, platform: WINDOWS, platformName: WINDOWS, proxy: Proxy(), setWindowRect: true, strictFileInteractability: false, timeouts: {implicit: 0, pageLoad: 300000, script: 30000}, unhandledPromptBehavior: dismiss and notify}
Session ID: 6cd4ae55-d83a-4f5f-a3d1-db02920d35d0">
      <![CDATA[org.openqa.selenium.WebDriverException: Failed to decode response from marionette
Build info: version: '3.141.59', revision: 'e82be7d358', time: '2018-11-14T08:17:03'
System info: host: 'DELL-RND', ip: '192.168.1.18', os.name: 'Windows 10', os.arch: 'amd64', os.version: '10.0', java.version: '17.0.3'
Driver info: org.openqa.selenium.firefox.FirefoxDriver
Capabilities {acceptInsecureCerts: true, browserName: firefox, browserVersion: 110.0.1, javascriptEnabled: true, moz:accessibilityChecks: false, moz:buildID: 20230227191043, moz:geckodriverVersion: 0.31.0, moz:headless: false, moz:platformVersion: 10.0, moz:processID: 16992, moz:profile: C:\Users\RnD\AppData\Local\..., moz:shutdownTimeout: 60000, moz:useNonSpecCompliantPointerOrigin: false, moz:webdriverClick: true, moz:windowless: false, pageLoadStrategy: normal, platform: WINDOWS, platformName: WINDOWS, proxy: Proxy(), setWindowRect: true, strictFileInteractability: false, timeouts: {implicit: 0, pageLoad: 300000, script: 30000}, unhandledPromptBehavior: dismiss and notify}
Session ID: 6cd4ae55-d83a-4f5f-a3d1-db02920d35d0
at org.openqa.selenium.remote.http.W3CHttpResponseCodec.createException(W3CHttpResponseCodec.java:187)
at org.openqa.selenium.remote.http.W3CHttpResponseCodec.decode(W3CHttpResponseCodec.java:122)
at org.openqa.selenium.remote.http.W3CHttpResponseCodec.decode(W3CHttpResponseCodec.java:49)
at org.openqa.selenium.remote.HttpCommandExecutor.execute(HttpCommandExecutor.java:158)
at org.openqa.selenium.remote.service.DriverCommandExecutor.execute(DriverCommandExecutor.java:83)
at org.openqa.selenium.remote.RemoteWebDriver.execute(RemoteWebDriver.java:552)
at org.openqa.selenium.remote.RemoteWebDriver.get(RemoteWebDriver.java:277)
at Com.Test.HomeTest.hittheURL(HomeTest.java:53)
at java.base/java.util.ArrayList.forEach(ArrayList.java:1511)
... Removed 36 stack frames]]>
    </failure>
  </testcase> <!-- @BeforeMethod hittheURL -->
  <testcase classname="Com.Test.HomeTest" name="@BeforeMethod hittheURL" time="-1.678529178477E9">
    <skipped/>
  </testcase> <!-- @BeforeMethod hittheURL -->
  <testcase classname="Com.Test.HomeTest" name="@BeforeMethod hittheURL" time="-1.67852917849E9">
    <skipped/>
  </testcase> <!-- @BeforeMethod hittheURL -->
  <testcase classname="Com.Test.HomeTest" name="@AfterClass closeBrowser" time="-1.678529178502E9">
    <skipped/>
  </testcase> <!-- @AfterClass closeBrowser -->
  <testcase classname="Com.Test.LoginTest" name="@BeforeMethod hittheURL" time="0.06">
    <failure type="org.openqa.selenium.WebDriverException" message="Failed to decode response from marionette
Build info: version: &amp;apos;3.141.59&amp;apos;, revision: &amp;apos;e82be7d358&amp;apos;, time: &amp;apos;2018-11-14T08:17:03&amp;apos;
System info: host: &amp;apos;DELL-RND&amp;apos;, ip: &amp;apos;192.168.1.18&amp;apos;, os.name: &amp;apos;Windows 10&amp;apos;, os.arch: &amp;apos;amd64&amp;apos;, os.version: &amp;apos;10.0&amp;apos;, java.version: &amp;apos;17.0.3&amp;apos;
Driver info: org.openqa.selenium.firefox.FirefoxDriver
Capabilities {acceptInsecureCerts: true, browserName: firefox, browserVersion: 110.0.1, javascriptEnabled: true, moz:accessibilityChecks: false, moz:buildID: 20230227191043, moz:geckodriverVersion: 0.31.0, moz:headless: false, moz:platformVersion: 10.0, moz:processID: 15940, moz:profile: C:\Users\RnD\AppData\Local\..., moz:shutdownTimeout: 60000, moz:useNonSpecCompliantPointerOrigin: false, moz:webdriverClick: true, moz:windowless: false, pageLoadStrategy: normal, platform: WINDOWS, platformName: WINDOWS, proxy: Proxy(), setWindowRect: true, strictFileInteractability: false, timeouts: {implicit: 0, pageLoad: 300000, script: 30000}, unhandledPromptBehavior: dismiss and notify}
Session ID: 82093d08-f5f7-4f8c-a353-83311770e0b1">
      <![CDATA[org.openqa.selenium.WebDriverException: Failed to decode response from marionette
Build info: version: '3.141.59', revision: 'e82be7d358', time: '2018-11-14T08:17:03'
System info: host: 'DELL-RND', ip: '192.168.1.18', os.name: 'Windows 10', os.arch: 'amd64', os.version: '10.0', java.version: '17.0.3'
Driver info: org.openqa.selenium.firefox.FirefoxDriver
Capabilities {acceptInsecureCerts: true, browserName: firefox, browserVersion: 110.0.1, javascriptEnabled: true, moz:accessibilityChecks: false, moz:buildID: 20230227191043, moz:geckodriverVersion: 0.31.0, moz:headless: false, moz:platformVersion: 10.0, moz:processID: 15940, moz:profile: C:\Users\RnD\AppData\Local\..., moz:shutdownTimeout: 60000, moz:useNonSpecCompliantPointerOrigin: false, moz:webdriverClick: true, moz:windowless: false, pageLoadStrategy: normal, platform: WINDOWS, platformName: WINDOWS, proxy: Proxy(), setWindowRect: true, strictFileInteractability: false, timeouts: {implicit: 0, pageLoad: 300000, script: 30000}, unhandledPromptBehavior: dismiss and notify}
Session ID: 82093d08-f5f7-4f8c-a353-83311770e0b1
at org.openqa.selenium.remote.http.W3CHttpResponseCodec.createException(W3CHttpResponseCodec.java:187)
at org.openqa.selenium.remote.http.W3CHttpResponseCodec.decode(W3CHttpResponseCodec.java:122)
at org.openqa.selenium.remote.http.W3CHttpResponseCodec.decode(W3CHttpResponseCodec.java:49)
at org.openqa.selenium.remote.HttpCommandExecutor.execute(HttpCommandExecutor.java:158)
at org.openqa.selenium.remote.service.DriverCommandExecutor.execute(DriverCommandExecutor.java:83)
at org.openqa.selenium.remote.RemoteWebDriver.execute(RemoteWebDriver.java:552)
at org.openqa.selenium.remote.RemoteWebDriver.get(RemoteWebDriver.java:277)
at Com.Test.LoginTest.hittheURL(LoginTest.java:47)
at java.base/java.util.ArrayList.forEach(ArrayList.java:1511)
... Removed 36 stack frames]]>
    </failure>
  </testcase> <!-- @BeforeMethod hittheURL -->
  <testcase classname="Com.Test.LoginTest" name="@BeforeMethod hittheURL" time="-1.67852919098E9">
    <skipped/>
  </testcase> <!-- @BeforeMethod hittheURL -->
  <testcase classname="Com.Test.LoginTest" name="@BeforeMethod hittheURL" time="-1.678529190992E9">
    <skipped/>
  </testcase> <!-- @BeforeMethod hittheURL -->
  <testcase classname="Com.Test.LoginTest" name="@AfterClass closeBrowser" time="-1.67852919101E9">
    <skipped/>
  </testcase> <!-- @AfterClass closeBrowser -->
  <testcase classname="Com.Test.ContactUsTest" name="@BeforeClass launchthebrowser" time="6.613">
    <failure type="org.openqa.selenium.WebDriverException" message="Failed to decode response from marionette
Build info: version: &amp;apos;3.141.59&amp;apos;, revision: &amp;apos;e82be7d358&amp;apos;, time: &amp;apos;2018-11-14T08:17:03&amp;apos;
System info: host: &amp;apos;DELL-RND&amp;apos;, ip: &amp;apos;192.168.1.18&amp;apos;, os.name: &amp;apos;Windows 10&amp;apos;, os.arch: &amp;apos;amd64&amp;apos;, os.version: &amp;apos;10.0&amp;apos;, java.version: &amp;apos;17.0.3&amp;apos;
Driver info: driver.version: FirefoxDriver
remote stacktrace: ">
      <![CDATA[org.openqa.selenium.WebDriverException: Failed to decode response from marionette
Build info: version: '3.141.59', revision: 'e82be7d358', time: '2018-11-14T08:17:03'
System info: host: 'DELL-RND', ip: '192.168.1.18', os.name: 'Windows 10', os.arch: 'amd64', os.version: '10.0', java.version: '17.0.3'
Driver info: driver.version: FirefoxDriver
remote stacktrace: 
at org.openqa.selenium.remote.W3CHandshakeResponse.lambda$errorHandler$0(W3CHandshakeResponse.java:62)
at org.openqa.selenium.remote.HandshakeResponse.lambda$getResponseFunction$0(HandshakeResponse.java:30)
at org.openqa.selenium.remote.ProtocolHandshake.lambda$createSession$0(ProtocolHandshake.java:126)
at java.base/java.util.stream.ReferencePipeline$3$1.accept(ReferencePipeline.java:197)
at java.base/java.util.Spliterators$ArraySpliterator.tryAdvance(Spliterators.java:1002)
at java.base/java.util.stream.ReferencePipeline.forEachWithCancel(ReferencePipeline.java:129)
at java.base/java.util.stream.AbstractPipeline.copyIntoWithCancel(AbstractPipeline.java:527)
at java.base/java.util.stream.AbstractPipeline.copyInto(AbstractPipeline.java:513)
at java.base/java.util.stream.AbstractPipeline.wrapAndCopyInto(AbstractPipeline.java:499)
at java.base/java.util.stream.FindOps$FindOp.evaluateSequential(FindOps.java:150)
at java.base/java.util.stream.AbstractPipeline.evaluate(AbstractPipeline.java:234)
at java.base/java.util.stream.ReferencePipeline.findFirst(ReferencePipeline.java:647)
at org.openqa.selenium.remote.ProtocolHandshake.createSession(ProtocolHandshake.java:128)
at org.openqa.selenium.remote.ProtocolHandshake.createSession(ProtocolHandshake.java:74)
at org.openqa.selenium.remote.HttpCommandExecutor.execute(HttpCommandExecutor.java:136)
at org.openqa.selenium.remote.service.DriverCommandExecutor.execute(DriverCommandExecutor.java:83)
at org.openqa.selenium.remote.RemoteWebDriver.execute(RemoteWebDriver.java:552)
at org.openqa.selenium.remote.RemoteWebDriver.startSession(RemoteWebDriver.java:213)
at org.openqa.selenium.remote.RemoteWebDriver.<init>(RemoteWebDriver.java:131)
at org.openqa.selenium.firefox.FirefoxDriver.<init>(FirefoxDriver.java:147)
at org.openqa.selenium.firefox.FirefoxDriver.<init>(FirefoxDriver.java:125)
at Base.com.Base.OpenFireFoxBrowser(Base.java:21)
at Com.Test.ContactUsTest.launchthebrowser(ContactUsTest.java:32)
at java.base/java.util.ArrayList.forEach(ArrayList.java:1511)
... Removed 30 stack frames]]>
    </failure>
  </testcase> <!-- @BeforeClass launchthebrowser -->
  <testcase classname="Com.Test.ContactUsTest" name="@BeforeMethod hittheURL" time="-1.678529197635E9">
    <skipped/>
  </testcase> <!-- @BeforeMethod hittheURL -->
  <testcase classname="Com.Test.ContactUsTest" name="@BeforeMethod hittheURL" time="-1.678529197643E9">
    <skipped/>
  </testcase> <!-- @BeforeMethod hittheURL -->
  <testcase classname="Com.Test.ContactUsTest" name="@AfterClass closeBrowser" time="-1.678529197649E9">
    <skipped/>
  </testcase> <!-- @AfterClass closeBrowser -->
  <testcase classname="Com.Test.DonateTest" name="@AfterMethod ss" time="0.006">
    <failure type="org.openqa.selenium.NoSuchSessionException" message="Tried to run command without establishing a connection
Build info: version: &amp;apos;3.141.59&amp;apos;, revision: &amp;apos;e82be7d358&amp;apos;, time: &amp;apos;2018-11-14T08:17:03&amp;apos;
System info: host: &amp;apos;DELL-RND&amp;apos;, ip: &amp;apos;192.168.1.18&amp;apos;, os.name: &amp;apos;Windows 10&amp;apos;, os.arch: &amp;apos;amd64&amp;apos;, os.version: &amp;apos;10.0&amp;apos;, java.version: &amp;apos;17.0.3&amp;apos;
Driver info: org.openqa.selenium.firefox.FirefoxDriver
Capabilities {acceptInsecureCerts: true, browserName: firefox, browserVersion: 110.0.1, javascriptEnabled: true, moz:accessibilityChecks: false, moz:buildID: 20230227191043, moz:geckodriverVersion: 0.31.0, moz:headless: false, moz:platformVersion: 10.0, moz:processID: 17320, moz:profile: C:\Users\RnD\AppData\Local\..., moz:shutdownTimeout: 60000, moz:useNonSpecCompliantPointerOrigin: false, moz:webdriverClick: true, moz:windowless: false, pageLoadStrategy: normal, platform: WINDOWS, platformName: WINDOWS, proxy: Proxy(), setWindowRect: true, strictFileInteractability: false, timeouts: {implicit: 0, pageLoad: 300000, script: 30000}, unhandledPromptBehavior: dismiss and notify}
Session ID: e3237e1a-7f78-40c4-919c-327991369a3f">
      <![CDATA[org.openqa.selenium.NoSuchSessionException: Tried to run command without establishing a connection
Build info: version: '3.141.59', revision: 'e82be7d358', time: '2018-11-14T08:17:03'
System info: host: 'DELL-RND', ip: '192.168.1.18', os.name: 'Windows 10', os.arch: 'amd64', os.version: '10.0', java.version: '17.0.3'
Driver info: org.openqa.selenium.firefox.FirefoxDriver
Capabilities {acceptInsecureCerts: true, browserName: firefox, browserVersion: 110.0.1, javascriptEnabled: true, moz:accessibilityChecks: false, moz:buildID: 20230227191043, moz:geckodriverVersion: 0.31.0, moz:headless: false, moz:platformVersion: 10.0, moz:processID: 17320, moz:profile: C:\Users\RnD\AppData\Local\..., moz:shutdownTimeout: 60000, moz:useNonSpecCompliantPointerOrigin: false, moz:webdriverClick: true, moz:windowless: false, pageLoadStrategy: normal, platform: WINDOWS, platformName: WINDOWS, proxy: Proxy(), setWindowRect: true, strictFileInteractability: false, timeouts: {implicit: 0, pageLoad: 300000, script: 30000}, unhandledPromptBehavior: dismiss and notify}
Session ID: e3237e1a-7f78-40c4-919c-327991369a3f
at org.openqa.selenium.remote.http.W3CHttpResponseCodec.createException(W3CHttpResponseCodec.java:187)
at org.openqa.selenium.remote.http.W3CHttpResponseCodec.decode(W3CHttpResponseCodec.java:122)
at org.openqa.selenium.remote.http.W3CHttpResponseCodec.decode(W3CHttpResponseCodec.java:49)
at org.openqa.selenium.remote.HttpCommandExecutor.execute(HttpCommandExecutor.java:158)
at org.openqa.selenium.remote.service.DriverCommandExecutor.execute(DriverCommandExecutor.java:83)
at org.openqa.selenium.remote.RemoteWebDriver.execute(RemoteWebDriver.java:552)
at org.openqa.selenium.remote.RemoteWebDriver.execute(RemoteWebDriver.java:609)
at org.openqa.selenium.remote.RemoteWebDriver.getScreenshotAs(RemoteWebDriver.java:295)
at Com.Utility.Excelsheel_sheet.getScreenshot(Excelsheel_sheet.java:40)
at Com.Test.DonateTest.ss(DonateTest.java:132)
at java.base/java.util.ArrayList.forEach(ArrayList.java:1511)
... Removed 37 stack frames]]>
    </failure>
  </testcase> <!-- @AfterMethod ss -->
  <testcase classname="Com.Test.DonateTest" name="@BeforeMethod hittheURL" time="-1.678529227666E9">
    <skipped/>
  </testcase> <!-- @BeforeMethod hittheURL -->
  <testcase classname="Com.Test.DonateTest" name="@AfterMethod ss" time="-1.678529227673E9">
    <skipped/>
  </testcase> <!-- @AfterMethod ss -->
  <testcase classname="Com.Test.DonateTest" name="@BeforeMethod hittheURL" time="-1.678529227675E9">
    <skipped/>
  </testcase> <!-- @BeforeMethod hittheURL -->
  <testcase classname="Com.Test.DonateTest" name="@AfterMethod ss" time="-1.678529227684E9">
    <skipped/>
  </testcase> <!-- @AfterMethod ss -->
  <testcase classname="Com.Test.DonateTest" name="@BeforeMethod hittheURL" time="-1.678529227686E9">
    <skipped/>
  </testcase> <!-- @BeforeMethod hittheURL -->
  <testcase classname="Com.Test.DonateTest" name="@AfterMethod ss" time="-1.678529227692E9">
    <skipped/>
  </testcase> <!-- @AfterMethod ss -->
  <testcase classname="Com.Test.DonateTest" name="@AfterClass closeBrowser" time="-1.678529227694E9">
    <skipped/>
  </testcase> <!-- @AfterClass closeBrowser -->
  <testcase classname="Com.Test.EventTest" name="@BeforeClass launchthebrowser" time="5.27">
    <failure type="org.openqa.selenium.WebDriverException" message="Failed to decode response from marionette
Build info: version: &amp;apos;3.141.59&amp;apos;, revision: &amp;apos;e82be7d358&amp;apos;, time: &amp;apos;2018-11-14T08:17:03&amp;apos;
System info: host: &amp;apos;DELL-RND&amp;apos;, ip: &amp;apos;192.168.1.18&amp;apos;, os.name: &amp;apos;Windows 10&amp;apos;, os.arch: &amp;apos;amd64&amp;apos;, os.version: &amp;apos;10.0&amp;apos;, java.version: &amp;apos;17.0.3&amp;apos;
Driver info: driver.version: FirefoxDriver
remote stacktrace: ">
      <![CDATA[org.openqa.selenium.WebDriverException: Failed to decode response from marionette
Build info: version: '3.141.59', revision: 'e82be7d358', time: '2018-11-14T08:17:03'
System info: host: 'DELL-RND', ip: '192.168.1.18', os.name: 'Windows 10', os.arch: 'amd64', os.version: '10.0', java.version: '17.0.3'
Driver info: driver.version: FirefoxDriver
remote stacktrace: 
at org.openqa.selenium.remote.W3CHandshakeResponse.lambda$errorHandler$0(W3CHandshakeResponse.java:62)
at org.openqa.selenium.remote.HandshakeResponse.lambda$getResponseFunction$0(HandshakeResponse.java:30)
at org.openqa.selenium.remote.ProtocolHandshake.lambda$createSession$0(ProtocolHandshake.java:126)
at java.base/java.util.stream.ReferencePipeline$3$1.accept(ReferencePipeline.java:197)
at java.base/java.util.Spliterators$ArraySpliterator.tryAdvance(Spliterators.java:1002)
at java.base/java.util.stream.ReferencePipeline.forEachWithCancel(ReferencePipeline.java:129)
at java.base/java.util.stream.AbstractPipeline.copyIntoWithCancel(AbstractPipeline.java:527)
at java.base/java.util.stream.AbstractPipeline.copyInto(AbstractPipeline.java:513)
at java.base/java.util.stream.AbstractPipeline.wrapAndCopyInto(AbstractPipeline.java:499)
at java.base/java.util.stream.FindOps$FindOp.evaluateSequential(FindOps.java:150)
at java.base/java.util.stream.AbstractPipeline.evaluate(AbstractPipeline.java:234)
at java.base/java.util.stream.ReferencePipeline.findFirst(ReferencePipeline.java:647)
at org.openqa.selenium.remote.ProtocolHandshake.createSession(ProtocolHandshake.java:128)
at org.openqa.selenium.remote.ProtocolHandshake.createSession(ProtocolHandshake.java:74)
at org.openqa.selenium.remote.HttpCommandExecutor.execute(HttpCommandExecutor.java:136)
at org.openqa.selenium.remote.service.DriverCommandExecutor.execute(DriverCommandExecutor.java:83)
at org.openqa.selenium.remote.RemoteWebDriver.execute(RemoteWebDriver.java:552)
at org.openqa.selenium.remote.RemoteWebDriver.startSession(RemoteWebDriver.java:213)
at org.openqa.selenium.remote.RemoteWebDriver.<init>(RemoteWebDriver.java:131)
at org.openqa.selenium.firefox.FirefoxDriver.<init>(FirefoxDriver.java:147)
at org.openqa.selenium.firefox.FirefoxDriver.<init>(FirefoxDriver.java:125)
at Base.com.Base.OpenFireFoxBrowser(Base.java:21)
at Com.Test.EventTest.launchthebrowser(EventTest.java:28)
at java.base/java.util.ArrayList.forEach(ArrayList.java:1511)
... Removed 30 stack frames]]>
    </failure>
  </testcase> <!-- @BeforeClass launchthebrowser -->
  <testcase classname="Com.Test.EventTest" name="@BeforeMethod hittheURL" time="-1.678529232971E9">
    <skipped/>
  </testcase> <!-- @BeforeMethod hittheURL -->
  <testcase classname="Com.Test.EventTest" name="@BeforeMethod hittheURL" time="-1.67852923298E9">
    <skipped/>
  </testcase> <!-- @BeforeMethod hittheURL -->
  <testcase classname="Com.Test.EventTest" name="@AfterClass closeBrowser" time="-1.678529232985E9">
    <skipped/>
  </testcase> <!-- @AfterClass closeBrowser -->
  <testcase classname="Com.Test.About_UsTest" name="@BeforeClass launchthebrowser" time="7.454">
    <failure type="org.openqa.selenium.WebDriverException" message="Failed to decode response from marionette
Build info: version: &amp;apos;3.141.59&amp;apos;, revision: &amp;apos;e82be7d358&amp;apos;, time: &amp;apos;2018-11-14T08:17:03&amp;apos;
System info: host: &amp;apos;DELL-RND&amp;apos;, ip: &amp;apos;192.168.1.18&amp;apos;, os.name: &amp;apos;Windows 10&amp;apos;, os.arch: &amp;apos;amd64&amp;apos;, os.version: &amp;apos;10.0&amp;apos;, java.version: &amp;apos;17.0.3&amp;apos;
Driver info: driver.version: FirefoxDriver
remote stacktrace: ">
      <![CDATA[org.openqa.selenium.WebDriverException: Failed to decode response from marionette
Build info: version: '3.141.59', revision: 'e82be7d358', time: '2018-11-14T08:17:03'
System info: host: 'DELL-RND', ip: '192.168.1.18', os.name: 'Windows 10', os.arch: 'amd64', os.version: '10.0', java.version: '17.0.3'
Driver info: driver.version: FirefoxDriver
remote stacktrace: 
at org.openqa.selenium.remote.W3CHandshakeResponse.lambda$errorHandler$0(W3CHandshakeResponse.java:62)
at org.openqa.selenium.remote.HandshakeResponse.lambda$getResponseFunction$0(HandshakeResponse.java:30)
at org.openqa.selenium.remote.ProtocolHandshake.lambda$createSession$0(ProtocolHandshake.java:126)
at java.base/java.util.stream.ReferencePipeline$3$1.accept(ReferencePipeline.java:197)
at java.base/java.util.Spliterators$ArraySpliterator.tryAdvance(Spliterators.java:1002)
at java.base/java.util.stream.ReferencePipeline.forEachWithCancel(ReferencePipeline.java:129)
at java.base/java.util.stream.AbstractPipeline.copyIntoWithCancel(AbstractPipeline.java:527)
at java.base/java.util.stream.AbstractPipeline.copyInto(AbstractPipeline.java:513)
at java.base/java.util.stream.AbstractPipeline.wrapAndCopyInto(AbstractPipeline.java:499)
at java.base/java.util.stream.FindOps$FindOp.evaluateSequential(FindOps.java:150)
at java.base/java.util.stream.AbstractPipeline.evaluate(AbstractPipeline.java:234)
at java.base/java.util.stream.ReferencePipeline.findFirst(ReferencePipeline.java:647)
at org.openqa.selenium.remote.ProtocolHandshake.createSession(ProtocolHandshake.java:128)
at org.openqa.selenium.remote.ProtocolHandshake.createSession(ProtocolHandshake.java:74)
at org.openqa.selenium.remote.HttpCommandExecutor.execute(HttpCommandExecutor.java:136)
at org.openqa.selenium.remote.service.DriverCommandExecutor.execute(DriverCommandExecutor.java:83)
at org.openqa.selenium.remote.RemoteWebDriver.execute(RemoteWebDriver.java:552)
at org.openqa.selenium.remote.RemoteWebDriver.startSession(RemoteWebDriver.java:213)
at org.openqa.selenium.remote.RemoteWebDriver.<init>(RemoteWebDriver.java:131)
at org.openqa.selenium.firefox.FirefoxDriver.<init>(FirefoxDriver.java:147)
at org.openqa.selenium.firefox.FirefoxDriver.<init>(FirefoxDriver.java:125)
at Base.com.Base.OpenFireFoxBrowser(Base.java:21)
at Com.Test.About_UsTest.launchthebrowser(About_UsTest.java:27)
at java.base/java.util.ArrayList.forEach(ArrayList.java:1511)
... Removed 30 stack frames]]>
    </failure>
  </testcase> <!-- @BeforeClass launchthebrowser -->
  <testcase classname="Com.Test.About_UsTest" name="@BeforeMethod hittheURL" time="-1.678529240443E9">
    <skipped/>
  </testcase> <!-- @BeforeMethod hittheURL -->
  <testcase classname="Com.Test.About_UsTest" name="@BeforeMethod hittheURL" time="-1.678529240448E9">
    <skipped/>
  </testcase> <!-- @BeforeMethod hittheURL -->
  <testcase classname="Com.Test.About_UsTest" name="@AfterClass closeBrowser" time="-1.678529240455E9">
    <skipped/>
  </testcase> <!-- @AfterClass closeBrowser -->
  <testcase classname="Com.Test.FooterTest" name="@BeforeClass launchbrowser" time="18.087">
    <failure type="org.openqa.selenium.WebDriverException" message="java.net.ConnectException: Failed to connect to localhost/[0:0:0:0:0:0:0:1]:16838
Build info: version: &amp;apos;3.141.59&amp;apos;, revision: &amp;apos;e82be7d358&amp;apos;, time: &amp;apos;2018-11-14T08:17:03&amp;apos;
System info: host: &amp;apos;DELL-RND&amp;apos;, ip: &amp;apos;192.168.1.18&amp;apos;, os.name: &amp;apos;Windows 10&amp;apos;, os.arch: &amp;apos;amd64&amp;apos;, os.version: &amp;apos;10.0&amp;apos;, java.version: &amp;apos;17.0.3&amp;apos;
Driver info: driver.version: RemoteWebDriver">
      <![CDATA[org.openqa.selenium.WebDriverException: java.net.ConnectException: Failed to connect to localhost/[0:0:0:0:0:0:0:1]:16838
Build info: version: '3.141.59', revision: 'e82be7d358', time: '2018-11-14T08:17:03'
System info: host: 'DELL-RND', ip: '192.168.1.18', os.name: 'Windows 10', os.arch: 'amd64', os.version: '10.0', java.version: '17.0.3'
Driver info: driver.version: RemoteWebDriver
at org.openqa.selenium.remote.service.DriverCommandExecutor.execute(DriverCommandExecutor.java:92)
at org.openqa.selenium.remote.RemoteWebDriver.execute(RemoteWebDriver.java:552)
at org.openqa.selenium.remote.RemoteWebDriver.get(RemoteWebDriver.java:277)
at Com.Test.FooterTest.launchbrowser(FooterTest.java:21)
at java.base/java.util.ArrayList.forEach(ArrayList.java:1511)
Caused by: java.net.ConnectException: Failed to connect to localhost/[0:0:0:0:0:0:0:1]:16838
at okhttp3.internal.connection.RealConnection.connectSocket(RealConnection.java:247)
at okhttp3.internal.connection.RealConnection.connect(RealConnection.java:165)
at okhttp3.internal.connection.StreamAllocation.findConnection(StreamAllocation.java:257)
at okhttp3.internal.connection.StreamAllocation.findHealthyConnection(StreamAllocation.java:135)
at okhttp3.internal.connection.StreamAllocation.newStream(StreamAllocation.java:114)
at okhttp3.internal.connection.ConnectInterceptor.intercept(ConnectInterceptor.java:42)
at okhttp3.internal.http.RealInterceptorChain.proceed(RealInterceptorChain.java:147)
at okhttp3.internal.http.RealInterceptorChain.proceed(RealInterceptorChain.java:121)
at okhttp3.internal.cache.CacheInterceptor.intercept(CacheInterceptor.java:93)
at okhttp3.internal.http.RealInterceptorChain.proceed(RealInterceptorChain.java:147)
at okhttp3.internal.http.RealInterceptorChain.proceed(RealInterceptorChain.java:121)
at okhttp3.internal.http.BridgeInterceptor.intercept(BridgeInterceptor.java:93)
at okhttp3.internal.http.RealInterceptorChain.proceed(RealInterceptorChain.java:147)
at okhttp3.internal.http.RetryAndFollowUpInterceptor.intercept(RetryAndFollowUpInterceptor.java:126)
at okhttp3.internal.http.RealInterceptorChain.proceed(RealInterceptorChain.java:147)
at okhttp3.internal.http.RealInterceptorChain.proceed(RealInterceptorChain.java:121)
at okhttp3.RealCall.getResponseWithInterceptorChain(RealCall.java:200)
at okhttp3.RealCall.execute(RealCall.java:77)
at org.openqa.selenium.remote.internal.OkHttpClient.execute(OkHttpClient.java:103)
at org.openqa.selenium.remote.HttpCommandExecutor.execute(HttpCommandExecutor.java:155)
at org.openqa.selenium.remote.service.DriverCommandExecutor.execute(DriverCommandExecutor.java:83)
... 29 more
Caused by: java.net.ConnectException: Connection refused: no further information
at java.base/sun.nio.ch.Net.pollConnect(Native Method)
at java.base/sun.nio.ch.Net.pollConnectNow(Net.java:672)
at java.base/sun.nio.ch.NioSocketImpl.timedFinishConnect(NioSocketImpl.java:542)
at java.base/sun.nio.ch.NioSocketImpl.connect(NioSocketImpl.java:597)
at java.base/java.net.SocksSocketImpl.connect(SocksSocketImpl.java:327)
at java.base/java.net.Socket.connect(Socket.java:633)
at okhttp3.internal.platform.Platform.connectSocket(Platform.java:129)
at okhttp3.internal.connection.RealConnection.connectSocket(RealConnection.java:245)
... 49 more
... Removed 25 stack frames]]>
    </failure>
  </testcase> <!-- @BeforeClass launchbrowser -->
  <testcase classname="Com.Test.BaseTest" name="@BeforeMethod hittheURL" time="-1.678529265301E9">
    <skipped/>
  </testcase> <!-- @BeforeMethod hittheURL -->
  <testcase classname="Com.Test.BaseTest" name="@BeforeMethod hittheURL" time="-1.678529265306E9">
    <skipped/>
  </testcase> <!-- @BeforeMethod hittheURL -->
  <testcase classname="Com.Test.BaseTest" name="@BeforeMethod hittheURL" time="-1.678529265312E9">
    <skipped/>
  </testcase> <!-- @BeforeMethod hittheURL -->
  <testcase classname="Com.Test.BaseTest" name="@BeforeMethod hittheURL" time="-1.678529265318E9">
    <skipped/>
  </testcase> <!-- @BeforeMethod hittheURL -->
  <testcase classname="Com.Test.BaseTest" name="@BeforeMethod hittheURL" time="-1.678529265322E9">
    <skipped/>
  </testcase> <!-- @BeforeMethod hittheURL -->
  <testcase classname="Com.Test.BaseTest" name="@BeforeMethod hittheURL" time="-1.67852926533E9">
    <skipped/>
  </testcase> <!-- @BeforeMethod hittheURL -->
  <testcase classname="Com.Test.BaseTest" name="@BeforeMethod hittheURL" time="-1.678529265335E9">
    <skipped/>
  </testcase> <!-- @BeforeMethod hittheURL -->
  <testcase classname="Com.Test.BaseTest" name="@BeforeMethod hittheURL" time="-1.678529265342E9">
    <skipped/>
  </testcase> <!-- @BeforeMethod hittheURL -->
  <testcase classname="Com.Test.BaseTest" name="@BeforeMethod hittheURL" time="-1.678529265359E9">
    <skipped/>
  </testcase> <!-- @BeforeMethod hittheURL -->
  <testcase classname="Com.Test.BaseTest" name="@BeforeMethod hittheURL" time="-1.67852926537E9">
    <skipped/>
  </testcase> <!-- @BeforeMethod hittheURL -->
  <testcase classname="Com.Test.BaseTest" name="@BeforeMethod hittheURL" time="-1.67852926539E9">
    <skipped/>
  </testcase> <!-- @BeforeMethod hittheURL -->
  <testcase classname="Com.Test.BaseTest" name="@BeforeMethod hittheURL" time="-1.678529265395E9">
    <skipped/>
  </testcase> <!-- @BeforeMethod hittheURL -->
  <testcase classname="Com.Test.BaseTest" name="@BeforeMethod hittheURL" time="-1.678529265411E9">
    <skipped/>
  </testcase> <!-- @BeforeMethod hittheURL -->
  <testcase classname="Com.Test.FooterTest" name="@AfterClass closeBrowser" time="-1.678529265431E9">
    <skipped/>
  </testcase> <!-- @AfterClass closeBrowser -->
  <testcase classname="Com.Test.HomeTest" name="currentURL" time="0.054"/>
  <testcase classname="Com.Test.GalaryTest$HomeTest" name="currentURL" time="0.043"/>
  <testcase classname="Com.Test.HomeTest" name="titleTest" time="0.019"/>
  <testcase classname="Com.Test.GalaryTest$HomeTest" name="titleTest" time="0.016"/>
  <testcase classname="Com.Test.GalaryTest$HomeTest" name="GALLERY_OpenEventGallary" time="6.481"/>
  <testcase classname="Com.Test.HomeTest" name="testHomeLink" time="0.007"/>
  <testcase classname="Com.Test.GalaryTest$HomeTest" name="GALLERY_OpenVideoGallary" time="6.383"/>
  <testcase classname="Com.Test.HomeTest" name="testCheckVideoSection" time="0.006"/>
  <testcase classname="Com.Test.GalaryTest$HomeTest" name="GALLERY_OpenVIPGallary" time="0.0">
    <skipped/>
  </testcase> <!-- GALLERY_OpenVIPGallary -->
  <testcase classname="Com.Test.HomeTest" name="testCheckVipSection" time="0.0">
    <skipped/>
  </testcase> <!-- testCheckVipSection -->
  <testcase classname="Com.Test.HomeTest" name="testCheckEventImages" time="0.0">
    <skipped/>
  </testcase> <!-- testCheckEventImages -->
  <testcase classname="Com.Test.HomeTest" name="testCheckTestimonials" time="0.0">
    <skipped/>
  </testcase> <!-- testCheckTestimonials -->
  <testcase classname="Com.Test.LoginTest" name="VerifyLogInPage" time="0.0">
    <skipped/>
  </testcase> <!-- VerifyLogInPage -->
  <testcase classname="Com.Test.LoginTest" name="currentURL" time="0.0">
    <skipped/>
  </testcase> <!-- currentURL -->
  <testcase classname="Com.Test.LoginTest" name="titleTest" time="0.0">
    <skipped/>
  </testcase> <!-- titleTest -->
  <testcase classname="Com.Test.ContactUsTest" name="currentURL" time="0.0">
    <skipped/>
  </testcase> <!-- currentURL -->
  <testcase classname="Com.Test.ContactUsTest" name="Contact_Us" time="0.0">
    <skipped/>
  </testcase> <!-- Contact_Us -->
  <testcase classname="Com.Test.DonateTest" name="ClickDonateRandomAmount" time="6.2"/>
  <testcase classname="Com.Test.DonateTest" name="currentURL" time="0.01"/>
  <testcase classname="Com.Test.DonateTest" name="ClickDonate2kAmount" time="5.295">
    <failure type="org.openqa.selenium.WebDriverException" message="Failed to decode response from marionette
Build info: version: &amp;apos;3.141.59&amp;apos;, revision: &amp;apos;e82be7d358&amp;apos;, time: &amp;apos;2018-11-14T08:17:03&amp;apos;
System info: host: &amp;apos;DELL-RND&amp;apos;, ip: &amp;apos;192.168.1.18&amp;apos;, os.name: &amp;apos;Windows 10&amp;apos;, os.arch: &amp;apos;amd64&amp;apos;, os.version: &amp;apos;10.0&amp;apos;, java.version: &amp;apos;17.0.3&amp;apos;
Driver info: org.openqa.selenium.firefox.FirefoxDriver
Capabilities {acceptInsecureCerts: true, browserName: firefox, browserVersion: 110.0.1, javascriptEnabled: true, moz:accessibilityChecks: false, moz:buildID: 20230227191043, moz:geckodriverVersion: 0.31.0, moz:headless: false, moz:platformVersion: 10.0, moz:processID: 17320, moz:profile: C:\Users\RnD\AppData\Local\..., moz:shutdownTimeout: 60000, moz:useNonSpecCompliantPointerOrigin: false, moz:webdriverClick: true, moz:windowless: false, pageLoadStrategy: normal, platform: WINDOWS, platformName: WINDOWS, proxy: Proxy(), setWindowRect: true, strictFileInteractability: false, timeouts: {implicit: 0, pageLoad: 300000, script: 30000}, unhandledPromptBehavior: dismiss and notify}
Session ID: e3237e1a-7f78-40c4-919c-327991369a3f
*** Element info: {Using=xpath, value=//input[@name=&amp;apos;TransactionID&amp;apos;]}">
      <![CDATA[org.openqa.selenium.WebDriverException: Failed to decode response from marionette
Build info: version: '3.141.59', revision: 'e82be7d358', time: '2018-11-14T08:17:03'
System info: host: 'DELL-RND', ip: '192.168.1.18', os.name: 'Windows 10', os.arch: 'amd64', os.version: '10.0', java.version: '17.0.3'
Driver info: org.openqa.selenium.firefox.FirefoxDriver
Capabilities {acceptInsecureCerts: true, browserName: firefox, browserVersion: 110.0.1, javascriptEnabled: true, moz:accessibilityChecks: false, moz:buildID: 20230227191043, moz:geckodriverVersion: 0.31.0, moz:headless: false, moz:platformVersion: 10.0, moz:processID: 17320, moz:profile: C:\Users\RnD\AppData\Local\..., moz:shutdownTimeout: 60000, moz:useNonSpecCompliantPointerOrigin: false, moz:webdriverClick: true, moz:windowless: false, pageLoadStrategy: normal, platform: WINDOWS, platformName: WINDOWS, proxy: Proxy(), setWindowRect: true, strictFileInteractability: false, timeouts: {implicit: 0, pageLoad: 300000, script: 30000}, unhandledPromptBehavior: dismiss and notify}
Session ID: e3237e1a-7f78-40c4-919c-327991369a3f
*** Element info: {Using=xpath, value=//input[@name='TransactionID']}
at org.openqa.selenium.remote.http.W3CHttpResponseCodec.createException(W3CHttpResponseCodec.java:187)
at org.openqa.selenium.remote.http.W3CHttpResponseCodec.decode(W3CHttpResponseCodec.java:122)
at org.openqa.selenium.remote.http.W3CHttpResponseCodec.decode(W3CHttpResponseCodec.java:49)
at org.openqa.selenium.remote.HttpCommandExecutor.execute(HttpCommandExecutor.java:158)
at org.openqa.selenium.remote.service.DriverCommandExecutor.execute(DriverCommandExecutor.java:83)
at org.openqa.selenium.remote.RemoteWebDriver.execute(RemoteWebDriver.java:552)
at org.openqa.selenium.remote.RemoteWebDriver.findElement(RemoteWebDriver.java:323)
at org.openqa.selenium.remote.RemoteWebDriver.findElementByXPath(RemoteWebDriver.java:428)
at org.openqa.selenium.By$ByXPath.findElement(By.java:353)
at org.openqa.selenium.remote.RemoteWebDriver.findElement(RemoteWebDriver.java:315)
at org.openqa.selenium.support.pagefactory.DefaultElementLocator.findElement(DefaultElementLocator.java:69)
at org.openqa.selenium.support.pagefactory.internal.LocatingElementHandler.invoke(LocatingElementHandler.java:38)
at jdk.proxy2/jdk.proxy2.$Proxy17.sendKeys(Unknown Source)
at Com.Pom.Donate.clickOnUPI_Txn_ID(Donate.java:119)
at Com.Test.DonateTest.uploadTransactionDetails(DonateTest.java:77)
at Com.Test.DonateTest.ClickDonate2kAmount(DonateTest.java:98)
at java.base/java.util.ArrayList.forEach(ArrayList.java:1511)
... Removed 32 stack frames]]>
    </failure>
  </testcase> <!-- ClickDonate2kAmount -->
  <testcase classname="Com.Test.DonateTest" name="ClickDonate5kAmount" time="0.0">
    <skipped/>
  </testcase> <!-- ClickDonate5kAmount -->
  <testcase classname="Com.Test.DonateTest" name="ClickDonate10kAmount" time="0.0">
    <skipped/>
  </testcase> <!-- ClickDonate10kAmount -->
  <testcase classname="Com.Test.DonateTest" name="ClickDonate20kAmount" time="0.0">
    <skipped/>
  </testcase> <!-- ClickDonate20kAmount -->
  <testcase classname="Com.Test.EventTest" name="currentURL" time="0.0">
    <skipped/>
  </testcase> <!-- currentURL -->
  <testcase classname="Com.Test.EventTest" name="Event" time="0.0">
    <skipped/>
  </testcase> <!-- Event -->
  <testcase classname="Com.Test.About_UsTest" name="currentURL" time="0.0">
    <skipped/>
  </testcase> <!-- currentURL -->
  <testcase classname="Com.Test.About_UsTest" name="testFounderImageDisplay" time="0.0">
    <skipped/>
  </testcase> <!-- testFounderImageDisplay -->
  <testcase classname="Com.Test.FooterTest" name="navigate" time="0.0">
    <skipped/>
  </testcase> <!-- navigate -->
  <testcase classname="Com.Test.FooterTest" name="navigate1" time="0.0">
    <skipped/>
  </testcase> <!-- navigate1 -->
  <testcase classname="Com.Test.FooterTest" name="navigate2" time="0.0">
    <skipped/>
  </testcase> <!-- navigate2 -->
  <testcase classname="Com.Test.FooterTest" name="navigate3" time="0.0">
    <skipped/>
  </testcase> <!-- navigate3 -->
  <testcase classname="Com.Test.FooterTest" name="testAboutUs" time="0.0">
    <skipped/>
  </testcase> <!-- testAboutUs -->
  <testcase classname="Com.Test.FooterTest" name="testEvents" time="0.0">
    <skipped/>
  </testcase> <!-- testEvents -->
  <testcase classname="Com.Test.FooterTest" name="testTestimonials" time="0.0">
    <skipped/>
  </testcase> <!-- testTestimonials -->
  <testcase classname="Com.Test.FooterTest" name="testGallary" time="0.0">
    <skipped/>
  </testcase> <!-- testGallary -->
  <testcase classname="Com.Test.FooterTest" name="testHelpCenter" time="0.0">
    <skipped/>
  </testcase> <!-- testHelpCenter -->
  <testcase classname="Com.Test.FooterTest" name="testOffice_Address" time="0.0">
    <skipped/>
  </testcase> <!-- testOffice_Address -->
  <testcase classname="Com.Test.FooterTest" name="testBecome_a_Partner" time="0.0">
    <skipped/>
  </testcase> <!-- testBecome_a_Partner -->
  <testcase classname="Com.Test.FooterTest" name="testDonation" time="0.0">
    <skipped/>
  </testcase> <!-- testDonation -->
  <testcase classname="Com.Test.FooterTest" name="testFeedback" time="0.0">
    <skipped/>
  </testcase> <!-- testFeedback -->
</testsuite> <!-- Test -->
